[ 2018-05-24T14:13:54+08:00 ] ::1 /index.php/Student.html
INFO: [ app_init ] --START--
INFO: Run Behavior\BuildLiteBehavior [ RunTime:0.000009s ]
INFO: [ app_init ] --END-- [ RunTime:0.000237s ]
INFO: [ app_begin ] --START--
INFO: Run Behavior\ReadHtmlCacheBehavior [ RunTime:0.000513s ]
INFO: [ app_begin ] --END-- [ RunTime:0.000560s ]
INFO: [ view_parse ] --START--
INFO: [ template_filter ] --START--
INFO: Run Behavior\ContentReplaceBehavior [ RunTime:0.000068s ]
INFO: [ template_filter ] --END-- [ RunTime:0.000107s ]
INFO: Run Behavior\ParseTemplateBehavior [ RunTime:0.007192s ]
INFO: [ view_parse ] --END-- [ RunTime:0.007230s ]
INFO: [ view_filter ] --START--
INFO: Run Behavior\WriteHtmlCacheBehavior [ RunTime:0.000139s ]
INFO: [ view_filter ] --END-- [ RunTime:0.000160s ]
INFO: [ app_end ] --START--
INFO: Run Behavior\ShowPageTraceBehavior [ RunTime:0.000466s ]
INFO: [ app_end ] --END-- [ RunTime:0.000494s ]

[ 2018-05-24T14:14:38+08:00 ] ::1 /index.php/Student/Select
INFO: [ app_init ] --START--
INFO: Run Behavior\BuildLiteBehavior [ RunTime:0.000023s ]
INFO: [ app_init ] --END-- [ RunTime:0.000995s ]
INFO: [ app_begin ] --START--
INFO: Run Behavior\ReadHtmlCacheBehavior [ RunTime:0.000886s ]
INFO: [ app_begin ] --END-- [ RunTime:0.000929s ]
SQL: SHOW COLUMNS FROM `select_course` [ RunTime:0.0314s ]
SQL: SELECT COUNT(*) AS tp_count FROM `select_course` WHERE ( xh = 15121101 and xq = '2013-2014 秋季' ) LIMIT 1   [ RunTime:0.0119s ]
SQL: SELECT select_course.kh,course.km,teacher.xm,select_course.gh,open_course.sksj,course.xf FROM `select_course` INNER JOIN course on select_course.kh = course.kh INNER JOIN teacher on select_course.gh = teacher.gh INNER JOIN open_course on select_course.kh = open_course.kh and open_course.xq = select_course.xq  WHERE ( select_course.xh = 15121101 and select_course.xq = '2013-2014 秋季' ) LIMIT 0,10   [ RunTime:0.0019s ]
INFO: [ view_parse ] --START--
INFO: [ template_filter ] --START--
INFO: Run Behavior\ContentReplaceBehavior [ RunTime:0.000071s ]
INFO: [ template_filter ] --END-- [ RunTime:0.000122s ]
INFO: Run Behavior\ParseTemplateBehavior [ RunTime:0.015521s ]
INFO: [ view_parse ] --END-- [ RunTime:0.015566s ]
INFO: [ view_filter ] --START--
INFO: Run Behavior\WriteHtmlCacheBehavior [ RunTime:0.000637s ]
INFO: [ view_filter ] --END-- [ RunTime:0.000681s ]
INFO: [ app_end ] --START--
INFO: Run Behavior\ShowPageTraceBehavior [ RunTime:0.001290s ]
INFO: [ app_end ] --END-- [ RunTime:0.001354s ]

[ 2018-05-24T14:16:12+08:00 ] ::1 /index.php/Student/Search
INFO: [ app_init ] --START--
INFO: Run Behavior\BuildLiteBehavior [ RunTime:0.000020s ]
INFO: [ app_init ] --END-- [ RunTime:0.000318s ]
INFO: [ app_begin ] --START--
INFO: Run Behavior\ReadHtmlCacheBehavior [ RunTime:0.000412s ]
INFO: [ app_begin ] --END-- [ RunTime:0.000440s ]
INFO: [ view_parse ] --START--
INFO: [ template_filter ] --START--
INFO: Run Behavior\ContentReplaceBehavior [ RunTime:0.000067s ]
INFO: [ template_filter ] --END-- [ RunTime:0.000099s ]
NOTIC: [8] Undefined variable: count /Users/fyc/Documents/CODING/DB/Wechat_Course-master/Application/Runtime/Cache/Student/cc27c3fa40c93f8eb943a0afcacece2a.php 第 208 行.
NOTIC: [8] Undefined variable: list /Users/fyc/Documents/CODING/DB/Wechat_Course-master/Application/Runtime/Cache/Student/cc27c3fa40c93f8eb943a0afcacece2a.php 第 235 行.
NOTIC: [8] Undefined variable: page /Users/fyc/Documents/CODING/DB/Wechat_Course-master/Application/Runtime/Cache/Student/cc27c3fa40c93f8eb943a0afcacece2a.php 第 246 行.
INFO: Run Behavior\ParseTemplateBehavior [ RunTime:0.008615s ]
INFO: [ view_parse ] --END-- [ RunTime:0.008656s ]
INFO: [ view_filter ] --START--
INFO: Run Behavior\WriteHtmlCacheBehavior [ RunTime:0.000243s ]
INFO: [ view_filter ] --END-- [ RunTime:0.000276s ]
INFO: [ app_end ] --START--
INFO: Run Behavior\ShowPageTraceBehavior [ RunTime:0.001021s ]
INFO: [ app_end ] --END-- [ RunTime:0.001090s ]

[ 2018-05-24T14:16:14+08:00 ] ::1 /index.php/Student/Score
INFO: [ app_init ] --START--
INFO: Run Behavior\BuildLiteBehavior [ RunTime:0.000024s ]
INFO: [ app_init ] --END-- [ RunTime:0.000374s ]
INFO: [ app_begin ] --START--
INFO: Run Behavior\ReadHtmlCacheBehavior [ RunTime:0.000413s ]
INFO: [ app_begin ] --END-- [ RunTime:0.000455s ]
INFO: [ view_parse ] --START--
INFO: [ template_filter ] --START--
INFO: Run Behavior\ContentReplaceBehavior [ RunTime:0.000054s ]
INFO: [ template_filter ] --END-- [ RunTime:0.000095s ]
NOTIC: [8] Undefined variable: count /Users/fyc/Documents/CODING/DB/Wechat_Course-master/Application/Runtime/Cache/Student/887017c4557ae6ddc5636a988d793cc3.php 第 155 行.
NOTIC: [8] Undefined variable: list /Users/fyc/Documents/CODING/DB/Wechat_Course-master/Application/Runtime/Cache/Student/887017c4557ae6ddc5636a988d793cc3.php 第 184 行.
NOTIC: [8] Undefined variable: page /Users/fyc/Documents/CODING/DB/Wechat_Course-master/Application/Runtime/Cache/Student/887017c4557ae6ddc5636a988d793cc3.php 第 197 行.
INFO: Run Behavior\ParseTemplateBehavior [ RunTime:0.008101s ]
INFO: [ view_parse ] --END-- [ RunTime:0.008142s ]
INFO: [ view_filter ] --START--
INFO: Run Behavior\WriteHtmlCacheBehavior [ RunTime:0.000210s ]
INFO: [ view_filter ] --END-- [ RunTime:0.000243s ]
INFO: [ app_end ] --START--
INFO: Run Behavior\ShowPageTraceBehavior [ RunTime:0.000758s ]
INFO: [ app_end ] --END-- [ RunTime:0.000813s ]

[ 2018-05-24T14:16:16+08:00 ] ::1 /index.php/Student/Score/GetScore
INFO: [ app_init ] --START--
INFO: Run Behavior\BuildLiteBehavior [ RunTime:0.000012s ]
INFO: [ app_init ] --END-- [ RunTime:0.000283s ]
INFO: [ app_begin ] --START--
INFO: Run Behavior\ReadHtmlCacheBehavior [ RunTime:0.000374s ]
INFO: [ app_begin ] --END-- [ RunTime:0.000401s ]
SQL: SHOW COLUMNS FROM `select_course` [ RunTime:0.0006s ]
SQL: SELECT select_course.kh,course.km,teacher.xm,select_course.gh,course.xf,select_course.pscj,select_course.kscj,select_course.zpcj FROM `select_course` INNER JOIN course on select_course.kh = course.kh INNER JOIN teacher on select_course.gh = teacher.gh  WHERE select_course.xh = '15121101' AND select_course.xq = '2012-2013 春季'  [ RunTime:0.0008s ]
INFO: [ view_parse ] --START--
INFO: [ template_filter ] --START--
INFO: Run Behavior\ContentReplaceBehavior [ RunTime:0.000044s ]
INFO: [ template_filter ] --END-- [ RunTime:0.000070s ]
NOTIC: [8] Undefined variable: count /Users/fyc/Documents/CODING/DB/Wechat_Course-master/Application/Runtime/Cache/Student/887017c4557ae6ddc5636a988d793cc3.php 第 155 行.
NOTIC: [8] Undefined variable: page /Users/fyc/Documents/CODING/DB/Wechat_Course-master/Application/Runtime/Cache/Student/887017c4557ae6ddc5636a988d793cc3.php 第 197 行.
INFO: Run Behavior\ParseTemplateBehavior [ RunTime:0.004868s ]
INFO: [ view_parse ] --END-- [ RunTime:0.004892s ]
INFO: [ view_filter ] --START--
INFO: Run Behavior\WriteHtmlCacheBehavior [ RunTime:0.000111s ]
INFO: [ view_filter ] --END-- [ RunTime:0.000129s ]
INFO: [ app_end ] --START--
INFO: Run Behavior\ShowPageTraceBehavior [ RunTime:0.000571s ]
INFO: [ app_end ] --END-- [ RunTime:0.000606s ]

[ 2018-05-24T14:16:27+08:00 ] ::1 /index.php/Student/Score/GetScore
INFO: [ app_init ] --START--
INFO: Run Behavior\BuildLiteBehavior [ RunTime:0.000055s ]
INFO: [ app_init ] --END-- [ RunTime:0.000943s ]
INFO: [ app_begin ] --START--
INFO: Run Behavior\ReadHtmlCacheBehavior [ RunTime:0.000408s ]
INFO: [ app_begin ] --END-- [ RunTime:0.000439s ]
SQL: SHOW COLUMNS FROM `select_course` [ RunTime:0.0005s ]
SQL: SELECT select_course.kh,course.km,teacher.xm,select_course.gh,course.xf,select_course.pscj,select_course.kscj,select_course.zpcj FROM `select_course` INNER JOIN course on select_course.kh = course.kh INNER JOIN teacher on select_course.gh = teacher.gh  WHERE select_course.xh = '15121101' AND select_course.xq = '2013-2014 秋季'  [ RunTime:0.0012s ]
INFO: [ view_parse ] --START--
INFO: [ template_filter ] --START--
INFO: Run Behavior\ContentReplaceBehavior [ RunTime:0.000054s ]
INFO: [ template_filter ] --END-- [ RunTime:0.000087s ]
NOTIC: [8] Undefined variable: count /Users/fyc/Documents/CODING/DB/Wechat_Course-master/Application/Runtime/Cache/Student/887017c4557ae6ddc5636a988d793cc3.php 第 155 行.
NOTIC: [8] Undefined variable: page /Users/fyc/Documents/CODING/DB/Wechat_Course-master/Application/Runtime/Cache/Student/887017c4557ae6ddc5636a988d793cc3.php 第 197 行.
INFO: Run Behavior\ParseTemplateBehavior [ RunTime:0.008205s ]
INFO: [ view_parse ] --END-- [ RunTime:0.008234s ]
INFO: [ view_filter ] --START--
INFO: Run Behavior\WriteHtmlCacheBehavior [ RunTime:0.000128s ]
INFO: [ view_filter ] --END-- [ RunTime:0.000146s ]
INFO: [ app_end ] --START--
INFO: Run Behavior\ShowPageTraceBehavior [ RunTime:0.000501s ]
INFO: [ app_end ] --END-- [ RunTime:0.000535s ]

[ 2018-05-24T14:16:37+08:00 ] ::1 /index.php/Student/Score/GetScore
INFO: [ app_init ] --START--
INFO: Run Behavior\BuildLiteBehavior [ RunTime:0.000050s ]
INFO: [ app_init ] --END-- [ RunTime:0.000297s ]
INFO: [ app_begin ] --START--
INFO: Run Behavior\ReadHtmlCacheBehavior [ RunTime:0.000341s ]
INFO: [ app_begin ] --END-- [ RunTime:0.000365s ]
SQL: SHOW COLUMNS FROM `select_course` [ RunTime:0.0012s ]
SQL: SELECT select_course.kh,course.km,teacher.xm,select_course.gh,course.xf,select_course.pscj,select_course.kscj,select_course.zpcj FROM `select_course` INNER JOIN course on select_course.kh = course.kh INNER JOIN teacher on select_course.gh = teacher.gh  WHERE select_course.xh = '15121101' AND select_course.xq = '2012-2013 春季'  [ RunTime:0.0005s ]
INFO: [ view_parse ] --START--
INFO: [ template_filter ] --START--
INFO: Run Behavior\ContentReplaceBehavior [ RunTime:0.000050s ]
INFO: [ template_filter ] --END-- [ RunTime:0.000082s ]
NOTIC: [8] Undefined variable: count /Users/fyc/Documents/CODING/DB/Wechat_Course-master/Application/Runtime/Cache/Student/887017c4557ae6ddc5636a988d793cc3.php 第 155 行.
NOTIC: [8] Undefined variable: page /Users/fyc/Documents/CODING/DB/Wechat_Course-master/Application/Runtime/Cache/Student/887017c4557ae6ddc5636a988d793cc3.php 第 197 行.
INFO: Run Behavior\ParseTemplateBehavior [ RunTime:0.005936s ]
INFO: [ view_parse ] --END-- [ RunTime:0.005961s ]
INFO: [ view_filter ] --START--
INFO: Run Behavior\WriteHtmlCacheBehavior [ RunTime:0.000169s ]
INFO: [ view_filter ] --END-- [ RunTime:0.000200s ]
INFO: [ app_end ] --START--
INFO: Run Behavior\ShowPageTraceBehavior [ RunTime:0.001057s ]
INFO: [ app_end ] --END-- [ RunTime:0.001164s ]

[ 2018-05-24T14:16:38+08:00 ] ::1 /index.php/Student/Score/GetScore
INFO: [ app_init ] --START--
INFO: Run Behavior\BuildLiteBehavior [ RunTime:0.000009s ]
INFO: [ app_init ] --END-- [ RunTime:0.000241s ]
INFO: [ app_begin ] --START--
INFO: Run Behavior\ReadHtmlCacheBehavior [ RunTime:0.000327s ]
INFO: [ app_begin ] --END-- [ RunTime:0.000351s ]
SQL: SHOW COLUMNS FROM `select_course` [ RunTime:0.0021s ]
SQL: SELECT select_course.kh,course.km,teacher.xm,select_course.gh,course.xf,select_course.pscj,select_course.kscj,select_course.zpcj FROM `select_course` INNER JOIN course on select_course.kh = course.kh INNER JOIN teacher on select_course.gh = teacher.gh  WHERE select_course.xh = '15121101' AND select_course.xq = '2012-2013 春季'  [ RunTime:0.0023s ]
INFO: [ view_parse ] --START--
INFO: [ template_filter ] --START--
INFO: Run Behavior\ContentReplaceBehavior [ RunTime:0.000052s ]
INFO: [ template_filter ] --END-- [ RunTime:0.000089s ]
NOTIC: [8] Undefined variable: count /Users/fyc/Documents/CODING/DB/Wechat_Course-master/Application/Runtime/Cache/Student/887017c4557ae6ddc5636a988d793cc3.php 第 155 行.
NOTIC: [8] Undefined variable: page /Users/fyc/Documents/CODING/DB/Wechat_Course-master/Application/Runtime/Cache/Student/887017c4557ae6ddc5636a988d793cc3.php 第 197 行.
INFO: Run Behavior\ParseTemplateBehavior [ RunTime:0.005775s ]
INFO: [ view_parse ] --END-- [ RunTime:0.005820s ]
INFO: [ view_filter ] --START--
INFO: Run Behavior\WriteHtmlCacheBehavior [ RunTime:0.000136s ]
INFO: [ view_filter ] --END-- [ RunTime:0.000157s ]
INFO: [ app_end ] --START--
INFO: Run Behavior\ShowPageTraceBehavior [ RunTime:0.000721s ]
INFO: [ app_end ] --END-- [ RunTime:0.000770s ]

[ 2018-05-24T14:16:38+08:00 ] ::1 /index.php/Student/Select
INFO: [ app_init ] --START--
INFO: Run Behavior\BuildLiteBehavior [ RunTime:0.000010s ]
INFO: [ app_init ] --END-- [ RunTime:0.000258s ]
INFO: [ app_begin ] --START--
INFO: Run Behavior\ReadHtmlCacheBehavior [ RunTime:0.000337s ]
INFO: [ app_begin ] --END-- [ RunTime:0.000360s ]
SQL: SHOW COLUMNS FROM `select_course` [ RunTime:0.0030s ]
SQL: SELECT COUNT(*) AS tp_count FROM `select_course` WHERE ( xh = 15121101 and xq = '2013-2014 秋季' ) LIMIT 1   [ RunTime:0.0002s ]
SQL: SELECT select_course.kh,course.km,teacher.xm,select_course.gh,open_course.sksj,course.xf FROM `select_course` INNER JOIN course on select_course.kh = course.kh INNER JOIN teacher on select_course.gh = teacher.gh INNER JOIN open_course on select_course.kh = open_course.kh and open_course.xq = select_course.xq  WHERE ( select_course.xh = 15121101 and select_course.xq = '2013-2014 秋季' ) LIMIT 0,10   [ RunTime:0.0004s ]
INFO: [ view_parse ] --START--
INFO: [ template_filter ] --START--
INFO: Run Behavior\ContentReplaceBehavior [ RunTime:0.000052s ]
INFO: [ template_filter ] --END-- [ RunTime:0.000088s ]
INFO: Run Behavior\ParseTemplateBehavior [ RunTime:0.005596s ]
INFO: [ view_parse ] --END-- [ RunTime:0.005623s ]
INFO: [ view_filter ] --START--
INFO: Run Behavior\WriteHtmlCacheBehavior [ RunTime:0.000127s ]
INFO: [ view_filter ] --END-- [ RunTime:0.000146s ]
INFO: [ app_end ] --START--
INFO: Run Behavior\ShowPageTraceBehavior [ RunTime:0.000560s ]
INFO: [ app_end ] --END-- [ RunTime:0.000600s ]

[ 2018-05-24T14:22:14+08:00 ] ::1 /index.php/Student/Search
INFO: [ app_init ] --START--
INFO: Run Behavior\BuildLiteBehavior [ RunTime:0.000039s ]
INFO: [ app_init ] --END-- [ RunTime:0.001097s ]
INFO: [ app_begin ] --START--
INFO: Run Behavior\ReadHtmlCacheBehavior [ RunTime:0.000826s ]
INFO: [ app_begin ] --END-- [ RunTime:0.000867s ]
INFO: [ view_parse ] --START--
INFO: [ template_filter ] --START--
INFO: Run Behavior\ContentReplaceBehavior [ RunTime:0.000116s ]
INFO: [ template_filter ] --END-- [ RunTime:0.000178s ]
NOTIC: [8] Undefined variable: count /Users/fyc/Documents/CODING/DB/Wechat_Course-master/Application/Runtime/Cache/Student/cc27c3fa40c93f8eb943a0afcacece2a.php 第 208 行.
NOTIC: [8] Undefined variable: list /Users/fyc/Documents/CODING/DB/Wechat_Course-master/Application/Runtime/Cache/Student/cc27c3fa40c93f8eb943a0afcacece2a.php 第 235 行.
NOTIC: [8] Undefined variable: page /Users/fyc/Documents/CODING/DB/Wechat_Course-master/Application/Runtime/Cache/Student/cc27c3fa40c93f8eb943a0afcacece2a.php 第 246 行.
INFO: Run Behavior\ParseTemplateBehavior [ RunTime:0.010822s ]
INFO: [ view_parse ] --END-- [ RunTime:0.010860s ]
INFO: [ view_filter ] --START--
INFO: Run Behavior\WriteHtmlCacheBehavior [ RunTime:0.000706s ]
INFO: [ view_filter ] --END-- [ RunTime:0.000754s ]
INFO: [ app_end ] --START--
INFO: Run Behavior\ShowPageTraceBehavior [ RunTime:0.001620s ]
INFO: [ app_end ] --END-- [ RunTime:0.001716s ]

[ 2018-05-24T14:22:38+08:00 ] ::1 /index.php/Student/Search/SearchCourse
INFO: [ app_init ] --START--
INFO: Run Behavior\BuildLiteBehavior [ RunTime:0.000022s ]
INFO: [ app_init ] --END-- [ RunTime:0.000357s ]
INFO: [ app_begin ] --START--
INFO: Run Behavior\ReadHtmlCacheBehavior [ RunTime:0.000488s ]
INFO: [ app_begin ] --END-- [ RunTime:0.000517s ]
SQL: SHOW COLUMNS FROM `open_course` [ RunTime:0.0014s ]
SQL: SELECT COUNT(*) AS tp_count FROM `open_course` INNER JOIN course on open_course.kh = course.kh INNER JOIN teacher on open_course.gh = teacher.gh  WHERE open_course.xq = '2013-2014 秋季' AND open_course.sksj LIKE '一 5-6%' LIMIT 1   [ RunTime:0.0044s ]
SQL: SELECT open_course.kh,course.km,teacher.xm,teacher.gh,open_course.sksj,course.xf FROM `open_course` INNER JOIN course on open_course.kh = course.kh INNER JOIN teacher on open_course.gh = teacher.gh  WHERE open_course.xq = '2013-2014 秋季' AND open_course.sksj LIKE '一 5-6%' LIMIT 0,10   [ RunTime:0.0005s ]
INFO: [ view_parse ] --START--
INFO: [ template_filter ] --START--
INFO: Run Behavior\ContentReplaceBehavior [ RunTime:0.000075s ]
INFO: [ template_filter ] --END-- [ RunTime:0.000110s ]
INFO: Run Behavior\ParseTemplateBehavior [ RunTime:0.007099s ]
INFO: [ view_parse ] --END-- [ RunTime:0.007152s ]
INFO: [ view_filter ] --START--
INFO: Run Behavior\WriteHtmlCacheBehavior [ RunTime:0.000197s ]
INFO: [ view_filter ] --END-- [ RunTime:0.000226s ]
INFO: [ app_end ] --START--
INFO: Run Behavior\ShowPageTraceBehavior [ RunTime:0.000885s ]
INFO: [ app_end ] --END-- [ RunTime:0.000942s ]

[ 2018-05-24T14:22:50+08:00 ] ::1 /index.php/Student/Select
INFO: [ app_init ] --START--
INFO: Run Behavior\BuildLiteBehavior [ RunTime:0.000037s ]
INFO: [ app_init ] --END-- [ RunTime:0.000535s ]
INFO: [ app_begin ] --START--
INFO: Run Behavior\ReadHtmlCacheBehavior [ RunTime:0.000406s ]
INFO: [ app_begin ] --END-- [ RunTime:0.000433s ]
SQL: SHOW COLUMNS FROM `select_course` [ RunTime:0.0005s ]
SQL: SELECT COUNT(*) AS tp_count FROM `select_course` WHERE ( xh = 15121101 and xq = '2013-2014 秋季' ) LIMIT 1   [ RunTime:0.0002s ]
SQL: SELECT select_course.kh,course.km,teacher.xm,select_course.gh,open_course.sksj,course.xf FROM `select_course` INNER JOIN course on select_course.kh = course.kh INNER JOIN teacher on select_course.gh = teacher.gh INNER JOIN open_course on select_course.kh = open_course.kh and open_course.xq = select_course.xq  WHERE ( select_course.xh = 15121101 and select_course.xq = '2013-2014 秋季' ) LIMIT 0,10   [ RunTime:0.0005s ]
INFO: [ view_parse ] --START--
INFO: [ template_filter ] --START--
INFO: Run Behavior\ContentReplaceBehavior [ RunTime:0.000053s ]
INFO: [ template_filter ] --END-- [ RunTime:0.000083s ]
INFO: Run Behavior\ParseTemplateBehavior [ RunTime:0.005779s ]
INFO: [ view_parse ] --END-- [ RunTime:0.005805s ]
INFO: [ view_filter ] --START--
INFO: Run Behavior\WriteHtmlCacheBehavior [ RunTime:0.000111s ]
INFO: [ view_filter ] --END-- [ RunTime:0.000129s ]
INFO: [ app_end ] --START--
INFO: Run Behavior\ShowPageTraceBehavior [ RunTime:0.000495s ]
INFO: [ app_end ] --END-- [ RunTime:0.000527s ]

[ 2018-05-24T14:23:00+08:00 ] ::1 /index.php/Student/Select/SelectCourse
INFO: [ app_init ] --START--
INFO: Run Behavior\BuildLiteBehavior [ RunTime:0.000010s ]
INFO: [ app_init ] --END-- [ RunTime:0.000246s ]
INFO: [ app_begin ] --START--
INFO: Run Behavior\ReadHtmlCacheBehavior [ RunTime:0.000327s ]
INFO: [ app_begin ] --END-- [ RunTime:0.000351s ]
SQL: SHOW COLUMNS FROM `select_course` [ RunTime:0.0005s ]
SQL: SHOW COLUMNS FROM `open_course` [ RunTime:0.0004s ]
SQL: SELECT * FROM `select_course` WHERE ( xh = 15121101 and kh = 08305001 and gh = 0102 and xq = '2013-2014 秋季' ) LIMIT 1   [ RunTime:0.0015s ]
SQL: SELECT * FROM `open_course` WHERE ( kh = 08305001 and gh = 0102 and xq = '2013-2014 秋季' ) LIMIT 1   [ RunTime:0.0004s ]
SQL: INSERT INTO `select_course` (`xh`,`kh`,`gh`,`xq`) VALUES ('15121101','08305001','0102','2013-2014 秋季') [ RunTime:0.0132s ]
INFO: [ view_parse ] --START--
INFO: [ template_filter ] --START--
INFO: Run Behavior\ContentReplaceBehavior [ RunTime:0.000036s ]
INFO: [ template_filter ] --END-- [ RunTime:0.000070s ]
INFO: Run Behavior\ParseTemplateBehavior [ RunTime:0.004888s ]
INFO: [ view_parse ] --END-- [ RunTime:0.004925s ]
INFO: [ view_filter ] --START--
INFO: Run Behavior\WriteHtmlCacheBehavior [ RunTime:0.000137s ]
INFO: [ view_filter ] --END-- [ RunTime:0.000157s ]
INFO: [ app_end ] --START--
INFO: Run Behavior\ShowPageTraceBehavior [ RunTime:0.000460s ]
INFO: [ app_end ] --END-- [ RunTime:0.000483s ]

[ 2018-05-24T14:23:01+08:00 ] ::1 /index.php/Student/Select
INFO: [ app_init ] --START--
INFO: Run Behavior\BuildLiteBehavior [ RunTime:0.000010s ]
INFO: [ app_init ] --END-- [ RunTime:0.000246s ]
INFO: [ app_begin ] --START--
INFO: Run Behavior\ReadHtmlCacheBehavior [ RunTime:0.000328s ]
INFO: [ app_begin ] --END-- [ RunTime:0.000352s ]
SQL: SHOW COLUMNS FROM `select_course` [ RunTime:0.0004s ]
SQL: SELECT COUNT(*) AS tp_count FROM `select_course` WHERE ( xh = 15121101 and xq = '2013-2014 秋季' ) LIMIT 1   [ RunTime:0.0002s ]
SQL: SELECT select_course.kh,course.km,teacher.xm,select_course.gh,open_course.sksj,course.xf FROM `select_course` INNER JOIN course on select_course.kh = course.kh INNER JOIN teacher on select_course.gh = teacher.gh INNER JOIN open_course on select_course.kh = open_course.kh and open_course.xq = select_course.xq  WHERE ( select_course.xh = 15121101 and select_course.xq = '2013-2014 秋季' ) LIMIT 0,10   [ RunTime:0.0003s ]
INFO: [ view_parse ] --START--
INFO: [ template_filter ] --START--
INFO: Run Behavior\ContentReplaceBehavior [ RunTime:0.000048s ]
INFO: [ template_filter ] --END-- [ RunTime:0.000079s ]
INFO: Run Behavior\ParseTemplateBehavior [ RunTime:0.006252s ]
INFO: [ view_parse ] --END-- [ RunTime:0.006298s ]
INFO: [ view_filter ] --START--
INFO: Run Behavior\WriteHtmlCacheBehavior [ RunTime:0.000211s ]
INFO: [ view_filter ] --END-- [ RunTime:0.000252s ]
INFO: [ app_end ] --START--
INFO: Run Behavior\ShowPageTraceBehavior [ RunTime:0.000568s ]
INFO: [ app_end ] --END-- [ RunTime:0.000613s ]

[ 2018-05-24T14:23:07+08:00 ] ::1 /index.php/Student/Select
INFO: [ app_init ] --START--
INFO: Run Behavior\BuildLiteBehavior [ RunTime:0.000021s ]
INFO: [ app_init ] --END-- [ RunTime:0.000325s ]
INFO: [ app_begin ] --START--
INFO: Run Behavior\ReadHtmlCacheBehavior [ RunTime:0.000392s ]
INFO: [ app_begin ] --END-- [ RunTime:0.000417s ]
SQL: SHOW COLUMNS FROM `select_course` [ RunTime:0.0005s ]
SQL: SELECT COUNT(*) AS tp_count FROM `select_course` WHERE ( xh = 15121101 and xq = '2013-2014 秋季' ) LIMIT 1   [ RunTime:0.0002s ]
SQL: SELECT select_course.kh,course.km,teacher.xm,select_course.gh,open_course.sksj,course.xf FROM `select_course` INNER JOIN course on select_course.kh = course.kh INNER JOIN teacher on select_course.gh = teacher.gh INNER JOIN open_course on select_course.kh = open_course.kh and open_course.xq = select_course.xq  WHERE ( select_course.xh = 15121101 and select_course.xq = '2013-2014 秋季' ) LIMIT 0,10   [ RunTime:0.0005s ]
INFO: [ view_parse ] --START--
INFO: [ template_filter ] --START--
INFO: Run Behavior\ContentReplaceBehavior [ RunTime:0.000052s ]
INFO: [ template_filter ] --END-- [ RunTime:0.000082s ]
INFO: Run Behavior\ParseTemplateBehavior [ RunTime:0.005435s ]
INFO: [ view_parse ] --END-- [ RunTime:0.005462s ]
INFO: [ view_filter ] --START--
INFO: Run Behavior\WriteHtmlCacheBehavior [ RunTime:0.000112s ]
INFO: [ view_filter ] --END-- [ RunTime:0.000130s ]
INFO: [ app_end ] --START--
INFO: Run Behavior\ShowPageTraceBehavior [ RunTime:0.000816s ]
INFO: [ app_end ] --END-- [ RunTime:0.000860s ]

[ 2018-05-24T14:23:09+08:00 ] ::1 /index.php/Student/Search
INFO: [ app_init ] --START--
INFO: Run Behavior\BuildLiteBehavior [ RunTime:0.000011s ]
INFO: [ app_init ] --END-- [ RunTime:0.000277s ]
INFO: [ app_begin ] --START--
INFO: Run Behavior\ReadHtmlCacheBehavior [ RunTime:0.000372s ]
INFO: [ app_begin ] --END-- [ RunTime:0.000399s ]
INFO: [ view_parse ] --START--
INFO: [ template_filter ] --START--
INFO: Run Behavior\ContentReplaceBehavior [ RunTime:0.000060s ]
INFO: [ template_filter ] --END-- [ RunTime:0.000096s ]
NOTIC: [8] Undefined variable: count /Users/fyc/Documents/CODING/DB/Wechat_Course-master/Application/Runtime/Cache/Student/cc27c3fa40c93f8eb943a0afcacece2a.php 第 208 行.
NOTIC: [8] Undefined variable: list /Users/fyc/Documents/CODING/DB/Wechat_Course-master/Application/Runtime/Cache/Student/cc27c3fa40c93f8eb943a0afcacece2a.php 第 235 行.
NOTIC: [8] Undefined variable: page /Users/fyc/Documents/CODING/DB/Wechat_Course-master/Application/Runtime/Cache/Student/cc27c3fa40c93f8eb943a0afcacece2a.php 第 246 行.
INFO: Run Behavior\ParseTemplateBehavior [ RunTime:0.006244s ]
INFO: [ view_parse ] --END-- [ RunTime:0.006266s ]
INFO: [ view_filter ] --START--
INFO: Run Behavior\WriteHtmlCacheBehavior [ RunTime:0.000121s ]
INFO: [ view_filter ] --END-- [ RunTime:0.000138s ]
INFO: [ app_end ] --START--
INFO: Run Behavior\ShowPageTraceBehavior [ RunTime:0.000536s ]
INFO: [ app_end ] --END-- [ RunTime:0.000571s ]

[ 2018-05-24T14:23:11+08:00 ] ::1 /index.php/Student/Select
INFO: [ app_init ] --START--
INFO: Run Behavior\BuildLiteBehavior [ RunTime:0.000012s ]
INFO: [ app_init ] --END-- [ RunTime:0.000297s ]
INFO: [ app_begin ] --START--
INFO: Run Behavior\ReadHtmlCacheBehavior [ RunTime:0.000384s ]
INFO: [ app_begin ] --END-- [ RunTime:0.000410s ]
SQL: SHOW COLUMNS FROM `select_course` [ RunTime:0.0014s ]
SQL: SELECT COUNT(*) AS tp_count FROM `select_course` WHERE ( xh = 15121101 and xq = '2013-2014 秋季' ) LIMIT 1   [ RunTime:0.0004s ]
SQL: SELECT select_course.kh,course.km,teacher.xm,select_course.gh,open_course.sksj,course.xf FROM `select_course` INNER JOIN course on select_course.kh = course.kh INNER JOIN teacher on select_course.gh = teacher.gh INNER JOIN open_course on select_course.kh = open_course.kh and open_course.xq = select_course.xq  WHERE ( select_course.xh = 15121101 and select_course.xq = '2013-2014 秋季' ) LIMIT 0,10   [ RunTime:0.0005s ]
INFO: [ view_parse ] --START--
INFO: [ template_filter ] --START--
INFO: Run Behavior\ContentReplaceBehavior [ RunTime:0.000054s ]
INFO: [ template_filter ] --END-- [ RunTime:0.000090s ]
INFO: Run Behavior\ParseTemplateBehavior [ RunTime:0.005845s ]
INFO: [ view_parse ] --END-- [ RunTime:0.005876s ]
INFO: [ view_filter ] --START--
INFO: Run Behavior\WriteHtmlCacheBehavior [ RunTime:0.000113s ]
INFO: [ view_filter ] --END-- [ RunTime:0.000131s ]
INFO: [ app_end ] --START--
INFO: Run Behavior\ShowPageTraceBehavior [ RunTime:0.000570s ]
INFO: [ app_end ] --END-- [ RunTime:0.000611s ]

[ 2018-05-24T14:23:20+08:00 ] ::1 /index.php/Student/Select/DeleteCourse
INFO: [ app_init ] --START--
INFO: Run Behavior\BuildLiteBehavior [ RunTime:0.000010s ]
INFO: [ app_init ] --END-- [ RunTime:0.000247s ]
INFO: [ app_begin ] --START--
INFO: Run Behavior\ReadHtmlCacheBehavior [ RunTime:0.000327s ]
INFO: [ app_begin ] --END-- [ RunTime:0.000352s ]
SQL: SHOW COLUMNS FROM `select_course` [ RunTime:0.0004s ]
SQL: SELECT * FROM `select_course` WHERE ( xh = 15121101 and kh = 08305001 and gh = 0102 and xq = '2013-2014 秋季' ) LIMIT 1   [ RunTime:0.0006s ]
NOTIC: [2] Illegal offset type in isset or empty /Users/fyc/Documents/CODING/DB/Wechat_Course-master/ThinkPHP/Library/Think/Model.class.php 第 511 行.
SQL: DELETE FROM `select_course` WHERE ( xh = 15121101 and kh = 08305001 and gh = 0102 and xq = '2013-2014 秋季' ) [ RunTime:0.0038s ]
INFO: [ view_parse ] --START--
INFO: [ template_filter ] --START--
INFO: Run Behavior\ContentReplaceBehavior [ RunTime:0.000027s ]
INFO: [ template_filter ] --END-- [ RunTime:0.000059s ]
INFO: Run Behavior\ParseTemplateBehavior [ RunTime:0.004576s ]
INFO: [ view_parse ] --END-- [ RunTime:0.004601s ]
INFO: [ view_filter ] --START--
INFO: Run Behavior\WriteHtmlCacheBehavior [ RunTime:0.000113s ]
INFO: [ view_filter ] --END-- [ RunTime:0.000131s ]
INFO: [ app_end ] --START--
INFO: Run Behavior\ShowPageTraceBehavior [ RunTime:0.000416s ]
INFO: [ app_end ] --END-- [ RunTime:0.000439s ]

[ 2018-05-24T14:23:21+08:00 ] ::1 /index.php/Student/Select
INFO: [ app_init ] --START--
INFO: Run Behavior\BuildLiteBehavior [ RunTime:0.000025s ]
INFO: [ app_init ] --END-- [ RunTime:0.000347s ]
INFO: [ app_begin ] --START--
INFO: Run Behavior\ReadHtmlCacheBehavior [ RunTime:0.000398s ]
INFO: [ app_begin ] --END-- [ RunTime:0.000423s ]
SQL: SHOW COLUMNS FROM `select_course` [ RunTime:0.0004s ]
SQL: SELECT COUNT(*) AS tp_count FROM `select_course` WHERE ( xh = 15121101 and xq = '2013-2014 秋季' ) LIMIT 1   [ RunTime:0.0002s ]
SQL: SELECT select_course.kh,course.km,teacher.xm,select_course.gh,open_course.sksj,course.xf FROM `select_course` INNER JOIN course on select_course.kh = course.kh INNER JOIN teacher on select_course.gh = teacher.gh INNER JOIN open_course on select_course.kh = open_course.kh and open_course.xq = select_course.xq  WHERE ( select_course.xh = 15121101 and select_course.xq = '2013-2014 秋季' ) LIMIT 0,10   [ RunTime:0.0005s ]
INFO: [ view_parse ] --START--
INFO: [ template_filter ] --START--
INFO: Run Behavior\ContentReplaceBehavior [ RunTime:0.000048s ]
INFO: [ template_filter ] --END-- [ RunTime:0.000081s ]
INFO: Run Behavior\ParseTemplateBehavior [ RunTime:0.005192s ]
INFO: [ view_parse ] --END-- [ RunTime:0.005217s ]
INFO: [ view_filter ] --START--
INFO: Run Behavior\WriteHtmlCacheBehavior [ RunTime:0.000118s ]
INFO: [ view_filter ] --END-- [ RunTime:0.000136s ]
INFO: [ app_end ] --START--
INFO: Run Behavior\ShowPageTraceBehavior [ RunTime:0.000458s ]
INFO: [ app_end ] --END-- [ RunTime:0.000483s ]

[ 2018-05-24T14:23:26+08:00 ] ::1 /index.php/Student/Score
INFO: [ app_init ] --START--
INFO: Run Behavior\BuildLiteBehavior [ RunTime:0.000011s ]
INFO: [ app_init ] --END-- [ RunTime:0.000275s ]
INFO: [ app_begin ] --START--
INFO: Run Behavior\ReadHtmlCacheBehavior [ RunTime:0.000426s ]
INFO: [ app_begin ] --END-- [ RunTime:0.000459s ]
INFO: [ view_parse ] --START--
INFO: [ template_filter ] --START--
INFO: Run Behavior\ContentReplaceBehavior [ RunTime:0.000050s ]
INFO: [ template_filter ] --END-- [ RunTime:0.000084s ]
NOTIC: [8] Undefined variable: count /Users/fyc/Documents/CODING/DB/Wechat_Course-master/Application/Runtime/Cache/Student/887017c4557ae6ddc5636a988d793cc3.php 第 155 行.
NOTIC: [8] Undefined variable: list /Users/fyc/Documents/CODING/DB/Wechat_Course-master/Application/Runtime/Cache/Student/887017c4557ae6ddc5636a988d793cc3.php 第 184 行.
NOTIC: [8] Undefined variable: page /Users/fyc/Documents/CODING/DB/Wechat_Course-master/Application/Runtime/Cache/Student/887017c4557ae6ddc5636a988d793cc3.php 第 197 行.
INFO: Run Behavior\ParseTemplateBehavior [ RunTime:0.006774s ]
INFO: [ view_parse ] --END-- [ RunTime:0.006807s ]
INFO: [ view_filter ] --START--
INFO: Run Behavior\WriteHtmlCacheBehavior [ RunTime:0.000127s ]
INFO: [ view_filter ] --END-- [ RunTime:0.000147s ]
INFO: [ app_end ] --START--
INFO: Run Behavior\ShowPageTraceBehavior [ RunTime:0.000514s ]
INFO: [ app_end ] --END-- [ RunTime:0.000549s ]

[ 2018-05-24T14:23:31+08:00 ] ::1 /index.php/Student/Select
INFO: [ app_init ] --START--
INFO: Run Behavior\BuildLiteBehavior [ RunTime:0.000011s ]
INFO: [ app_init ] --END-- [ RunTime:0.000277s ]
INFO: [ app_begin ] --START--
INFO: Run Behavior\ReadHtmlCacheBehavior [ RunTime:0.000374s ]
INFO: [ app_begin ] --END-- [ RunTime:0.000401s ]
SQL: SHOW COLUMNS FROM `select_course` [ RunTime:0.0005s ]
SQL: SELECT COUNT(*) AS tp_count FROM `select_course` WHERE ( xh = 15121101 and xq = '2013-2014 秋季' ) LIMIT 1   [ RunTime:0.0003s ]
SQL: SELECT select_course.kh,course.km,teacher.xm,select_course.gh,open_course.sksj,course.xf FROM `select_course` INNER JOIN course on select_course.kh = course.kh INNER JOIN teacher on select_course.gh = teacher.gh INNER JOIN open_course on select_course.kh = open_course.kh and open_course.xq = select_course.xq  WHERE ( select_course.xh = 15121101 and select_course.xq = '2013-2014 秋季' ) LIMIT 0,10   [ RunTime:0.0006s ]
INFO: [ view_parse ] --START--
INFO: [ template_filter ] --START--
INFO: Run Behavior\ContentReplaceBehavior [ RunTime:0.000048s ]
INFO: [ template_filter ] --END-- [ RunTime:0.000078s ]
INFO: Run Behavior\ParseTemplateBehavior [ RunTime:0.006171s ]
INFO: [ view_parse ] --END-- [ RunTime:0.006235s ]
INFO: [ view_filter ] --START--
INFO: Run Behavior\WriteHtmlCacheBehavior [ RunTime:0.000106s ]
INFO: [ view_filter ] --END-- [ RunTime:0.000124s ]
INFO: [ app_end ] --START--
INFO: Run Behavior\ShowPageTraceBehavior [ RunTime:0.000535s ]
INFO: [ app_end ] --END-- [ RunTime:0.000572s ]

[ 2018-05-24T14:23:38+08:00 ] ::1 /index.php/Student/Select/SelectCourse
INFO: [ app_init ] --START--
INFO: Run Behavior\BuildLiteBehavior [ RunTime:0.000010s ]
INFO: [ app_init ] --END-- [ RunTime:0.000277s ]
INFO: [ app_begin ] --START--
INFO: Run Behavior\ReadHtmlCacheBehavior [ RunTime:0.000374s ]
INFO: [ app_begin ] --END-- [ RunTime:0.000402s ]
SQL: SHOW COLUMNS FROM `select_course` [ RunTime:0.0004s ]
SQL: SHOW COLUMNS FROM `open_course` [ RunTime:0.0003s ]
SQL: SELECT * FROM `select_course` WHERE ( xh = 15121101 and kh = 08305001 and gh = 0102 and xq = '2013-2014 秋季' ) LIMIT 1   [ RunTime:0.0003s ]
SQL: SELECT * FROM `open_course` WHERE ( kh = 08305001 and gh = 0102 and xq = '2013-2014 秋季' ) LIMIT 1   [ RunTime:0.0002s ]
SQL: INSERT INTO `select_course` (`xh`,`kh`,`gh`,`xq`) VALUES ('15121101','08305001','0102','2013-2014 秋季') [ RunTime:0.0007s ]
INFO: [ view_parse ] --START--
INFO: [ template_filter ] --START--
INFO: Run Behavior\ContentReplaceBehavior [ RunTime:0.000029s ]
INFO: [ template_filter ] --END-- [ RunTime:0.000060s ]
INFO: Run Behavior\ParseTemplateBehavior [ RunTime:0.004444s ]
INFO: [ view_parse ] --END-- [ RunTime:0.004477s ]
INFO: [ view_filter ] --START--
INFO: Run Behavior\WriteHtmlCacheBehavior [ RunTime:0.000130s ]
INFO: [ view_filter ] --END-- [ RunTime:0.000150s ]
INFO: [ app_end ] --START--
INFO: Run Behavior\ShowPageTraceBehavior [ RunTime:0.000465s ]
INFO: [ app_end ] --END-- [ RunTime:0.000488s ]

[ 2018-05-24T14:23:40+08:00 ] ::1 /index.php/Student/Select
INFO: [ app_init ] --START--
INFO: Run Behavior\BuildLiteBehavior [ RunTime:0.000013s ]
INFO: [ app_init ] --END-- [ RunTime:0.000353s ]
INFO: [ app_begin ] --START--
INFO: Run Behavior\ReadHtmlCacheBehavior [ RunTime:0.000429s ]
INFO: [ app_begin ] --END-- [ RunTime:0.000458s ]
SQL: SHOW COLUMNS FROM `select_course` [ RunTime:0.0005s ]
SQL: SELECT COUNT(*) AS tp_count FROM `select_course` WHERE ( xh = 15121101 and xq = '2013-2014 秋季' ) LIMIT 1   [ RunTime:0.0003s ]
SQL: SELECT select_course.kh,course.km,teacher.xm,select_course.gh,open_course.sksj,course.xf FROM `select_course` INNER JOIN course on select_course.kh = course.kh INNER JOIN teacher on select_course.gh = teacher.gh INNER JOIN open_course on select_course.kh = open_course.kh and open_course.xq = select_course.xq  WHERE ( select_course.xh = 15121101 and select_course.xq = '2013-2014 秋季' ) LIMIT 0,10   [ RunTime:0.0010s ]
INFO: [ view_parse ] --START--
INFO: [ template_filter ] --START--
INFO: Run Behavior\ContentReplaceBehavior [ RunTime:0.000048s ]
INFO: [ template_filter ] --END-- [ RunTime:0.000082s ]
INFO: Run Behavior\ParseTemplateBehavior [ RunTime:0.005874s ]
INFO: [ view_parse ] --END-- [ RunTime:0.005906s ]
INFO: [ view_filter ] --START--
INFO: Run Behavior\WriteHtmlCacheBehavior [ RunTime:0.000130s ]
INFO: [ view_filter ] --END-- [ RunTime:0.000148s ]
INFO: [ app_end ] --START--
INFO: Run Behavior\ShowPageTraceBehavior [ RunTime:0.000566s ]
INFO: [ app_end ] --END-- [ RunTime:0.000615s ]

[ 2018-05-24T14:23:41+08:00 ] ::1 /index.php/Student/Score
INFO: [ app_init ] --START--
INFO: Run Behavior\BuildLiteBehavior [ RunTime:0.000010s ]
INFO: [ app_init ] --END-- [ RunTime:0.000249s ]
INFO: [ app_begin ] --START--
INFO: Run Behavior\ReadHtmlCacheBehavior [ RunTime:0.000343s ]
INFO: [ app_begin ] --END-- [ RunTime:0.000369s ]
INFO: [ view_parse ] --START--
INFO: [ template_filter ] --START--
INFO: Run Behavior\ContentReplaceBehavior [ RunTime:0.000043s ]
INFO: [ template_filter ] --END-- [ RunTime:0.000073s ]
NOTIC: [8] Undefined variable: count /Users/fyc/Documents/CODING/DB/Wechat_Course-master/Application/Runtime/Cache/Student/887017c4557ae6ddc5636a988d793cc3.php 第 155 行.
NOTIC: [8] Undefined variable: list /Users/fyc/Documents/CODING/DB/Wechat_Course-master/Application/Runtime/Cache/Student/887017c4557ae6ddc5636a988d793cc3.php 第 184 行.
NOTIC: [8] Undefined variable: page /Users/fyc/Documents/CODING/DB/Wechat_Course-master/Application/Runtime/Cache/Student/887017c4557ae6ddc5636a988d793cc3.php 第 197 行.
INFO: Run Behavior\ParseTemplateBehavior [ RunTime:0.004818s ]
INFO: [ view_parse ] --END-- [ RunTime:0.004841s ]
INFO: [ view_filter ] --START--
INFO: Run Behavior\WriteHtmlCacheBehavior [ RunTime:0.000108s ]
INFO: [ view_filter ] --END-- [ RunTime:0.000125s ]
INFO: [ app_end ] --START--
INFO: Run Behavior\ShowPageTraceBehavior [ RunTime:0.000472s ]
INFO: [ app_end ] --END-- [ RunTime:0.000503s ]

[ 2018-05-24T14:23:48+08:00 ] ::1 /index.php/Student/Score/GetScore
INFO: [ app_init ] --START--
INFO: Run Behavior\BuildLiteBehavior [ RunTime:0.000010s ]
INFO: [ app_init ] --END-- [ RunTime:0.000242s ]
INFO: [ app_begin ] --START--
INFO: Run Behavior\ReadHtmlCacheBehavior [ RunTime:0.000533s ]
INFO: [ app_begin ] --END-- [ RunTime:0.000580s ]
SQL: SHOW COLUMNS FROM `select_course` [ RunTime:0.0006s ]
SQL: SELECT select_course.kh,course.km,teacher.xm,select_course.gh,course.xf,select_course.pscj,select_course.kscj,select_course.zpcj FROM `select_course` INNER JOIN course on select_course.kh = course.kh INNER JOIN teacher on select_course.gh = teacher.gh  WHERE select_course.xh = '15121101' AND select_course.xq = '2013-2014 秋季'  [ RunTime:0.0005s ]
INFO: [ view_parse ] --START--
INFO: [ template_filter ] --START--
INFO: Run Behavior\ContentReplaceBehavior [ RunTime:0.000043s ]
INFO: [ template_filter ] --END-- [ RunTime:0.000072s ]
NOTIC: [8] Undefined variable: count /Users/fyc/Documents/CODING/DB/Wechat_Course-master/Application/Runtime/Cache/Student/887017c4557ae6ddc5636a988d793cc3.php 第 155 行.
NOTIC: [8] Undefined variable: page /Users/fyc/Documents/CODING/DB/Wechat_Course-master/Application/Runtime/Cache/Student/887017c4557ae6ddc5636a988d793cc3.php 第 197 行.
INFO: Run Behavior\ParseTemplateBehavior [ RunTime:0.005183s ]
INFO: [ view_parse ] --END-- [ RunTime:0.005208s ]
INFO: [ view_filter ] --START--
INFO: Run Behavior\WriteHtmlCacheBehavior [ RunTime:0.000129s ]
INFO: [ view_filter ] --END-- [ RunTime:0.000146s ]
INFO: [ app_end ] --START--
INFO: Run Behavior\ShowPageTraceBehavior [ RunTime:0.000471s ]
INFO: [ app_end ] --END-- [ RunTime:0.000505s ]

[ 2018-05-24T14:23:51+08:00 ] ::1 /index.php/Student/Score/GetScore
INFO: [ app_init ] --START--
INFO: Run Behavior\BuildLiteBehavior [ RunTime:0.000010s ]
INFO: [ app_init ] --END-- [ RunTime:0.000258s ]
INFO: [ app_begin ] --START--
INFO: Run Behavior\ReadHtmlCacheBehavior [ RunTime:0.000334s ]
INFO: [ app_begin ] --END-- [ RunTime:0.000358s ]
SQL: SHOW COLUMNS FROM `select_course` [ RunTime:0.0004s ]
SQL: SELECT select_course.kh,course.km,teacher.xm,select_course.gh,course.xf,select_course.pscj,select_course.kscj,select_course.zpcj FROM `select_course` INNER JOIN course on select_course.kh = course.kh INNER JOIN teacher on select_course.gh = teacher.gh  WHERE select_course.xh = '15121101' AND select_course.xq = '2012-2013 春季'  [ RunTime:0.0003s ]
INFO: [ view_parse ] --START--
INFO: [ template_filter ] --START--
INFO: Run Behavior\ContentReplaceBehavior [ RunTime:0.000044s ]
INFO: [ template_filter ] --END-- [ RunTime:0.000070s ]
NOTIC: [8] Undefined variable: count /Users/fyc/Documents/CODING/DB/Wechat_Course-master/Application/Runtime/Cache/Student/887017c4557ae6ddc5636a988d793cc3.php 第 155 行.
NOTIC: [8] Undefined variable: page /Users/fyc/Documents/CODING/DB/Wechat_Course-master/Application/Runtime/Cache/Student/887017c4557ae6ddc5636a988d793cc3.php 第 197 行.
INFO: Run Behavior\ParseTemplateBehavior [ RunTime:0.004887s ]
INFO: [ view_parse ] --END-- [ RunTime:0.004912s ]
INFO: [ view_filter ] --START--
INFO: Run Behavior\WriteHtmlCacheBehavior [ RunTime:0.000124s ]
INFO: [ view_filter ] --END-- [ RunTime:0.000145s ]
INFO: [ app_end ] --START--
INFO: Run Behavior\ShowPageTraceBehavior [ RunTime:0.000706s ]
INFO: [ app_end ] --END-- [ RunTime:0.000759s ]

[ 2018-05-24T14:23:52+08:00 ] ::1 /index.php/Student/Score/GetScore
INFO: [ app_init ] --START--
INFO: Run Behavior\BuildLiteBehavior [ RunTime:0.000011s ]
INFO: [ app_init ] --END-- [ RunTime:0.000259s ]
INFO: [ app_begin ] --START--
INFO: Run Behavior\ReadHtmlCacheBehavior [ RunTime:0.000494s ]
INFO: [ app_begin ] --END-- [ RunTime:0.000524s ]
SQL: SHOW COLUMNS FROM `select_course` [ RunTime:0.0004s ]
SQL: SELECT select_course.kh,course.km,teacher.xm,select_course.gh,course.xf,select_course.pscj,select_course.kscj,select_course.zpcj FROM `select_course` INNER JOIN course on select_course.kh = course.kh INNER JOIN teacher on select_course.gh = teacher.gh  WHERE select_course.xh = '15121101' AND select_course.xq = '2012-2013 春季'  [ RunTime:0.0003s ]
INFO: [ view_parse ] --START--
INFO: [ template_filter ] --START--
INFO: Run Behavior\ContentReplaceBehavior [ RunTime:0.000090s ]
INFO: [ template_filter ] --END-- [ RunTime:0.000125s ]
NOTIC: [8] Undefined variable: count /Users/fyc/Documents/CODING/DB/Wechat_Course-master/Application/Runtime/Cache/Student/887017c4557ae6ddc5636a988d793cc3.php 第 155 行.
NOTIC: [8] Undefined variable: page /Users/fyc/Documents/CODING/DB/Wechat_Course-master/Application/Runtime/Cache/Student/887017c4557ae6ddc5636a988d793cc3.php 第 197 行.
INFO: Run Behavior\ParseTemplateBehavior [ RunTime:0.005062s ]
INFO: [ view_parse ] --END-- [ RunTime:0.005088s ]
INFO: [ view_filter ] --START--
INFO: Run Behavior\WriteHtmlCacheBehavior [ RunTime:0.000124s ]
INFO: [ view_filter ] --END-- [ RunTime:0.000147s ]
INFO: [ app_end ] --START--
INFO: Run Behavior\ShowPageTraceBehavior [ RunTime:0.000606s ]
INFO: [ app_end ] --END-- [ RunTime:0.000643s ]

[ 2018-05-24T14:23:58+08:00 ] ::1 /index.php/Student/Score/GetScore
INFO: [ app_init ] --START--
INFO: Run Behavior\BuildLiteBehavior [ RunTime:0.000011s ]
INFO: [ app_init ] --END-- [ RunTime:0.000244s ]
INFO: [ app_begin ] --START--
INFO: Run Behavior\ReadHtmlCacheBehavior [ RunTime:0.000374s ]
INFO: [ app_begin ] --END-- [ RunTime:0.000408s ]
SQL: SHOW COLUMNS FROM `select_course` [ RunTime:0.0004s ]
SQL: SELECT select_course.kh,course.km,teacher.xm,select_course.gh,course.xf,select_course.pscj,select_course.kscj,select_course.zpcj FROM `select_course` INNER JOIN course on select_course.kh = course.kh INNER JOIN teacher on select_course.gh = teacher.gh  WHERE select_course.xh = '15121101' AND select_course.xq = '2013-2014 秋季'  [ RunTime:0.0022s ]
INFO: [ view_parse ] --START--
INFO: [ template_filter ] --START--
INFO: Run Behavior\ContentReplaceBehavior [ RunTime:0.000043s ]
INFO: [ template_filter ] --END-- [ RunTime:0.000071s ]
NOTIC: [8] Undefined variable: count /Users/fyc/Documents/CODING/DB/Wechat_Course-master/Application/Runtime/Cache/Student/887017c4557ae6ddc5636a988d793cc3.php 第 155 行.
NOTIC: [8] Undefined variable: page /Users/fyc/Documents/CODING/DB/Wechat_Course-master/Application/Runtime/Cache/Student/887017c4557ae6ddc5636a988d793cc3.php 第 197 行.
INFO: Run Behavior\ParseTemplateBehavior [ RunTime:0.005258s ]
INFO: [ view_parse ] --END-- [ RunTime:0.005314s ]
INFO: [ view_filter ] --START--
INFO: Run Behavior\WriteHtmlCacheBehavior [ RunTime:0.000215s ]
INFO: [ view_filter ] --END-- [ RunTime:0.000250s ]
INFO: [ app_end ] --START--
INFO: Run Behavior\ShowPageTraceBehavior [ RunTime:0.000728s ]
INFO: [ app_end ] --END-- [ RunTime:0.000782s ]

[ 2018-05-24T14:24:17+08:00 ] ::1 /index.php/Student/Select
INFO: [ app_init ] --START--
INFO: Run Behavior\BuildLiteBehavior [ RunTime:0.000010s ]
INFO: [ app_init ] --END-- [ RunTime:0.000260s ]
INFO: [ app_begin ] --START--
INFO: Run Behavior\ReadHtmlCacheBehavior [ RunTime:0.000337s ]
INFO: [ app_begin ] --END-- [ RunTime:0.000360s ]
SQL: SHOW COLUMNS FROM `select_course` [ RunTime:0.0004s ]
SQL: SELECT COUNT(*) AS tp_count FROM `select_course` WHERE ( xh = 15121101 and xq = '2013-2014 秋季' ) LIMIT 1   [ RunTime:0.0002s ]
SQL: SELECT select_course.kh,course.km,teacher.xm,select_course.gh,open_course.sksj,course.xf FROM `select_course` INNER JOIN course on select_course.kh = course.kh INNER JOIN teacher on select_course.gh = teacher.gh INNER JOIN open_course on select_course.kh = open_course.kh and open_course.xq = select_course.xq  WHERE ( select_course.xh = 15121101 and select_course.xq = '2013-2014 秋季' ) LIMIT 0,10   [ RunTime:0.0003s ]
INFO: [ view_parse ] --START--
INFO: [ template_filter ] --START--
INFO: Run Behavior\ContentReplaceBehavior [ RunTime:0.000047s ]
INFO: [ template_filter ] --END-- [ RunTime:0.000079s ]
INFO: Run Behavior\ParseTemplateBehavior [ RunTime:0.005068s ]
INFO: [ view_parse ] --END-- [ RunTime:0.005095s ]
INFO: [ view_filter ] --START--
INFO: Run Behavior\WriteHtmlCacheBehavior [ RunTime:0.000127s ]
INFO: [ view_filter ] --END-- [ RunTime:0.000145s ]
INFO: [ app_end ] --START--
INFO: Run Behavior\ShowPageTraceBehavior [ RunTime:0.000524s ]
INFO: [ app_end ] --END-- [ RunTime:0.000564s ]

[ 2018-05-24T14:27:54+08:00 ] ::1 /index.php/Student/
INFO: [ app_init ] --START--
INFO: Run Behavior\BuildLiteBehavior [ RunTime:0.000010s ]
INFO: [ app_init ] --END-- [ RunTime:0.000251s ]
INFO: [ app_begin ] --START--
INFO: Run Behavior\ReadHtmlCacheBehavior [ RunTime:0.000354s ]
INFO: [ app_begin ] --END-- [ RunTime:0.000377s ]
INFO: [ view_parse ] --START--
INFO: [ template_filter ] --START--
INFO: Run Behavior\ContentReplaceBehavior [ RunTime:0.000057s ]
INFO: [ template_filter ] --END-- [ RunTime:0.000088s ]
INFO: Run Behavior\ParseTemplateBehavior [ RunTime:0.005492s ]
INFO: [ view_parse ] --END-- [ RunTime:0.005524s ]
INFO: [ view_filter ] --START--
INFO: Run Behavior\WriteHtmlCacheBehavior [ RunTime:0.000171s ]
INFO: [ view_filter ] --END-- [ RunTime:0.000219s ]
INFO: [ app_end ] --START--
INFO: Run Behavior\ShowPageTraceBehavior [ RunTime:0.000456s ]
INFO: [ app_end ] --END-- [ RunTime:0.000487s ]

[ 2018-05-24T14:32:05+08:00 ] ::1 /index.php/Student.html
INFO: [ app_init ] --START--
INFO: Run Behavior\BuildLiteBehavior [ RunTime:0.000011s ]
INFO: [ app_init ] --END-- [ RunTime:0.000264s ]
INFO: [ app_begin ] --START--
INFO: Run Behavior\ReadHtmlCacheBehavior [ RunTime:0.000340s ]
INFO: [ app_begin ] --END-- [ RunTime:0.000363s ]
INFO: [ view_parse ] --START--
INFO: [ template_filter ] --START--
INFO: Run Behavior\ContentReplaceBehavior [ RunTime:0.000066s ]
INFO: [ template_filter ] --END-- [ RunTime:0.000104s ]
INFO: Run Behavior\ParseTemplateBehavior [ RunTime:0.006517s ]
INFO: [ view_parse ] --END-- [ RunTime:0.006550s ]
INFO: [ view_filter ] --START--
INFO: Run Behavior\WriteHtmlCacheBehavior [ RunTime:0.000118s ]
INFO: [ view_filter ] --END-- [ RunTime:0.000137s ]
INFO: [ app_end ] --START--
INFO: Run Behavior\ShowPageTraceBehavior [ RunTime:0.000453s ]
INFO: [ app_end ] --END-- [ RunTime:0.000480s ]

[ 2018-05-24T14:32:56+08:00 ] ::1 /index.php/Student/Select
INFO: [ app_init ] --START--
INFO: Run Behavior\BuildLiteBehavior [ RunTime:0.000011s ]
INFO: [ app_init ] --END-- [ RunTime:0.000318s ]
INFO: [ app_begin ] --START--
INFO: Run Behavior\ReadHtmlCacheBehavior [ RunTime:0.000395s ]
INFO: [ app_begin ] --END-- [ RunTime:0.000423s ]
SQL: SHOW COLUMNS FROM `select_course` [ RunTime:0.0007s ]
SQL: SELECT COUNT(*) AS tp_count FROM `select_course` WHERE ( xh = 15121101 and xq = '2013-2014 秋季' ) LIMIT 1   [ RunTime:0.0004s ]
SQL: SELECT select_course.kh,course.km,teacher.xm,select_course.gh,open_course.sksj,course.xf FROM `select_course` INNER JOIN course on select_course.kh = course.kh INNER JOIN teacher on select_course.gh = teacher.gh INNER JOIN open_course on select_course.kh = open_course.kh and open_course.xq = select_course.xq  WHERE ( select_course.xh = 15121101 and select_course.xq = '2013-2014 秋季' ) LIMIT 0,10   [ RunTime:0.0004s ]
INFO: [ view_parse ] --START--
INFO: [ template_filter ] --START--
INFO: Run Behavior\ContentReplaceBehavior [ RunTime:0.000054s ]
INFO: [ template_filter ] --END-- [ RunTime:0.000093s ]
INFO: Run Behavior\ParseTemplateBehavior [ RunTime:0.006333s ]
INFO: [ view_parse ] --END-- [ RunTime:0.006365s ]
INFO: [ view_filter ] --START--
INFO: Run Behavior\WriteHtmlCacheBehavior [ RunTime:0.000139s ]
INFO: [ view_filter ] --END-- [ RunTime:0.000160s ]
INFO: [ app_end ] --START--
INFO: Run Behavior\ShowPageTraceBehavior [ RunTime:0.000634s ]
INFO: [ app_end ] --END-- [ RunTime:0.000678s ]

