[ 2018-05-31T16:39:40+08:00 ] ::1 /index.php/Student.html
INFO: [ app_init ] --START--
INFO: Run Behavior\BuildLiteBehavior [ RunTime:0.000011s ]
INFO: [ app_init ] --END-- [ RunTime:0.000304s ]
INFO: [ app_begin ] --START--
INFO: Run Behavior\ReadHtmlCacheBehavior [ RunTime:0.000625s ]
INFO: [ app_begin ] --END-- [ RunTime:0.000666s ]
INFO: [ view_parse ] --START--
INFO: [ template_filter ] --START--
INFO: Run Behavior\ContentReplaceBehavior [ RunTime:0.000055s ]
INFO: [ template_filter ] --END-- [ RunTime:0.000084s ]
INFO: Run Behavior\ParseTemplateBehavior [ RunTime:0.005341s ]
INFO: [ view_parse ] --END-- [ RunTime:0.005367s ]
INFO: [ view_filter ] --START--
INFO: Run Behavior\WriteHtmlCacheBehavior [ RunTime:0.000102s ]
INFO: [ view_filter ] --END-- [ RunTime:0.000120s ]
INFO: [ app_end ] --START--
INFO: Run Behavior\ShowPageTraceBehavior [ RunTime:0.000518s ]
INFO: [ app_end ] --END-- [ RunTime:0.000556s ]

[ 2018-05-31T16:39:49+08:00 ] ::1 /index.php/Student/Select
INFO: [ app_init ] --START--
INFO: Run Behavior\BuildLiteBehavior [ RunTime:0.000022s ]
INFO: [ app_init ] --END-- [ RunTime:0.000359s ]
INFO: [ app_begin ] --START--
INFO: Run Behavior\ReadHtmlCacheBehavior [ RunTime:0.000406s ]
INFO: [ app_begin ] --END-- [ RunTime:0.000431s ]
SQL: SHOW COLUMNS FROM `select_course` [ RunTime:0.0009s ]
SQL: SELECT COUNT(*) AS tp_count FROM `select_course` WHERE ( xh = 15121101 and xq = '2013-2014 秋季' ) LIMIT 1   [ RunTime:0.0037s ]
SQL: SELECT select_course.kh,course.km,teacher.xm,select_course.gh,open_course.sksj,course.xf FROM `select_course` INNER JOIN course on select_course.kh = course.kh INNER JOIN teacher on select_course.gh = teacher.gh INNER JOIN open_course on select_course.kh = open_course.kh and open_course.xq = select_course.xq  WHERE ( select_course.xh = 15121101 and select_course.xq = '2013-2014 秋季' ) LIMIT 0,10   [ RunTime:0.0043s ]
INFO: [ view_parse ] --START--
INFO: [ template_filter ] --START--
INFO: Run Behavior\ContentReplaceBehavior [ RunTime:0.000064s ]
INFO: [ template_filter ] --END-- [ RunTime:0.000102s ]
INFO: Run Behavior\ParseTemplateBehavior [ RunTime:0.010730s ]
INFO: [ view_parse ] --END-- [ RunTime:0.010762s ]
INFO: [ view_filter ] --START--
INFO: Run Behavior\WriteHtmlCacheBehavior [ RunTime:0.000141s ]
INFO: [ view_filter ] --END-- [ RunTime:0.000163s ]
INFO: [ app_end ] --START--
INFO: Run Behavior\ShowPageTraceBehavior [ RunTime:0.001048s ]
INFO: [ app_end ] --END-- [ RunTime:0.001099s ]

[ 2018-05-31T16:43:03+08:00 ] ::1 /index.php/Student/Select/SelectCourse
INFO: [ app_init ] --START--
INFO: Run Behavior\BuildLiteBehavior [ RunTime:0.000023s ]
INFO: [ app_init ] --END-- [ RunTime:0.000341s ]
INFO: [ app_begin ] --START--
INFO: Run Behavior\ReadHtmlCacheBehavior [ RunTime:0.000397s ]
INFO: [ app_begin ] --END-- [ RunTime:0.000423s ]
SQL: SHOW COLUMNS FROM `select_course` [ RunTime:0.0005s ]
SQL: SHOW COLUMNS FROM `open_course` [ RunTime:0.0004s ]
SQL: SELECT * FROM `select_course` WHERE ( xh = 15121101 and kh = 08305004 and gh = 0101 and xq = '2013-2014 秋季' ) LIMIT 1   [ RunTime:0.0005s ]
SQL: SELECT * FROM `open_course` WHERE ( kh = 08305004 and gh = 0101 and xq = '2013-2014 秋季' ) LIMIT 1   [ RunTime:0.0004s ]
SQL: INSERT INTO `select_course` (`xh`,`kh`,`gh`,`xq`) VALUES ('15121101','08305004','0101','2013-2014 秋季') [ RunTime:0.0036s ]
INFO: [ view_parse ] --START--
INFO: [ template_filter ] --START--
INFO: Run Behavior\ContentReplaceBehavior [ RunTime:0.000055s ]
INFO: [ template_filter ] --END-- [ RunTime:0.000094s ]
INFO: Run Behavior\ParseTemplateBehavior [ RunTime:0.006620s ]
INFO: [ view_parse ] --END-- [ RunTime:0.006659s ]
INFO: [ view_filter ] --START--
INFO: Run Behavior\WriteHtmlCacheBehavior [ RunTime:0.000137s ]
INFO: [ view_filter ] --END-- [ RunTime:0.000157s ]
INFO: [ app_end ] --START--
INFO: Run Behavior\ShowPageTraceBehavior [ RunTime:0.000464s ]
INFO: [ app_end ] --END-- [ RunTime:0.000493s ]

[ 2018-05-31T16:43:04+08:00 ] ::1 /index.php/Student/Select
INFO: [ app_init ] --START--
INFO: Run Behavior\BuildLiteBehavior [ RunTime:0.000009s ]
INFO: [ app_init ] --END-- [ RunTime:0.000241s ]
INFO: [ app_begin ] --START--
INFO: Run Behavior\ReadHtmlCacheBehavior [ RunTime:0.000324s ]
INFO: [ app_begin ] --END-- [ RunTime:0.000347s ]
SQL: SHOW COLUMNS FROM `select_course` [ RunTime:0.0004s ]
SQL: SELECT COUNT(*) AS tp_count FROM `select_course` WHERE ( xh = 15121101 and xq = '2013-2014 秋季' ) LIMIT 1   [ RunTime:0.0002s ]
SQL: SELECT select_course.kh,course.km,teacher.xm,select_course.gh,open_course.sksj,course.xf FROM `select_course` INNER JOIN course on select_course.kh = course.kh INNER JOIN teacher on select_course.gh = teacher.gh INNER JOIN open_course on select_course.kh = open_course.kh and open_course.xq = select_course.xq  WHERE ( select_course.xh = 15121101 and select_course.xq = '2013-2014 秋季' ) LIMIT 0,10   [ RunTime:0.0006s ]
INFO: [ view_parse ] --START--
INFO: [ template_filter ] --START--
INFO: Run Behavior\ContentReplaceBehavior [ RunTime:0.000046s ]
INFO: [ template_filter ] --END-- [ RunTime:0.000074s ]
INFO: Run Behavior\ParseTemplateBehavior [ RunTime:0.005065s ]
INFO: [ view_parse ] --END-- [ RunTime:0.005092s ]
INFO: [ view_filter ] --START--
INFO: Run Behavior\WriteHtmlCacheBehavior [ RunTime:0.000107s ]
INFO: [ view_filter ] --END-- [ RunTime:0.000125s ]
INFO: [ app_end ] --START--
INFO: Run Behavior\ShowPageTraceBehavior [ RunTime:0.000550s ]
INFO: [ app_end ] --END-- [ RunTime:0.000594s ]

[ 2018-05-31T16:43:44+08:00 ] ::1 /index.php/Student/Select/DeleteCourse
INFO: [ app_init ] --START--
INFO: Run Behavior\BuildLiteBehavior [ RunTime:0.000009s ]
INFO: [ app_init ] --END-- [ RunTime:0.000241s ]
INFO: [ app_begin ] --START--
INFO: Run Behavior\ReadHtmlCacheBehavior [ RunTime:0.000353s ]
INFO: [ app_begin ] --END-- [ RunTime:0.000382s ]
SQL: SHOW COLUMNS FROM `select_course` [ RunTime:0.0005s ]
SQL: SELECT * FROM `select_course` WHERE ( xh = 15121101 and kh = 08305004 and gh = 0101 and xq = '2013-2014 秋季' ) LIMIT 1   [ RunTime:0.0003s ]
NOTIC: [2] Illegal offset type in isset or empty /Users/fyc/Documents/CODING/DB/Wechat_Course-master/ThinkPHP/Library/Think/Model.class.php 第 511 行.
SQL: DELETE FROM `select_course` WHERE ( xh = 15121101 and kh = 08305004 and gh = 0101 and xq = '2013-2014 秋季' ) [ RunTime:0.0023s ]
INFO: [ view_parse ] --START--
INFO: [ template_filter ] --START--
INFO: Run Behavior\ContentReplaceBehavior [ RunTime:0.000035s ]
INFO: [ template_filter ] --END-- [ RunTime:0.000077s ]
INFO: Run Behavior\ParseTemplateBehavior [ RunTime:0.005273s ]
INFO: [ view_parse ] --END-- [ RunTime:0.005324s ]
INFO: [ view_filter ] --START--
INFO: Run Behavior\WriteHtmlCacheBehavior [ RunTime:0.000155s ]
INFO: [ view_filter ] --END-- [ RunTime:0.000182s ]
INFO: [ app_end ] --START--
INFO: Run Behavior\ShowPageTraceBehavior [ RunTime:0.000552s ]
INFO: [ app_end ] --END-- [ RunTime:0.000582s ]

[ 2018-05-31T16:43:46+08:00 ] ::1 /index.php/Student/Select
INFO: [ app_init ] --START--
INFO: Run Behavior\BuildLiteBehavior [ RunTime:0.000009s ]
INFO: [ app_init ] --END-- [ RunTime:0.000236s ]
INFO: [ app_begin ] --START--
INFO: Run Behavior\ReadHtmlCacheBehavior [ RunTime:0.000318s ]
INFO: [ app_begin ] --END-- [ RunTime:0.000341s ]
SQL: SHOW COLUMNS FROM `select_course` [ RunTime:0.0004s ]
SQL: SELECT COUNT(*) AS tp_count FROM `select_course` WHERE ( xh = 15121101 and xq = '2013-2014 秋季' ) LIMIT 1   [ RunTime:0.0002s ]
SQL: SELECT select_course.kh,course.km,teacher.xm,select_course.gh,open_course.sksj,course.xf FROM `select_course` INNER JOIN course on select_course.kh = course.kh INNER JOIN teacher on select_course.gh = teacher.gh INNER JOIN open_course on select_course.kh = open_course.kh and open_course.xq = select_course.xq  WHERE ( select_course.xh = 15121101 and select_course.xq = '2013-2014 秋季' ) LIMIT 0,10   [ RunTime:0.0005s ]
INFO: [ view_parse ] --START--
INFO: [ template_filter ] --START--
INFO: Run Behavior\ContentReplaceBehavior [ RunTime:0.000048s ]
INFO: [ template_filter ] --END-- [ RunTime:0.000075s ]
INFO: Run Behavior\ParseTemplateBehavior [ RunTime:0.005050s ]
INFO: [ view_parse ] --END-- [ RunTime:0.005080s ]
INFO: [ view_filter ] --START--
INFO: Run Behavior\WriteHtmlCacheBehavior [ RunTime:0.000112s ]
INFO: [ view_filter ] --END-- [ RunTime:0.000131s ]
INFO: [ app_end ] --START--
INFO: Run Behavior\ShowPageTraceBehavior [ RunTime:0.000511s ]
INFO: [ app_end ] --END-- [ RunTime:0.000545s ]

[ 2018-05-31T16:43:57+08:00 ] ::1 /index.php/Student/
INFO: [ app_init ] --START--
INFO: Run Behavior\BuildLiteBehavior [ RunTime:0.000025s ]
INFO: [ app_init ] --END-- [ RunTime:0.000387s ]
INFO: [ app_begin ] --START--
INFO: Run Behavior\ReadHtmlCacheBehavior [ RunTime:0.000560s ]
INFO: [ app_begin ] --END-- [ RunTime:0.000594s ]
INFO: [ view_parse ] --START--
INFO: [ template_filter ] --START--
INFO: Run Behavior\ContentReplaceBehavior [ RunTime:0.000086s ]
INFO: [ template_filter ] --END-- [ RunTime:0.000122s ]
INFO: Run Behavior\ParseTemplateBehavior [ RunTime:0.007732s ]
INFO: [ view_parse ] --END-- [ RunTime:0.007761s ]
INFO: [ view_filter ] --START--
INFO: Run Behavior\WriteHtmlCacheBehavior [ RunTime:0.000122s ]
INFO: [ view_filter ] --END-- [ RunTime:0.000141s ]
INFO: [ app_end ] --START--
INFO: Run Behavior\ShowPageTraceBehavior [ RunTime:0.001011s ]
INFO: [ app_end ] --END-- [ RunTime:0.001172s ]

[ 2018-05-31T16:45:33+08:00 ] ::1 /index.php/Student.html
INFO: [ app_init ] --START--
INFO: Run Behavior\BuildLiteBehavior [ RunTime:0.000009s ]
INFO: [ app_init ] --END-- [ RunTime:0.000239s ]
INFO: [ app_begin ] --START--
INFO: Run Behavior\ReadHtmlCacheBehavior [ RunTime:0.000320s ]
INFO: [ app_begin ] --END-- [ RunTime:0.000343s ]
INFO: [ view_parse ] --START--
INFO: [ template_filter ] --START--
INFO: Run Behavior\ContentReplaceBehavior [ RunTime:0.000054s ]
INFO: [ template_filter ] --END-- [ RunTime:0.000079s ]
INFO: Run Behavior\ParseTemplateBehavior [ RunTime:0.004533s ]
INFO: [ view_parse ] --END-- [ RunTime:0.004556s ]
INFO: [ view_filter ] --START--
INFO: Run Behavior\WriteHtmlCacheBehavior [ RunTime:0.000101s ]
INFO: [ view_filter ] --END-- [ RunTime:0.000120s ]
INFO: [ app_end ] --START--
INFO: Run Behavior\ShowPageTraceBehavior [ RunTime:0.000400s ]
INFO: [ app_end ] --END-- [ RunTime:0.000424s ]

[ 2018-05-31T16:45:35+08:00 ] ::1 /index.php/Student/Select
INFO: [ app_init ] --START--
INFO: Run Behavior\BuildLiteBehavior [ RunTime:0.000010s ]
INFO: [ app_init ] --END-- [ RunTime:0.000242s ]
INFO: [ app_begin ] --START--
INFO: Run Behavior\ReadHtmlCacheBehavior [ RunTime:0.000325s ]
INFO: [ app_begin ] --END-- [ RunTime:0.000348s ]
SQL: SHOW COLUMNS FROM `select_course` [ RunTime:0.0005s ]
SQL: SELECT COUNT(*) AS tp_count FROM `select_course` WHERE ( xh = 15121101 and xq = '2013-2014 秋季' ) LIMIT 1   [ RunTime:0.0003s ]
SQL: SELECT select_course.kh,course.km,teacher.xm,select_course.gh,open_course.sksj,course.xf FROM `select_course` INNER JOIN course on select_course.kh = course.kh INNER JOIN teacher on select_course.gh = teacher.gh INNER JOIN open_course on select_course.kh = open_course.kh and open_course.xq = select_course.xq  WHERE ( select_course.xh = 15121101 and select_course.xq = '2013-2014 秋季' ) LIMIT 0,10   [ RunTime:0.0007s ]
INFO: [ view_parse ] --START--
INFO: [ template_filter ] --START--
INFO: Run Behavior\ContentReplaceBehavior [ RunTime:0.000048s ]
INFO: [ template_filter ] --END-- [ RunTime:0.000079s ]
INFO: Run Behavior\ParseTemplateBehavior [ RunTime:0.006261s ]
INFO: [ view_parse ] --END-- [ RunTime:0.006300s ]
INFO: [ view_filter ] --START--
INFO: Run Behavior\WriteHtmlCacheBehavior [ RunTime:0.000108s ]
INFO: [ view_filter ] --END-- [ RunTime:0.000126s ]
INFO: [ app_end ] --START--
INFO: Run Behavior\ShowPageTraceBehavior [ RunTime:0.000443s ]
INFO: [ app_end ] --END-- [ RunTime:0.000478s ]

[ 2018-05-31T16:45:35+08:00 ] ::1 /index.php/Student/Search
INFO: [ app_init ] --START--
INFO: Run Behavior\BuildLiteBehavior [ RunTime:0.000008s ]
INFO: [ app_init ] --END-- [ RunTime:0.000251s ]
INFO: [ app_begin ] --START--
INFO: Run Behavior\ReadHtmlCacheBehavior [ RunTime:0.000334s ]
INFO: [ app_begin ] --END-- [ RunTime:0.000357s ]
INFO: [ view_parse ] --START--
INFO: [ template_filter ] --START--
INFO: Run Behavior\ContentReplaceBehavior [ RunTime:0.000125s ]
INFO: [ template_filter ] --END-- [ RunTime:0.000172s ]
NOTIC: [8] Undefined variable: count /Users/fyc/Documents/CODING/DB/Wechat_Course-master/Application/Runtime/Cache/Student/cc27c3fa40c93f8eb943a0afcacece2a.php 第 208 行.
NOTIC: [8] Undefined variable: list /Users/fyc/Documents/CODING/DB/Wechat_Course-master/Application/Runtime/Cache/Student/cc27c3fa40c93f8eb943a0afcacece2a.php 第 235 行.
NOTIC: [8] Undefined variable: page /Users/fyc/Documents/CODING/DB/Wechat_Course-master/Application/Runtime/Cache/Student/cc27c3fa40c93f8eb943a0afcacece2a.php 第 246 行.
INFO: Run Behavior\ParseTemplateBehavior [ RunTime:0.007173s ]
INFO: [ view_parse ] --END-- [ RunTime:0.007225s ]
INFO: [ view_filter ] --START--
INFO: Run Behavior\WriteHtmlCacheBehavior [ RunTime:0.000229s ]
INFO: [ view_filter ] --END-- [ RunTime:0.000258s ]
INFO: [ app_end ] --START--
INFO: Run Behavior\ShowPageTraceBehavior [ RunTime:0.000633s ]
INFO: [ app_end ] --END-- [ RunTime:0.000676s ]

[ 2018-05-31T16:46:08+08:00 ] ::1 /index.php/Student/Score
INFO: [ app_init ] --START--
INFO: Run Behavior\BuildLiteBehavior [ RunTime:0.000022s ]
INFO: [ app_init ] --END-- [ RunTime:0.000343s ]
INFO: [ app_begin ] --START--
INFO: Run Behavior\ReadHtmlCacheBehavior [ RunTime:0.000364s ]
INFO: [ app_begin ] --END-- [ RunTime:0.000390s ]
INFO: [ view_parse ] --START--
INFO: [ template_filter ] --START--
INFO: Run Behavior\ContentReplaceBehavior [ RunTime:0.000061s ]
INFO: [ template_filter ] --END-- [ RunTime:0.000097s ]
NOTIC: [8] Undefined variable: count /Users/fyc/Documents/CODING/DB/Wechat_Course-master/Application/Runtime/Cache/Student/887017c4557ae6ddc5636a988d793cc3.php 第 155 行.
NOTIC: [8] Undefined variable: list /Users/fyc/Documents/CODING/DB/Wechat_Course-master/Application/Runtime/Cache/Student/887017c4557ae6ddc5636a988d793cc3.php 第 184 行.
NOTIC: [8] Undefined variable: page /Users/fyc/Documents/CODING/DB/Wechat_Course-master/Application/Runtime/Cache/Student/887017c4557ae6ddc5636a988d793cc3.php 第 197 行.
INFO: Run Behavior\ParseTemplateBehavior [ RunTime:0.008860s ]
INFO: [ view_parse ] --END-- [ RunTime:0.008891s ]
INFO: [ view_filter ] --START--
INFO: Run Behavior\WriteHtmlCacheBehavior [ RunTime:0.000137s ]
INFO: [ view_filter ] --END-- [ RunTime:0.000155s ]
INFO: [ app_end ] --START--
INFO: Run Behavior\ShowPageTraceBehavior [ RunTime:0.000583s ]
INFO: [ app_end ] --END-- [ RunTime:0.000625s ]

[ 2018-05-31T16:46:13+08:00 ] ::1 /index.php/Student/Score/GetScore
INFO: [ app_init ] --START--
INFO: Run Behavior\BuildLiteBehavior [ RunTime:0.000012s ]
INFO: [ app_init ] --END-- [ RunTime:0.000306s ]
INFO: [ app_begin ] --START--
INFO: Run Behavior\ReadHtmlCacheBehavior [ RunTime:0.000395s ]
INFO: [ app_begin ] --END-- [ RunTime:0.000423s ]
SQL: SHOW COLUMNS FROM `select_course` [ RunTime:0.0014s ]
SQL: SELECT select_course.kh,course.km,teacher.xm,select_course.gh,course.xf,select_course.pscj,select_course.kscj,select_course.zpcj FROM `select_course` INNER JOIN course on select_course.kh = course.kh INNER JOIN teacher on select_course.gh = teacher.gh  WHERE select_course.xh = '15121101' AND select_course.xq = '2013-2014 秋季'  [ RunTime:0.0007s ]
INFO: [ view_parse ] --START--
INFO: [ template_filter ] --START--
INFO: Run Behavior\ContentReplaceBehavior [ RunTime:0.000050s ]
INFO: [ template_filter ] --END-- [ RunTime:0.000086s ]
NOTIC: [8] Undefined variable: count /Users/fyc/Documents/CODING/DB/Wechat_Course-master/Application/Runtime/Cache/Student/887017c4557ae6ddc5636a988d793cc3.php 第 155 行.
NOTIC: [8] Undefined variable: page /Users/fyc/Documents/CODING/DB/Wechat_Course-master/Application/Runtime/Cache/Student/887017c4557ae6ddc5636a988d793cc3.php 第 197 行.
INFO: Run Behavior\ParseTemplateBehavior [ RunTime:0.006097s ]
INFO: [ view_parse ] --END-- [ RunTime:0.006135s ]
INFO: [ view_filter ] --START--
INFO: Run Behavior\WriteHtmlCacheBehavior [ RunTime:0.000176s ]
INFO: [ view_filter ] --END-- [ RunTime:0.000206s ]
INFO: [ app_end ] --START--
INFO: Run Behavior\ShowPageTraceBehavior [ RunTime:0.000804s ]
INFO: [ app_end ] --END-- [ RunTime:0.000936s ]

[ 2018-05-31T16:46:20+08:00 ] ::1 /index.php/Student/Score/GetScore
INFO: [ app_init ] --START--
INFO: Run Behavior\BuildLiteBehavior [ RunTime:0.000023s ]
INFO: [ app_init ] --END-- [ RunTime:0.000386s ]
INFO: [ app_begin ] --START--
INFO: Run Behavior\ReadHtmlCacheBehavior [ RunTime:0.000367s ]
INFO: [ app_begin ] --END-- [ RunTime:0.000394s ]
SQL: SHOW COLUMNS FROM `select_course` [ RunTime:0.0005s ]
SQL: SELECT select_course.kh,course.km,teacher.xm,select_course.gh,course.xf,select_course.pscj,select_course.kscj,select_course.zpcj FROM `select_course` INNER JOIN course on select_course.kh = course.kh INNER JOIN teacher on select_course.gh = teacher.gh  WHERE select_course.xh = '15121101' AND select_course.xq = '2013-2014 秋季'  [ RunTime:0.0006s ]
INFO: [ view_parse ] --START--
INFO: [ template_filter ] --START--
INFO: Run Behavior\ContentReplaceBehavior [ RunTime:0.000063s ]
INFO: [ template_filter ] --END-- [ RunTime:0.000103s ]
NOTIC: [8] Undefined variable: count /Users/fyc/Documents/CODING/DB/Wechat_Course-master/Application/Runtime/Cache/Student/887017c4557ae6ddc5636a988d793cc3.php 第 155 行.
NOTIC: [8] Undefined variable: page /Users/fyc/Documents/CODING/DB/Wechat_Course-master/Application/Runtime/Cache/Student/887017c4557ae6ddc5636a988d793cc3.php 第 197 行.
INFO: Run Behavior\ParseTemplateBehavior [ RunTime:0.008001s ]
INFO: [ view_parse ] --END-- [ RunTime:0.008028s ]
INFO: [ view_filter ] --START--
INFO: Run Behavior\WriteHtmlCacheBehavior [ RunTime:0.000148s ]
INFO: [ view_filter ] --END-- [ RunTime:0.000169s ]
INFO: [ app_end ] --START--
INFO: Run Behavior\ShowPageTraceBehavior [ RunTime:0.000872s ]
INFO: [ app_end ] --END-- [ RunTime:0.000941s ]

[ 2018-05-31T16:46:25+08:00 ] ::1 /index.php/Student/Score/GetScore
INFO: [ app_init ] --START--
INFO: Run Behavior\BuildLiteBehavior [ RunTime:0.000009s ]
INFO: [ app_init ] --END-- [ RunTime:0.000242s ]
INFO: [ app_begin ] --START--
INFO: Run Behavior\ReadHtmlCacheBehavior [ RunTime:0.000348s ]
INFO: [ app_begin ] --END-- [ RunTime:0.000376s ]
SQL: SHOW COLUMNS FROM `select_course` [ RunTime:0.0005s ]
SQL: SELECT select_course.kh,course.km,teacher.xm,select_course.gh,course.xf,select_course.pscj,select_course.kscj,select_course.zpcj FROM `select_course` INNER JOIN course on select_course.kh = course.kh INNER JOIN teacher on select_course.gh = teacher.gh  WHERE select_course.xh = '15121101' AND select_course.xq = '2012-2013 春季'  [ RunTime:0.0006s ]
INFO: [ view_parse ] --START--
INFO: [ template_filter ] --START--
INFO: Run Behavior\ContentReplaceBehavior [ RunTime:0.000044s ]
INFO: [ template_filter ] --END-- [ RunTime:0.000075s ]
NOTIC: [8] Undefined variable: count /Users/fyc/Documents/CODING/DB/Wechat_Course-master/Application/Runtime/Cache/Student/887017c4557ae6ddc5636a988d793cc3.php 第 155 行.
NOTIC: [8] Undefined variable: page /Users/fyc/Documents/CODING/DB/Wechat_Course-master/Application/Runtime/Cache/Student/887017c4557ae6ddc5636a988d793cc3.php 第 197 行.
INFO: Run Behavior\ParseTemplateBehavior [ RunTime:0.005107s ]
INFO: [ view_parse ] --END-- [ RunTime:0.005131s ]
INFO: [ view_filter ] --START--
INFO: Run Behavior\WriteHtmlCacheBehavior [ RunTime:0.000115s ]
INFO: [ view_filter ] --END-- [ RunTime:0.000133s ]
INFO: [ app_end ] --START--
INFO: Run Behavior\ShowPageTraceBehavior [ RunTime:0.000438s ]
INFO: [ app_end ] --END-- [ RunTime:0.000470s ]

[ 2018-05-31T16:46:29+08:00 ] ::1 /index.php/Student/Score/GetScore
INFO: [ app_init ] --START--
INFO: Run Behavior\BuildLiteBehavior [ RunTime:0.000009s ]
INFO: [ app_init ] --END-- [ RunTime:0.000245s ]
INFO: [ app_begin ] --START--
INFO: Run Behavior\ReadHtmlCacheBehavior [ RunTime:0.000795s ]
INFO: [ app_begin ] --END-- [ RunTime:0.000841s ]
SQL: SHOW COLUMNS FROM `select_course` [ RunTime:0.0004s ]
SQL: SELECT select_course.kh,course.km,teacher.xm,select_course.gh,course.xf,select_course.pscj,select_course.kscj,select_course.zpcj FROM `select_course` INNER JOIN course on select_course.kh = course.kh INNER JOIN teacher on select_course.gh = teacher.gh  WHERE select_course.xh = '15121101' AND select_course.xq = '2013-2014 夏季'  [ RunTime:0.0005s ]
INFO: [ view_parse ] --START--
INFO: [ template_filter ] --START--
INFO: Run Behavior\ContentReplaceBehavior [ RunTime:0.000042s ]
INFO: [ template_filter ] --END-- [ RunTime:0.000068s ]
NOTIC: [8] Undefined variable: count /Users/fyc/Documents/CODING/DB/Wechat_Course-master/Application/Runtime/Cache/Student/887017c4557ae6ddc5636a988d793cc3.php 第 155 行.
NOTIC: [8] Undefined variable: page /Users/fyc/Documents/CODING/DB/Wechat_Course-master/Application/Runtime/Cache/Student/887017c4557ae6ddc5636a988d793cc3.php 第 197 行.
INFO: Run Behavior\ParseTemplateBehavior [ RunTime:0.004689s ]
INFO: [ view_parse ] --END-- [ RunTime:0.004712s ]
INFO: [ view_filter ] --START--
INFO: Run Behavior\WriteHtmlCacheBehavior [ RunTime:0.000104s ]
INFO: [ view_filter ] --END-- [ RunTime:0.000123s ]
INFO: [ app_end ] --START--
INFO: Run Behavior\ShowPageTraceBehavior [ RunTime:0.000459s ]
INFO: [ app_end ] --END-- [ RunTime:0.000493s ]

[ 2018-05-31T16:46:32+08:00 ] ::1 /index.php/Student/Search
INFO: [ app_init ] --START--
INFO: Run Behavior\BuildLiteBehavior [ RunTime:0.000009s ]
INFO: [ app_init ] --END-- [ RunTime:0.000238s ]
INFO: [ app_begin ] --START--
INFO: Run Behavior\ReadHtmlCacheBehavior [ RunTime:0.000320s ]
INFO: [ app_begin ] --END-- [ RunTime:0.000343s ]
INFO: [ view_parse ] --START--
INFO: [ template_filter ] --START--
INFO: Run Behavior\ContentReplaceBehavior [ RunTime:0.000074s ]
INFO: [ template_filter ] --END-- [ RunTime:0.000138s ]
NOTIC: [8] Undefined variable: count /Users/fyc/Documents/CODING/DB/Wechat_Course-master/Application/Runtime/Cache/Student/cc27c3fa40c93f8eb943a0afcacece2a.php 第 208 行.
NOTIC: [8] Undefined variable: list /Users/fyc/Documents/CODING/DB/Wechat_Course-master/Application/Runtime/Cache/Student/cc27c3fa40c93f8eb943a0afcacece2a.php 第 235 行.
NOTIC: [8] Undefined variable: page /Users/fyc/Documents/CODING/DB/Wechat_Course-master/Application/Runtime/Cache/Student/cc27c3fa40c93f8eb943a0afcacece2a.php 第 246 行.
INFO: Run Behavior\ParseTemplateBehavior [ RunTime:0.006225s ]
INFO: [ view_parse ] --END-- [ RunTime:0.006257s ]
INFO: [ view_filter ] --START--
INFO: Run Behavior\WriteHtmlCacheBehavior [ RunTime:0.000186s ]
INFO: [ view_filter ] --END-- [ RunTime:0.000209s ]
INFO: [ app_end ] --START--
INFO: Run Behavior\ShowPageTraceBehavior [ RunTime:0.000592s ]
INFO: [ app_end ] --END-- [ RunTime:0.000630s ]

[ 2018-05-31T16:46:36+08:00 ] ::1 /index.php/Student/Search/SearchCourse
INFO: [ app_init ] --START--
INFO: Run Behavior\BuildLiteBehavior [ RunTime:0.000010s ]
INFO: [ app_init ] --END-- [ RunTime:0.000252s ]
INFO: [ app_begin ] --START--
INFO: Run Behavior\ReadHtmlCacheBehavior [ RunTime:0.000348s ]
INFO: [ app_begin ] --END-- [ RunTime:0.000375s ]
SQL: SHOW COLUMNS FROM `open_course` [ RunTime:0.0007s ]
NOTIC: [8] Undefined variable: query_string /Users/fyc/Documents/CODING/DB/Wechat_Course-master/Application/Student/Controller/SearchController.class.php 第 77 行.
SQL: SELECT COUNT(*) AS tp_count FROM `open_course` INNER JOIN course on open_course.kh = course.kh INNER JOIN teacher on open_course.gh = teacher.gh  WHERE open_course.xq = '2013-2014 秋季' AND course.xf = '4' LIMIT 1   [ RunTime:0.0005s ]
SQL: SELECT open_course.kh,course.km,teacher.xm,teacher.gh,open_course.sksj,course.xf FROM `open_course` INNER JOIN course on open_course.kh = course.kh INNER JOIN teacher on open_course.gh = teacher.gh  WHERE open_course.xq = '2013-2014 秋季' AND course.xf = '4' LIMIT 0,10   [ RunTime:0.0005s ]
NOTIC: [8] Undefined variable: query_string /Users/fyc/Documents/CODING/DB/Wechat_Course-master/Application/Student/Controller/SearchController.class.php 第 100 行.
INFO: [ view_parse ] --START--
INFO: [ template_filter ] --START--
INFO: Run Behavior\ContentReplaceBehavior [ RunTime:0.000064s ]
INFO: [ template_filter ] --END-- [ RunTime:0.000100s ]
INFO: Run Behavior\ParseTemplateBehavior [ RunTime:0.005420s ]
INFO: [ view_parse ] --END-- [ RunTime:0.005453s ]
INFO: [ view_filter ] --START--
INFO: Run Behavior\WriteHtmlCacheBehavior [ RunTime:0.000158s ]
INFO: [ view_filter ] --END-- [ RunTime:0.000178s ]
INFO: [ app_end ] --START--
INFO: Run Behavior\ShowPageTraceBehavior [ RunTime:0.000608s ]
INFO: [ app_end ] --END-- [ RunTime:0.000657s ]

[ 2018-05-31T16:46:49+08:00 ] ::1 /index.php/Student/Search/SearchCourse
INFO: [ app_init ] --START--
INFO: Run Behavior\BuildLiteBehavior [ RunTime:0.000021s ]
INFO: [ app_init ] --END-- [ RunTime:0.000341s ]
INFO: [ app_begin ] --START--
INFO: Run Behavior\ReadHtmlCacheBehavior [ RunTime:0.000356s ]
INFO: [ app_begin ] --END-- [ RunTime:0.000383s ]
SQL: SHOW COLUMNS FROM `open_course` [ RunTime:0.0006s ]
NOTIC: [8] Undefined variable: query_string /Users/fyc/Documents/CODING/DB/Wechat_Course-master/Application/Student/Controller/SearchController.class.php 第 77 行.
SQL: SELECT COUNT(*) AS tp_count FROM `open_course` INNER JOIN course on open_course.kh = course.kh INNER JOIN teacher on open_course.gh = teacher.gh  WHERE open_course.xq = '2013-2014 秋季' AND teacher.xm = '0101' LIMIT 1   [ RunTime:0.0010s ]
SQL: SELECT open_course.kh,course.km,teacher.xm,teacher.gh,open_course.sksj,course.xf FROM `open_course` INNER JOIN course on open_course.kh = course.kh INNER JOIN teacher on open_course.gh = teacher.gh  WHERE open_course.xq = '2013-2014 秋季' AND teacher.xm = '0101' LIMIT 0,10   [ RunTime:0.0004s ]
NOTIC: [8] Undefined variable: query_string /Users/fyc/Documents/CODING/DB/Wechat_Course-master/Application/Student/Controller/SearchController.class.php 第 100 行.
INFO: [ view_parse ] --START--
INFO: [ template_filter ] --START--
INFO: Run Behavior\ContentReplaceBehavior [ RunTime:0.000126s ]
INFO: [ template_filter ] --END-- [ RunTime:0.000201s ]
INFO: Run Behavior\ParseTemplateBehavior [ RunTime:0.007291s ]
INFO: [ view_parse ] --END-- [ RunTime:0.007339s ]
INFO: [ view_filter ] --START--
INFO: Run Behavior\WriteHtmlCacheBehavior [ RunTime:0.000135s ]
INFO: [ view_filter ] --END-- [ RunTime:0.000154s ]
INFO: [ app_end ] --START--
INFO: Run Behavior\ShowPageTraceBehavior [ RunTime:0.000549s ]
INFO: [ app_end ] --END-- [ RunTime:0.000588s ]

[ 2018-05-31T16:46:53+08:00 ] ::1 /index.php/Student/Score
INFO: [ app_init ] --START--
INFO: Run Behavior\BuildLiteBehavior [ RunTime:0.000012s ]
INFO: [ app_init ] --END-- [ RunTime:0.000348s ]
INFO: [ app_begin ] --START--
INFO: Run Behavior\ReadHtmlCacheBehavior [ RunTime:0.000377s ]
INFO: [ app_begin ] --END-- [ RunTime:0.000409s ]
INFO: [ view_parse ] --START--
INFO: [ template_filter ] --START--
INFO: Run Behavior\ContentReplaceBehavior [ RunTime:0.000045s ]
INFO: [ template_filter ] --END-- [ RunTime:0.000078s ]
NOTIC: [8] Undefined variable: count /Users/fyc/Documents/CODING/DB/Wechat_Course-master/Application/Runtime/Cache/Student/887017c4557ae6ddc5636a988d793cc3.php 第 155 行.
NOTIC: [8] Undefined variable: list /Users/fyc/Documents/CODING/DB/Wechat_Course-master/Application/Runtime/Cache/Student/887017c4557ae6ddc5636a988d793cc3.php 第 184 行.
NOTIC: [8] Undefined variable: page /Users/fyc/Documents/CODING/DB/Wechat_Course-master/Application/Runtime/Cache/Student/887017c4557ae6ddc5636a988d793cc3.php 第 197 行.
INFO: Run Behavior\ParseTemplateBehavior [ RunTime:0.005290s ]
INFO: [ view_parse ] --END-- [ RunTime:0.005314s ]
INFO: [ view_filter ] --START--
INFO: Run Behavior\WriteHtmlCacheBehavior [ RunTime:0.000115s ]
INFO: [ view_filter ] --END-- [ RunTime:0.000132s ]
INFO: [ app_end ] --START--
INFO: Run Behavior\ShowPageTraceBehavior [ RunTime:0.000528s ]
INFO: [ app_end ] --END-- [ RunTime:0.000569s ]

[ 2018-05-31T16:48:11+08:00 ] ::1 /index.php/Student/Score/GetScore
INFO: [ app_init ] --START--
INFO: Run Behavior\BuildLiteBehavior [ RunTime:0.000015s ]
INFO: [ app_init ] --END-- [ RunTime:0.000335s ]
INFO: [ app_begin ] --START--
INFO: Run Behavior\ReadHtmlCacheBehavior [ RunTime:0.000409s ]
INFO: [ app_begin ] --END-- [ RunTime:0.000441s ]
SQL: SHOW COLUMNS FROM `select_course` [ RunTime:0.0005s ]
SQL: SELECT select_course.kh,course.km,teacher.xm,select_course.gh,course.xf,select_course.pscj,select_course.kscj,select_course.zpcj FROM `select_course` INNER JOIN course on select_course.kh = course.kh INNER JOIN teacher on select_course.gh = teacher.gh  WHERE select_course.xh = '15121101' AND select_course.xq = '2013-2014 秋季'  [ RunTime:0.0003s ]
INFO: [ view_parse ] --START--
INFO: [ template_filter ] --START--
INFO: Run Behavior\ContentReplaceBehavior [ RunTime:0.000054s ]
INFO: [ template_filter ] --END-- [ RunTime:0.000087s ]
NOTIC: [8] Undefined variable: count /Users/fyc/Documents/CODING/DB/Wechat_Course-master/Application/Runtime/Cache/Student/887017c4557ae6ddc5636a988d793cc3.php 第 155 行.
NOTIC: [8] Undefined variable: page /Users/fyc/Documents/CODING/DB/Wechat_Course-master/Application/Runtime/Cache/Student/887017c4557ae6ddc5636a988d793cc3.php 第 197 行.
INFO: Run Behavior\ParseTemplateBehavior [ RunTime:0.008043s ]
INFO: [ view_parse ] --END-- [ RunTime:0.008066s ]
INFO: [ view_filter ] --START--
INFO: Run Behavior\WriteHtmlCacheBehavior [ RunTime:0.000126s ]
INFO: [ view_filter ] --END-- [ RunTime:0.000143s ]
INFO: [ app_end ] --START--
INFO: Run Behavior\ShowPageTraceBehavior [ RunTime:0.000508s ]
INFO: [ app_end ] --END-- [ RunTime:0.000543s ]

[ 2018-05-31T16:48:31+08:00 ] ::1 /index.php/Student/Score/GetScore
INFO: [ app_init ] --START--
INFO: Run Behavior\BuildLiteBehavior [ RunTime:0.000013s ]
INFO: [ app_init ] --END-- [ RunTime:0.000427s ]
INFO: [ app_begin ] --START--
INFO: Run Behavior\ReadHtmlCacheBehavior [ RunTime:0.000685s ]
INFO: [ app_begin ] --END-- [ RunTime:0.000745s ]
SQL: SHOW COLUMNS FROM `select_course` [ RunTime:0.0005s ]
SQL: SELECT select_course.kh,course.km,teacher.xm,select_course.gh,course.xf,select_course.pscj,select_course.kscj,select_course.zpcj FROM `select_course` INNER JOIN course on select_course.kh = course.kh INNER JOIN teacher on select_course.gh = teacher.gh  WHERE select_course.xh = '15121101' AND select_course.xq = '2012-2013 秋季'  [ RunTime:0.0003s ]
INFO: [ view_parse ] --START--
INFO: [ template_filter ] --START--
INFO: Run Behavior\ContentReplaceBehavior [ RunTime:0.000045s ]
INFO: [ template_filter ] --END-- [ RunTime:0.000075s ]
NOTIC: [8] Undefined variable: count /Users/fyc/Documents/CODING/DB/Wechat_Course-master/Application/Runtime/Cache/Student/887017c4557ae6ddc5636a988d793cc3.php 第 155 行.
NOTIC: [8] Undefined variable: page /Users/fyc/Documents/CODING/DB/Wechat_Course-master/Application/Runtime/Cache/Student/887017c4557ae6ddc5636a988d793cc3.php 第 197 行.
INFO: Run Behavior\ParseTemplateBehavior [ RunTime:0.005099s ]
INFO: [ view_parse ] --END-- [ RunTime:0.005122s ]
INFO: [ view_filter ] --START--
INFO: Run Behavior\WriteHtmlCacheBehavior [ RunTime:0.000133s ]
INFO: [ view_filter ] --END-- [ RunTime:0.000156s ]
INFO: [ app_end ] --START--
INFO: Run Behavior\ShowPageTraceBehavior [ RunTime:0.000561s ]
INFO: [ app_end ] --END-- [ RunTime:0.000608s ]

[ 2018-05-31T18:38:05+08:00 ] ::1 /index.php/Student.html
INFO: [ app_init ] --START--
INFO: Run Behavior\BuildLiteBehavior [ RunTime:0.000021s ]
INFO: [ app_init ] --END-- [ RunTime:0.000451s ]
INFO: [ app_begin ] --START--
INFO: Run Behavior\ReadHtmlCacheBehavior [ RunTime:0.000442s ]
INFO: [ app_begin ] --END-- [ RunTime:0.000474s ]
INFO: [ view_parse ] --START--
INFO: [ template_filter ] --START--
INFO: Run Behavior\ContentReplaceBehavior [ RunTime:0.000057s ]
INFO: [ template_filter ] --END-- [ RunTime:0.000086s ]
INFO: Run Behavior\ParseTemplateBehavior [ RunTime:0.005435s ]
INFO: [ view_parse ] --END-- [ RunTime:0.005460s ]
INFO: [ view_filter ] --START--
INFO: Run Behavior\WriteHtmlCacheBehavior [ RunTime:0.000102s ]
INFO: [ view_filter ] --END-- [ RunTime:0.000119s ]
INFO: [ app_end ] --START--
INFO: Run Behavior\ShowPageTraceBehavior [ RunTime:0.000566s ]
INFO: [ app_end ] --END-- [ RunTime:0.000606s ]

[ 2018-05-31T18:38:07+08:00 ] ::1 /index.php/Student/Select
INFO: [ app_init ] --START--
INFO: Run Behavior\BuildLiteBehavior [ RunTime:0.000009s ]
INFO: [ app_init ] --END-- [ RunTime:0.000237s ]
INFO: [ app_begin ] --START--
INFO: Run Behavior\ReadHtmlCacheBehavior [ RunTime:0.000317s ]
INFO: [ app_begin ] --END-- [ RunTime:0.000341s ]
SQL: SHOW COLUMNS FROM `select_course` [ RunTime:0.0004s ]
SQL: SELECT COUNT(*) AS tp_count FROM `select_course` WHERE ( xh = 15121101 and xq = '2013-2014 秋季' ) LIMIT 1   [ RunTime:0.0002s ]
SQL: SELECT select_course.kh,course.km,teacher.xm,select_course.gh,open_course.sksj,course.xf FROM `select_course` INNER JOIN course on select_course.kh = course.kh INNER JOIN teacher on select_course.gh = teacher.gh INNER JOIN open_course on select_course.kh = open_course.kh and open_course.xq = select_course.xq  WHERE ( select_course.xh = 15121101 and select_course.xq = '2013-2014 秋季' ) LIMIT 0,10   [ RunTime:0.0004s ]
INFO: [ view_parse ] --START--
INFO: [ template_filter ] --START--
INFO: Run Behavior\ContentReplaceBehavior [ RunTime:0.000066s ]
INFO: [ template_filter ] --END-- [ RunTime:0.000118s ]
INFO: Run Behavior\ParseTemplateBehavior [ RunTime:0.006796s ]
INFO: [ view_parse ] --END-- [ RunTime:0.006834s ]
INFO: [ view_filter ] --START--
INFO: Run Behavior\WriteHtmlCacheBehavior [ RunTime:0.000201s ]
INFO: [ view_filter ] --END-- [ RunTime:0.000231s ]
INFO: [ app_end ] --START--
INFO: Run Behavior\ShowPageTraceBehavior [ RunTime:0.000913s ]
INFO: [ app_end ] --END-- [ RunTime:0.000978s ]

[ 2018-05-31T18:38:08+08:00 ] ::1 /index.php/Student/Select
INFO: [ app_init ] --START--
INFO: Run Behavior\BuildLiteBehavior [ RunTime:0.000010s ]
INFO: [ app_init ] --END-- [ RunTime:0.000275s ]
INFO: [ app_begin ] --START--
INFO: Run Behavior\ReadHtmlCacheBehavior [ RunTime:0.000368s ]
INFO: [ app_begin ] --END-- [ RunTime:0.000395s ]
SQL: SHOW COLUMNS FROM `select_course` [ RunTime:0.0003s ]
SQL: SELECT COUNT(*) AS tp_count FROM `select_course` WHERE ( xh = 15121101 and xq = '2013-2014 秋季' ) LIMIT 1   [ RunTime:0.0002s ]
SQL: SELECT select_course.kh,course.km,teacher.xm,select_course.gh,open_course.sksj,course.xf FROM `select_course` INNER JOIN course on select_course.kh = course.kh INNER JOIN teacher on select_course.gh = teacher.gh INNER JOIN open_course on select_course.kh = open_course.kh and open_course.xq = select_course.xq  WHERE ( select_course.xh = 15121101 and select_course.xq = '2013-2014 秋季' ) LIMIT 0,10   [ RunTime:0.0004s ]
INFO: [ view_parse ] --START--
INFO: [ template_filter ] --START--
INFO: Run Behavior\ContentReplaceBehavior [ RunTime:0.000049s ]
INFO: [ template_filter ] --END-- [ RunTime:0.000080s ]
INFO: Run Behavior\ParseTemplateBehavior [ RunTime:0.005974s ]
INFO: [ view_parse ] --END-- [ RunTime:0.006000s ]
INFO: [ view_filter ] --START--
INFO: Run Behavior\WriteHtmlCacheBehavior [ RunTime:0.000108s ]
INFO: [ view_filter ] --END-- [ RunTime:0.000133s ]
INFO: [ app_end ] --START--
INFO: Run Behavior\ShowPageTraceBehavior [ RunTime:0.000568s ]
INFO: [ app_end ] --END-- [ RunTime:0.000622s ]

[ 2018-05-31T18:38:21+08:00 ] ::1 /index.php/Student/Search
INFO: [ app_init ] --START--
INFO: Run Behavior\BuildLiteBehavior [ RunTime:0.000021s ]
INFO: [ app_init ] --END-- [ RunTime:0.000343s ]
INFO: [ app_begin ] --START--
INFO: Run Behavior\ReadHtmlCacheBehavior [ RunTime:0.000352s ]
INFO: [ app_begin ] --END-- [ RunTime:0.000377s ]
INFO: [ view_parse ] --START--
INFO: [ template_filter ] --START--
INFO: Run Behavior\ContentReplaceBehavior [ RunTime:0.000074s ]
INFO: [ template_filter ] --END-- [ RunTime:0.000119s ]
NOTIC: [8] Undefined variable: count /Users/fyc/Documents/CODING/DB/Wechat_Course-master/Application/Runtime/Cache/Student/cc27c3fa40c93f8eb943a0afcacece2a.php 第 208 行.
NOTIC: [8] Undefined variable: list /Users/fyc/Documents/CODING/DB/Wechat_Course-master/Application/Runtime/Cache/Student/cc27c3fa40c93f8eb943a0afcacece2a.php 第 235 行.
NOTIC: [8] Undefined variable: page /Users/fyc/Documents/CODING/DB/Wechat_Course-master/Application/Runtime/Cache/Student/cc27c3fa40c93f8eb943a0afcacece2a.php 第 246 行.
INFO: Run Behavior\ParseTemplateBehavior [ RunTime:0.008442s ]
INFO: [ view_parse ] --END-- [ RunTime:0.008474s ]
INFO: [ view_filter ] --START--
INFO: Run Behavior\WriteHtmlCacheBehavior [ RunTime:0.000129s ]
INFO: [ view_filter ] --END-- [ RunTime:0.000146s ]
INFO: [ app_end ] --START--
INFO: Run Behavior\ShowPageTraceBehavior [ RunTime:0.000596s ]
INFO: [ app_end ] --END-- [ RunTime:0.000634s ]

[ 2018-05-31T18:38:25+08:00 ] ::1 /index.php/Student/Search/SearchCourse
INFO: [ app_init ] --START--
INFO: Run Behavior\BuildLiteBehavior [ RunTime:0.000009s ]
INFO: [ app_init ] --END-- [ RunTime:0.000238s ]
INFO: [ app_begin ] --START--
INFO: Run Behavior\ReadHtmlCacheBehavior [ RunTime:0.000363s ]
INFO: [ app_begin ] --END-- [ RunTime:0.000388s ]
SQL: SHOW COLUMNS FROM `open_course` [ RunTime:0.0004s ]
NOTIC: [8] Undefined variable: query_string /Users/fyc/Documents/CODING/DB/Wechat_Course-master/Application/Student/Controller/SearchController.class.php 第 77 行.
SQL: SELECT COUNT(*) AS tp_count FROM `open_course` INNER JOIN course on open_course.kh = course.kh INNER JOIN teacher on open_course.gh = teacher.gh  WHERE open_course.xq = '2013-2014 秋季' AND course.xf = '4' LIMIT 1   [ RunTime:0.0003s ]
SQL: SELECT open_course.kh,course.km,teacher.xm,teacher.gh,open_course.sksj,course.xf FROM `open_course` INNER JOIN course on open_course.kh = course.kh INNER JOIN teacher on open_course.gh = teacher.gh  WHERE open_course.xq = '2013-2014 秋季' AND course.xf = '4' LIMIT 0,10   [ RunTime:0.0003s ]
NOTIC: [8] Undefined variable: query_string /Users/fyc/Documents/CODING/DB/Wechat_Course-master/Application/Student/Controller/SearchController.class.php 第 100 行.
INFO: [ view_parse ] --START--
INFO: [ template_filter ] --START--
INFO: Run Behavior\ContentReplaceBehavior [ RunTime:0.000061s ]
INFO: [ template_filter ] --END-- [ RunTime:0.000089s ]
INFO: Run Behavior\ParseTemplateBehavior [ RunTime:0.005211s ]
INFO: [ view_parse ] --END-- [ RunTime:0.005276s ]
INFO: [ view_filter ] --START--
INFO: Run Behavior\WriteHtmlCacheBehavior [ RunTime:0.000144s ]
INFO: [ view_filter ] --END-- [ RunTime:0.000164s ]
INFO: [ app_end ] --START--
INFO: Run Behavior\ShowPageTraceBehavior [ RunTime:0.000508s ]
INFO: [ app_end ] --END-- [ RunTime:0.000538s ]

[ 2018-05-31T18:38:50+08:00 ] ::1 /index.php/Student/Search/SearchCourse
INFO: [ app_init ] --START--
INFO: Run Behavior\BuildLiteBehavior [ RunTime:0.000021s ]
INFO: [ app_init ] --END-- [ RunTime:0.000338s ]
INFO: [ app_begin ] --START--
INFO: Run Behavior\ReadHtmlCacheBehavior [ RunTime:0.000359s ]
INFO: [ app_begin ] --END-- [ RunTime:0.000385s ]
SQL: SHOW COLUMNS FROM `open_course` [ RunTime:0.0007s ]
NOTIC: [8] Undefined variable: query_string /Users/fyc/Documents/CODING/DB/Wechat_Course-master/Application/Student/Controller/SearchController.class.php 第 77 行.
SQL: SELECT COUNT(*) AS tp_count FROM `open_course` INNER JOIN course on open_course.kh = course.kh INNER JOIN teacher on open_course.gh = teacher.gh  WHERE open_course.xq = '2013-2014 秋季' AND open_course.kh LIKE '08305004%' AND open_course.gh = '0101' LIMIT 1   [ RunTime:0.0039s ]
SQL: SELECT open_course.kh,course.km,teacher.xm,teacher.gh,open_course.sksj,course.xf FROM `open_course` INNER JOIN course on open_course.kh = course.kh INNER JOIN teacher on open_course.gh = teacher.gh  WHERE open_course.xq = '2013-2014 秋季' AND open_course.kh LIKE '08305004%' AND open_course.gh = '0101' LIMIT 0,10   [ RunTime:0.0004s ]
NOTIC: [8] Undefined variable: query_string /Users/fyc/Documents/CODING/DB/Wechat_Course-master/Application/Student/Controller/SearchController.class.php 第 100 行.
INFO: [ view_parse ] --START--
INFO: [ template_filter ] --START--
INFO: Run Behavior\ContentReplaceBehavior [ RunTime:0.000097s ]
INFO: [ template_filter ] --END-- [ RunTime:0.000171s ]
INFO: Run Behavior\ParseTemplateBehavior [ RunTime:0.009589s ]
INFO: [ view_parse ] --END-- [ RunTime:0.009636s ]
INFO: [ view_filter ] --START--
INFO: Run Behavior\WriteHtmlCacheBehavior [ RunTime:0.000180s ]
INFO: [ view_filter ] --END-- [ RunTime:0.000200s ]
INFO: [ app_end ] --START--
INFO: Run Behavior\ShowPageTraceBehavior [ RunTime:0.000710s ]
INFO: [ app_end ] --END-- [ RunTime:0.000778s ]

[ 2018-05-31T18:38:55+08:00 ] ::1 /index.php/Student/Select
INFO: [ app_init ] --START--
INFO: Run Behavior\BuildLiteBehavior [ RunTime:0.000010s ]
INFO: [ app_init ] --END-- [ RunTime:0.000276s ]
INFO: [ app_begin ] --START--
INFO: Run Behavior\ReadHtmlCacheBehavior [ RunTime:0.000324s ]
INFO: [ app_begin ] --END-- [ RunTime:0.000346s ]
SQL: SHOW COLUMNS FROM `select_course` [ RunTime:0.0004s ]
SQL: SELECT COUNT(*) AS tp_count FROM `select_course` WHERE ( xh = 15121101 and xq = '2013-2014 秋季' ) LIMIT 1   [ RunTime:0.0003s ]
SQL: SELECT select_course.kh,course.km,teacher.xm,select_course.gh,open_course.sksj,course.xf FROM `select_course` INNER JOIN course on select_course.kh = course.kh INNER JOIN teacher on select_course.gh = teacher.gh INNER JOIN open_course on select_course.kh = open_course.kh and open_course.xq = select_course.xq  WHERE ( select_course.xh = 15121101 and select_course.xq = '2013-2014 秋季' ) LIMIT 0,10   [ RunTime:0.0004s ]
INFO: [ view_parse ] --START--
INFO: [ template_filter ] --START--
INFO: Run Behavior\ContentReplaceBehavior [ RunTime:0.000048s ]
INFO: [ template_filter ] --END-- [ RunTime:0.000077s ]
INFO: Run Behavior\ParseTemplateBehavior [ RunTime:0.005237s ]
INFO: [ view_parse ] --END-- [ RunTime:0.005263s ]
INFO: [ view_filter ] --START--
INFO: Run Behavior\WriteHtmlCacheBehavior [ RunTime:0.000111s ]
INFO: [ view_filter ] --END-- [ RunTime:0.000129s ]
INFO: [ app_end ] --START--
INFO: Run Behavior\ShowPageTraceBehavior [ RunTime:0.000476s ]
INFO: [ app_end ] --END-- [ RunTime:0.000508s ]

[ 2018-05-31T18:38:55+08:00 ] ::1 /index.php/Student/Search
INFO: [ app_init ] --START--
INFO: Run Behavior\BuildLiteBehavior [ RunTime:0.000010s ]
INFO: [ app_init ] --END-- [ RunTime:0.000295s ]
INFO: [ app_begin ] --START--
INFO: Run Behavior\ReadHtmlCacheBehavior [ RunTime:0.000329s ]
INFO: [ app_begin ] --END-- [ RunTime:0.000352s ]
INFO: [ view_parse ] --START--
INFO: [ template_filter ] --START--
INFO: Run Behavior\ContentReplaceBehavior [ RunTime:0.000053s ]
INFO: [ template_filter ] --END-- [ RunTime:0.000088s ]
NOTIC: [8] Undefined variable: count /Users/fyc/Documents/CODING/DB/Wechat_Course-master/Application/Runtime/Cache/Student/cc27c3fa40c93f8eb943a0afcacece2a.php 第 208 行.
NOTIC: [8] Undefined variable: list /Users/fyc/Documents/CODING/DB/Wechat_Course-master/Application/Runtime/Cache/Student/cc27c3fa40c93f8eb943a0afcacece2a.php 第 235 行.
NOTIC: [8] Undefined variable: page /Users/fyc/Documents/CODING/DB/Wechat_Course-master/Application/Runtime/Cache/Student/cc27c3fa40c93f8eb943a0afcacece2a.php 第 246 行.
INFO: Run Behavior\ParseTemplateBehavior [ RunTime:0.005609s ]
INFO: [ view_parse ] --END-- [ RunTime:0.005632s ]
INFO: [ view_filter ] --START--
INFO: Run Behavior\WriteHtmlCacheBehavior [ RunTime:0.000128s ]
INFO: [ view_filter ] --END-- [ RunTime:0.000146s ]
INFO: [ app_end ] --START--
INFO: Run Behavior\ShowPageTraceBehavior [ RunTime:0.000517s ]
INFO: [ app_end ] --END-- [ RunTime:0.000552s ]

[ 2018-05-31T18:38:58+08:00 ] ::1 /index.php/Student/Search/SearchCourse
INFO: [ app_init ] --START--
INFO: Run Behavior\BuildLiteBehavior [ RunTime:0.000011s ]
INFO: [ app_init ] --END-- [ RunTime:0.000334s ]
INFO: [ app_begin ] --START--
INFO: Run Behavior\ReadHtmlCacheBehavior [ RunTime:0.000377s ]
INFO: [ app_begin ] --END-- [ RunTime:0.000405s ]
SQL: SHOW COLUMNS FROM `open_course` [ RunTime:0.0004s ]
NOTIC: [8] Undefined variable: query_string /Users/fyc/Documents/CODING/DB/Wechat_Course-master/Application/Student/Controller/SearchController.class.php 第 77 行.
SQL: SELECT COUNT(*) AS tp_count FROM `open_course` INNER JOIN course on open_course.kh = course.kh INNER JOIN teacher on open_course.gh = teacher.gh  WHERE open_course.xq = '2013-2014 秋季' AND course.xf = '6' LIMIT 1   [ RunTime:0.0003s ]
SQL: SELECT open_course.kh,course.km,teacher.xm,teacher.gh,open_course.sksj,course.xf FROM `open_course` INNER JOIN course on open_course.kh = course.kh INNER JOIN teacher on open_course.gh = teacher.gh  WHERE open_course.xq = '2013-2014 秋季' AND course.xf = '6' LIMIT 0,10   [ RunTime:0.0003s ]
NOTIC: [8] Undefined variable: query_string /Users/fyc/Documents/CODING/DB/Wechat_Course-master/Application/Student/Controller/SearchController.class.php 第 100 行.
INFO: [ view_parse ] --START--
INFO: [ template_filter ] --START--
INFO: Run Behavior\ContentReplaceBehavior [ RunTime:0.000062s ]
INFO: [ template_filter ] --END-- [ RunTime:0.000090s ]
INFO: Run Behavior\ParseTemplateBehavior [ RunTime:0.005023s ]
INFO: [ view_parse ] --END-- [ RunTime:0.005050s ]
INFO: [ view_filter ] --START--
INFO: Run Behavior\WriteHtmlCacheBehavior [ RunTime:0.000113s ]
INFO: [ view_filter ] --END-- [ RunTime:0.000131s ]
INFO: [ app_end ] --START--
INFO: Run Behavior\ShowPageTraceBehavior [ RunTime:0.000553s ]
INFO: [ app_end ] --END-- [ RunTime:0.000587s ]

[ 2018-05-31T18:39:03+08:00 ] ::1 /index.php/Student/Select
INFO: [ app_init ] --START--
INFO: Run Behavior\BuildLiteBehavior [ RunTime:0.000023s ]
INFO: [ app_init ] --END-- [ RunTime:0.000376s ]
INFO: [ app_begin ] --START--
INFO: Run Behavior\ReadHtmlCacheBehavior [ RunTime:0.000404s ]
INFO: [ app_begin ] --END-- [ RunTime:0.000433s ]
SQL: SHOW COLUMNS FROM `select_course` [ RunTime:0.0005s ]
SQL: SELECT COUNT(*) AS tp_count FROM `select_course` WHERE ( xh = 15121101 and xq = '2013-2014 秋季' ) LIMIT 1   [ RunTime:0.0003s ]
SQL: SELECT select_course.kh,course.km,teacher.xm,select_course.gh,open_course.sksj,course.xf FROM `select_course` INNER JOIN course on select_course.kh = course.kh INNER JOIN teacher on select_course.gh = teacher.gh INNER JOIN open_course on select_course.kh = open_course.kh and open_course.xq = select_course.xq  WHERE ( select_course.xh = 15121101 and select_course.xq = '2013-2014 秋季' ) LIMIT 0,10   [ RunTime:0.0004s ]
INFO: [ view_parse ] --START--
INFO: [ template_filter ] --START--
INFO: Run Behavior\ContentReplaceBehavior [ RunTime:0.000066s ]
INFO: [ template_filter ] --END-- [ RunTime:0.000103s ]
INFO: Run Behavior\ParseTemplateBehavior [ RunTime:0.009036s ]
INFO: [ view_parse ] --END-- [ RunTime:0.009075s ]
INFO: [ view_filter ] --START--
INFO: Run Behavior\WriteHtmlCacheBehavior [ RunTime:0.000212s ]
INFO: [ view_filter ] --END-- [ RunTime:0.000245s ]
INFO: [ app_end ] --START--
INFO: Run Behavior\ShowPageTraceBehavior [ RunTime:0.000663s ]
INFO: [ app_end ] --END-- [ RunTime:0.000732s ]

[ 2018-05-31T18:39:08+08:00 ] ::1 /index.php/Student/Select/SelectCourse
INFO: [ app_init ] --START--
INFO: Run Behavior\BuildLiteBehavior [ RunTime:0.000023s ]
INFO: [ app_init ] --END-- [ RunTime:0.000382s ]
INFO: [ app_begin ] --START--
INFO: Run Behavior\ReadHtmlCacheBehavior [ RunTime:0.000588s ]
INFO: [ app_begin ] --END-- [ RunTime:0.000637s ]
SQL: SHOW COLUMNS FROM `select_course` [ RunTime:0.0005s ]
SQL: SHOW COLUMNS FROM `open_course` [ RunTime:0.0003s ]
SQL: SELECT * FROM `select_course` WHERE ( xh = 15121101 and kh = 08305004 and gh = 0101 and xq = '2013-2014 秋季' ) LIMIT 1   [ RunTime:0.0002s ]
SQL: SELECT * FROM `open_course` WHERE ( kh = 08305004 and gh = 0101 and xq = '2013-2014 秋季' ) LIMIT 1   [ RunTime:0.0002s ]
SQL: INSERT INTO `select_course` (`xh`,`kh`,`gh`,`xq`) VALUES ('15121101','08305004','0101','2013-2014 秋季') [ RunTime:0.0010s ]
INFO: [ view_parse ] --START--
INFO: [ template_filter ] --START--
INFO: Run Behavior\ContentReplaceBehavior [ RunTime:0.000051s ]
INFO: [ template_filter ] --END-- [ RunTime:0.000113s ]
INFO: Run Behavior\ParseTemplateBehavior [ RunTime:0.007057s ]
INFO: [ view_parse ] --END-- [ RunTime:0.007104s ]
INFO: [ view_filter ] --START--
INFO: Run Behavior\WriteHtmlCacheBehavior [ RunTime:0.000151s ]
INFO: [ view_filter ] --END-- [ RunTime:0.000169s ]
INFO: [ app_end ] --START--
INFO: Run Behavior\ShowPageTraceBehavior [ RunTime:0.000514s ]
INFO: [ app_end ] --END-- [ RunTime:0.000540s ]

[ 2018-05-31T18:39:10+08:00 ] ::1 /index.php/Student/Select
INFO: [ app_init ] --START--
INFO: Run Behavior\BuildLiteBehavior [ RunTime:0.000009s ]
INFO: [ app_init ] --END-- [ RunTime:0.000245s ]
INFO: [ app_begin ] --START--
INFO: Run Behavior\ReadHtmlCacheBehavior [ RunTime:0.000331s ]
INFO: [ app_begin ] --END-- [ RunTime:0.000354s ]
SQL: SHOW COLUMNS FROM `select_course` [ RunTime:0.0004s ]
SQL: SELECT COUNT(*) AS tp_count FROM `select_course` WHERE ( xh = 15121101 and xq = '2013-2014 秋季' ) LIMIT 1   [ RunTime:0.0002s ]
SQL: SELECT select_course.kh,course.km,teacher.xm,select_course.gh,open_course.sksj,course.xf FROM `select_course` INNER JOIN course on select_course.kh = course.kh INNER JOIN teacher on select_course.gh = teacher.gh INNER JOIN open_course on select_course.kh = open_course.kh and open_course.xq = select_course.xq  WHERE ( select_course.xh = 15121101 and select_course.xq = '2013-2014 秋季' ) LIMIT 0,10   [ RunTime:0.0004s ]
INFO: [ view_parse ] --START--
INFO: [ template_filter ] --START--
INFO: Run Behavior\ContentReplaceBehavior [ RunTime:0.000048s ]
INFO: [ template_filter ] --END-- [ RunTime:0.000082s ]
INFO: Run Behavior\ParseTemplateBehavior [ RunTime:0.006162s ]
INFO: [ view_parse ] --END-- [ RunTime:0.006194s ]
INFO: [ view_filter ] --START--
INFO: Run Behavior\WriteHtmlCacheBehavior [ RunTime:0.000144s ]
INFO: [ view_filter ] --END-- [ RunTime:0.000190s ]
INFO: [ app_end ] --START--
INFO: Run Behavior\ShowPageTraceBehavior [ RunTime:0.000450s ]
INFO: [ app_end ] --END-- [ RunTime:0.000497s ]

[ 2018-05-31T18:39:16+08:00 ] ::1 /index.php/Student/Select/DeleteCourse
INFO: [ app_init ] --START--
INFO: Run Behavior\BuildLiteBehavior [ RunTime:0.000010s ]
INFO: [ app_init ] --END-- [ RunTime:0.000258s ]
INFO: [ app_begin ] --START--
INFO: Run Behavior\ReadHtmlCacheBehavior [ RunTime:0.000344s ]
INFO: [ app_begin ] --END-- [ RunTime:0.000369s ]
SQL: SHOW COLUMNS FROM `select_course` [ RunTime:0.0005s ]
SQL: SELECT * FROM `select_course` WHERE ( xh = 15121101 and kh = 08305004 and gh = 0101 and xq = '2013-2014 秋季' ) LIMIT 1   [ RunTime:0.0004s ]
NOTIC: [2] Illegal offset type in isset or empty /Users/fyc/Documents/CODING/DB/Wechat_Course-master/ThinkPHP/Library/Think/Model.class.php 第 511 行.
SQL: DELETE FROM `select_course` WHERE ( xh = 15121101 and kh = 08305004 and gh = 0101 and xq = '2013-2014 秋季' ) [ RunTime:0.0019s ]
INFO: [ view_parse ] --START--
INFO: [ template_filter ] --START--
INFO: Run Behavior\ContentReplaceBehavior [ RunTime:0.000033s ]
INFO: [ template_filter ] --END-- [ RunTime:0.000070s ]
INFO: Run Behavior\ParseTemplateBehavior [ RunTime:0.004582s ]
INFO: [ view_parse ] --END-- [ RunTime:0.004621s ]
INFO: [ view_filter ] --START--
INFO: Run Behavior\WriteHtmlCacheBehavior [ RunTime:0.000115s ]
INFO: [ view_filter ] --END-- [ RunTime:0.000133s ]
INFO: [ app_end ] --START--
INFO: Run Behavior\ShowPageTraceBehavior [ RunTime:0.000403s ]
INFO: [ app_end ] --END-- [ RunTime:0.000423s ]

[ 2018-05-31T18:39:17+08:00 ] ::1 /index.php/Student/Select
INFO: [ app_init ] --START--
INFO: Run Behavior\BuildLiteBehavior [ RunTime:0.000009s ]
INFO: [ app_init ] --END-- [ RunTime:0.000251s ]
INFO: [ app_begin ] --START--
INFO: Run Behavior\ReadHtmlCacheBehavior [ RunTime:0.000332s ]
INFO: [ app_begin ] --END-- [ RunTime:0.000355s ]
SQL: SHOW COLUMNS FROM `select_course` [ RunTime:0.0004s ]
SQL: SELECT COUNT(*) AS tp_count FROM `select_course` WHERE ( xh = 15121101 and xq = '2013-2014 秋季' ) LIMIT 1   [ RunTime:0.0002s ]
SQL: SELECT select_course.kh,course.km,teacher.xm,select_course.gh,open_course.sksj,course.xf FROM `select_course` INNER JOIN course on select_course.kh = course.kh INNER JOIN teacher on select_course.gh = teacher.gh INNER JOIN open_course on select_course.kh = open_course.kh and open_course.xq = select_course.xq  WHERE ( select_course.xh = 15121101 and select_course.xq = '2013-2014 秋季' ) LIMIT 0,10   [ RunTime:0.0003s ]
INFO: [ view_parse ] --START--
INFO: [ template_filter ] --START--
INFO: Run Behavior\ContentReplaceBehavior [ RunTime:0.000050s ]
INFO: [ template_filter ] --END-- [ RunTime:0.000103s ]
INFO: Run Behavior\ParseTemplateBehavior [ RunTime:0.005569s ]
INFO: [ view_parse ] --END-- [ RunTime:0.005601s ]
INFO: [ view_filter ] --START--
INFO: Run Behavior\WriteHtmlCacheBehavior [ RunTime:0.000132s ]
INFO: [ view_filter ] --END-- [ RunTime:0.000151s ]
INFO: [ app_end ] --START--
INFO: Run Behavior\ShowPageTraceBehavior [ RunTime:0.000566s ]
INFO: [ app_end ] --END-- [ RunTime:0.000612s ]

[ 2018-05-31T18:39:18+08:00 ] ::1 /index.php/Student/Score
INFO: [ app_init ] --START--
INFO: Run Behavior\BuildLiteBehavior [ RunTime:0.000010s ]
INFO: [ app_init ] --END-- [ RunTime:0.000277s ]
INFO: [ app_begin ] --START--
INFO: Run Behavior\ReadHtmlCacheBehavior [ RunTime:0.000376s ]
INFO: [ app_begin ] --END-- [ RunTime:0.000403s ]
INFO: [ view_parse ] --START--
INFO: [ template_filter ] --START--
INFO: Run Behavior\ContentReplaceBehavior [ RunTime:0.000050s ]
INFO: [ template_filter ] --END-- [ RunTime:0.000085s ]
NOTIC: [8] Undefined variable: count /Users/fyc/Documents/CODING/DB/Wechat_Course-master/Application/Runtime/Cache/Student/887017c4557ae6ddc5636a988d793cc3.php 第 155 行.
NOTIC: [8] Undefined variable: list /Users/fyc/Documents/CODING/DB/Wechat_Course-master/Application/Runtime/Cache/Student/887017c4557ae6ddc5636a988d793cc3.php 第 184 行.
NOTIC: [8] Undefined variable: page /Users/fyc/Documents/CODING/DB/Wechat_Course-master/Application/Runtime/Cache/Student/887017c4557ae6ddc5636a988d793cc3.php 第 197 行.
INFO: Run Behavior\ParseTemplateBehavior [ RunTime:0.007033s ]
INFO: [ view_parse ] --END-- [ RunTime:0.007066s ]
INFO: [ view_filter ] --START--
INFO: Run Behavior\WriteHtmlCacheBehavior [ RunTime:0.000128s ]
INFO: [ view_filter ] --END-- [ RunTime:0.000149s ]
INFO: [ app_end ] --START--
INFO: Run Behavior\ShowPageTraceBehavior [ RunTime:0.000482s ]
INFO: [ app_end ] --END-- [ RunTime:0.000509s ]

[ 2018-05-31T18:39:21+08:00 ] ::1 /index.php/Student/Score/GetScore
INFO: [ app_init ] --START--
INFO: Run Behavior\BuildLiteBehavior [ RunTime:0.000009s ]
INFO: [ app_init ] --END-- [ RunTime:0.000246s ]
INFO: [ app_begin ] --START--
INFO: Run Behavior\ReadHtmlCacheBehavior [ RunTime:0.000327s ]
INFO: [ app_begin ] --END-- [ RunTime:0.000349s ]
SQL: SHOW COLUMNS FROM `select_course` [ RunTime:0.0004s ]
SQL: SELECT select_course.kh,course.km,teacher.xm,select_course.gh,course.xf,select_course.pscj,select_course.kscj,select_course.zpcj FROM `select_course` INNER JOIN course on select_course.kh = course.kh INNER JOIN teacher on select_course.gh = teacher.gh  WHERE select_course.xh = '15121101' AND select_course.xq = '2012-2013 春季'  [ RunTime:0.0003s ]
INFO: [ view_parse ] --START--
INFO: [ template_filter ] --START--
INFO: Run Behavior\ContentReplaceBehavior [ RunTime:0.000046s ]
INFO: [ template_filter ] --END-- [ RunTime:0.000077s ]
NOTIC: [8] Undefined variable: count /Users/fyc/Documents/CODING/DB/Wechat_Course-master/Application/Runtime/Cache/Student/887017c4557ae6ddc5636a988d793cc3.php 第 155 行.
NOTIC: [8] Undefined variable: page /Users/fyc/Documents/CODING/DB/Wechat_Course-master/Application/Runtime/Cache/Student/887017c4557ae6ddc5636a988d793cc3.php 第 197 行.
INFO: Run Behavior\ParseTemplateBehavior [ RunTime:0.005157s ]
INFO: [ view_parse ] --END-- [ RunTime:0.005180s ]
INFO: [ view_filter ] --START--
INFO: Run Behavior\WriteHtmlCacheBehavior [ RunTime:0.000113s ]
INFO: [ view_filter ] --END-- [ RunTime:0.000130s ]
INFO: [ app_end ] --START--
INFO: Run Behavior\ShowPageTraceBehavior [ RunTime:0.000468s ]
INFO: [ app_end ] --END-- [ RunTime:0.000503s ]

[ 2018-05-31T18:39:25+08:00 ] ::1 /index.php/Student/Score/GetScore
INFO: [ app_init ] --START--
INFO: Run Behavior\BuildLiteBehavior [ RunTime:0.000009s ]
INFO: [ app_init ] --END-- [ RunTime:0.000265s ]
INFO: [ app_begin ] --START--
INFO: Run Behavior\ReadHtmlCacheBehavior [ RunTime:0.000521s ]
INFO: [ app_begin ] --END-- [ RunTime:0.000563s ]
SQL: SHOW COLUMNS FROM `select_course` [ RunTime:0.0004s ]
SQL: SELECT select_course.kh,course.km,teacher.xm,select_course.gh,course.xf,select_course.pscj,select_course.kscj,select_course.zpcj FROM `select_course` INNER JOIN course on select_course.kh = course.kh INNER JOIN teacher on select_course.gh = teacher.gh  WHERE select_course.xh = '15121101' AND select_course.xq = '2013-2014 秋季'  [ RunTime:0.0004s ]
INFO: [ view_parse ] --START--
INFO: [ template_filter ] --START--
INFO: Run Behavior\ContentReplaceBehavior [ RunTime:0.000044s ]
INFO: [ template_filter ] --END-- [ RunTime:0.000071s ]
NOTIC: [8] Undefined variable: count /Users/fyc/Documents/CODING/DB/Wechat_Course-master/Application/Runtime/Cache/Student/887017c4557ae6ddc5636a988d793cc3.php 第 155 行.
NOTIC: [8] Undefined variable: page /Users/fyc/Documents/CODING/DB/Wechat_Course-master/Application/Runtime/Cache/Student/887017c4557ae6ddc5636a988d793cc3.php 第 197 行.
INFO: Run Behavior\ParseTemplateBehavior [ RunTime:0.004802s ]
INFO: [ view_parse ] --END-- [ RunTime:0.004827s ]
INFO: [ view_filter ] --START--
INFO: Run Behavior\WriteHtmlCacheBehavior [ RunTime:0.000135s ]
INFO: [ view_filter ] --END-- [ RunTime:0.000154s ]
INFO: [ app_end ] --START--
INFO: Run Behavior\ShowPageTraceBehavior [ RunTime:0.000601s ]
INFO: [ app_end ] --END-- [ RunTime:0.000655s ]

[ 2018-05-31T18:39:38+08:00 ] ::1 /index.php/Student/Search
INFO: [ app_init ] --START--
INFO: Run Behavior\BuildLiteBehavior [ RunTime:0.000031s ]
INFO: [ app_init ] --END-- [ RunTime:0.000515s ]
INFO: [ app_begin ] --START--
INFO: Run Behavior\ReadHtmlCacheBehavior [ RunTime:0.000528s ]
INFO: [ app_begin ] --END-- [ RunTime:0.000567s ]
INFO: [ view_parse ] --START--
INFO: [ template_filter ] --START--
INFO: Run Behavior\ContentReplaceBehavior [ RunTime:0.000071s ]
INFO: [ template_filter ] --END-- [ RunTime:0.000104s ]
NOTIC: [8] Undefined variable: count /Users/fyc/Documents/CODING/DB/Wechat_Course-master/Application/Runtime/Cache/Student/cc27c3fa40c93f8eb943a0afcacece2a.php 第 208 行.
NOTIC: [8] Undefined variable: list /Users/fyc/Documents/CODING/DB/Wechat_Course-master/Application/Runtime/Cache/Student/cc27c3fa40c93f8eb943a0afcacece2a.php 第 235 行.
NOTIC: [8] Undefined variable: page /Users/fyc/Documents/CODING/DB/Wechat_Course-master/Application/Runtime/Cache/Student/cc27c3fa40c93f8eb943a0afcacece2a.php 第 246 行.
INFO: Run Behavior\ParseTemplateBehavior [ RunTime:0.009056s ]
INFO: [ view_parse ] --END-- [ RunTime:0.009085s ]
INFO: [ view_filter ] --START--
INFO: Run Behavior\WriteHtmlCacheBehavior [ RunTime:0.000122s ]
INFO: [ view_filter ] --END-- [ RunTime:0.000140s ]
INFO: [ app_end ] --START--
INFO: Run Behavior\ShowPageTraceBehavior [ RunTime:0.000697s ]
INFO: [ app_end ] --END-- [ RunTime:0.000739s ]

[ 2018-05-31T18:39:39+08:00 ] ::1 /index.php/Student/Select
INFO: [ app_init ] --START--
INFO: Run Behavior\BuildLiteBehavior [ RunTime:0.000011s ]
INFO: [ app_init ] --END-- [ RunTime:0.000300s ]
INFO: [ app_begin ] --START--
INFO: Run Behavior\ReadHtmlCacheBehavior [ RunTime:0.000398s ]
INFO: [ app_begin ] --END-- [ RunTime:0.000423s ]
SQL: SHOW COLUMNS FROM `select_course` [ RunTime:0.0004s ]
SQL: SELECT COUNT(*) AS tp_count FROM `select_course` WHERE ( xh = 15121101 and xq = '2013-2014 秋季' ) LIMIT 1   [ RunTime:0.0002s ]
SQL: SELECT select_course.kh,course.km,teacher.xm,select_course.gh,open_course.sksj,course.xf FROM `select_course` INNER JOIN course on select_course.kh = course.kh INNER JOIN teacher on select_course.gh = teacher.gh INNER JOIN open_course on select_course.kh = open_course.kh and open_course.xq = select_course.xq  WHERE ( select_course.xh = 15121101 and select_course.xq = '2013-2014 秋季' ) LIMIT 0,10   [ RunTime:0.0003s ]
INFO: [ view_parse ] --START--
INFO: [ template_filter ] --START--
INFO: Run Behavior\ContentReplaceBehavior [ RunTime:0.000091s ]
INFO: [ template_filter ] --END-- [ RunTime:0.000128s ]
INFO: Run Behavior\ParseTemplateBehavior [ RunTime:0.005659s ]
INFO: [ view_parse ] --END-- [ RunTime:0.005692s ]
INFO: [ view_filter ] --START--
INFO: Run Behavior\WriteHtmlCacheBehavior [ RunTime:0.000123s ]
INFO: [ view_filter ] --END-- [ RunTime:0.000142s ]
INFO: [ app_end ] --START--
INFO: Run Behavior\ShowPageTraceBehavior [ RunTime:0.000543s ]
INFO: [ app_end ] --END-- [ RunTime:0.000577s ]

[ 2018-05-31T18:39:41+08:00 ] ::1 /index.php/Student/Score
INFO: [ app_init ] --START--
INFO: Run Behavior\BuildLiteBehavior [ RunTime:0.000009s ]
INFO: [ app_init ] --END-- [ RunTime:0.000251s ]
INFO: [ app_begin ] --START--
INFO: Run Behavior\ReadHtmlCacheBehavior [ RunTime:0.000331s ]
INFO: [ app_begin ] --END-- [ RunTime:0.000353s ]
INFO: [ view_parse ] --START--
INFO: [ template_filter ] --START--
INFO: Run Behavior\ContentReplaceBehavior [ RunTime:0.000044s ]
INFO: [ template_filter ] --END-- [ RunTime:0.000074s ]
NOTIC: [8] Undefined variable: count /Users/fyc/Documents/CODING/DB/Wechat_Course-master/Application/Runtime/Cache/Student/887017c4557ae6ddc5636a988d793cc3.php 第 155 行.
NOTIC: [8] Undefined variable: list /Users/fyc/Documents/CODING/DB/Wechat_Course-master/Application/Runtime/Cache/Student/887017c4557ae6ddc5636a988d793cc3.php 第 184 行.
NOTIC: [8] Undefined variable: page /Users/fyc/Documents/CODING/DB/Wechat_Course-master/Application/Runtime/Cache/Student/887017c4557ae6ddc5636a988d793cc3.php 第 197 行.
INFO: Run Behavior\ParseTemplateBehavior [ RunTime:0.004629s ]
INFO: [ view_parse ] --END-- [ RunTime:0.004649s ]
INFO: [ view_filter ] --START--
INFO: Run Behavior\WriteHtmlCacheBehavior [ RunTime:0.000113s ]
INFO: [ view_filter ] --END-- [ RunTime:0.000132s ]
INFO: [ app_end ] --START--
INFO: Run Behavior\ShowPageTraceBehavior [ RunTime:0.000684s ]
INFO: [ app_end ] --END-- [ RunTime:0.000724s ]

[ 2018-05-31T18:41:18+08:00 ] ::1 /index.php/Student.html
INFO: [ app_init ] --START--
INFO: Run Behavior\BuildLiteBehavior [ RunTime:0.000009s ]
INFO: [ app_init ] --END-- [ RunTime:0.000245s ]
INFO: [ app_begin ] --START--
INFO: Run Behavior\ReadHtmlCacheBehavior [ RunTime:0.000328s ]
INFO: [ app_begin ] --END-- [ RunTime:0.000351s ]
INFO: [ view_parse ] --START--
INFO: [ template_filter ] --START--
INFO: Run Behavior\ContentReplaceBehavior [ RunTime:0.000058s ]
INFO: [ template_filter ] --END-- [ RunTime:0.000091s ]
INFO: Run Behavior\ParseTemplateBehavior [ RunTime:0.005035s ]
INFO: [ view_parse ] --END-- [ RunTime:0.005057s ]
INFO: [ view_filter ] --START--
INFO: Run Behavior\WriteHtmlCacheBehavior [ RunTime:0.000108s ]
INFO: [ view_filter ] --END-- [ RunTime:0.000126s ]
INFO: [ app_end ] --START--
INFO: Run Behavior\ShowPageTraceBehavior [ RunTime:0.000454s ]
INFO: [ app_end ] --END-- [ RunTime:0.000478s ]

[ 2018-05-31T18:41:20+08:00 ] ::1 /index.php/Student/Search
INFO: [ app_init ] --START--
INFO: Run Behavior\BuildLiteBehavior [ RunTime:0.000009s ]
INFO: [ app_init ] --END-- [ RunTime:0.000241s ]
INFO: [ app_begin ] --START--
INFO: Run Behavior\ReadHtmlCacheBehavior [ RunTime:0.000323s ]
INFO: [ app_begin ] --END-- [ RunTime:0.000348s ]
INFO: [ view_parse ] --START--
INFO: [ template_filter ] --START--
INFO: Run Behavior\ContentReplaceBehavior [ RunTime:0.000068s ]
INFO: [ template_filter ] --END-- [ RunTime:0.000117s ]
NOTIC: [8] Undefined variable: count /Users/fyc/Documents/CODING/DB/Wechat_Course-master/Application/Runtime/Cache/Student/cc27c3fa40c93f8eb943a0afcacece2a.php 第 208 行.
NOTIC: [8] Undefined variable: list /Users/fyc/Documents/CODING/DB/Wechat_Course-master/Application/Runtime/Cache/Student/cc27c3fa40c93f8eb943a0afcacece2a.php 第 235 行.
NOTIC: [8] Undefined variable: page /Users/fyc/Documents/CODING/DB/Wechat_Course-master/Application/Runtime/Cache/Student/cc27c3fa40c93f8eb943a0afcacece2a.php 第 246 行.
INFO: Run Behavior\ParseTemplateBehavior [ RunTime:0.005374s ]
INFO: [ view_parse ] --END-- [ RunTime:0.005406s ]
INFO: [ view_filter ] --START--
INFO: Run Behavior\WriteHtmlCacheBehavior [ RunTime:0.000311s ]
INFO: [ view_filter ] --END-- [ RunTime:0.000344s ]
INFO: [ app_end ] --START--
INFO: Run Behavior\ShowPageTraceBehavior [ RunTime:0.000978s ]
INFO: [ app_end ] --END-- [ RunTime:0.001031s ]

[ 2018-05-31T18:41:20+08:00 ] ::1 /index.php/Student/Select
INFO: [ app_init ] --START--
INFO: Run Behavior\BuildLiteBehavior [ RunTime:0.000009s ]
INFO: [ app_init ] --END-- [ RunTime:0.000243s ]
INFO: [ app_begin ] --START--
INFO: Run Behavior\ReadHtmlCacheBehavior [ RunTime:0.000324s ]
INFO: [ app_begin ] --END-- [ RunTime:0.000347s ]
SQL: SHOW COLUMNS FROM `select_course` [ RunTime:0.0004s ]
SQL: SELECT COUNT(*) AS tp_count FROM `select_course` WHERE ( xh = 15121101 and xq = '2013-2014 秋季' ) LIMIT 1   [ RunTime:0.0002s ]
SQL: SELECT select_course.kh,course.km,teacher.xm,select_course.gh,open_course.sksj,course.xf FROM `select_course` INNER JOIN course on select_course.kh = course.kh INNER JOIN teacher on select_course.gh = teacher.gh INNER JOIN open_course on select_course.kh = open_course.kh and open_course.xq = select_course.xq  WHERE ( select_course.xh = 15121101 and select_course.xq = '2013-2014 秋季' ) LIMIT 0,10   [ RunTime:0.0004s ]
INFO: [ view_parse ] --START--
INFO: [ template_filter ] --START--
INFO: Run Behavior\ContentReplaceBehavior [ RunTime:0.000047s ]
INFO: [ template_filter ] --END-- [ RunTime:0.000073s ]
INFO: Run Behavior\ParseTemplateBehavior [ RunTime:0.004737s ]
INFO: [ view_parse ] --END-- [ RunTime:0.004762s ]
INFO: [ view_filter ] --START--
INFO: Run Behavior\WriteHtmlCacheBehavior [ RunTime:0.000104s ]
INFO: [ view_filter ] --END-- [ RunTime:0.000122s ]
INFO: [ app_end ] --START--
INFO: Run Behavior\ShowPageTraceBehavior [ RunTime:0.000540s ]
INFO: [ app_end ] --END-- [ RunTime:0.000576s ]

[ 2018-05-31T18:41:23+08:00 ] ::1 /index.php/Student/Score
INFO: [ app_init ] --START--
INFO: Run Behavior\BuildLiteBehavior [ RunTime:0.000010s ]
INFO: [ app_init ] --END-- [ RunTime:0.000238s ]
INFO: [ app_begin ] --START--
INFO: Run Behavior\ReadHtmlCacheBehavior [ RunTime:0.000321s ]
INFO: [ app_begin ] --END-- [ RunTime:0.000344s ]
INFO: [ view_parse ] --START--
INFO: [ template_filter ] --START--
INFO: Run Behavior\ContentReplaceBehavior [ RunTime:0.000045s ]
INFO: [ template_filter ] --END-- [ RunTime:0.000073s ]
NOTIC: [8] Undefined variable: count /Users/fyc/Documents/CODING/DB/Wechat_Course-master/Application/Runtime/Cache/Student/887017c4557ae6ddc5636a988d793cc3.php 第 155 行.
NOTIC: [8] Undefined variable: list /Users/fyc/Documents/CODING/DB/Wechat_Course-master/Application/Runtime/Cache/Student/887017c4557ae6ddc5636a988d793cc3.php 第 184 行.
NOTIC: [8] Undefined variable: page /Users/fyc/Documents/CODING/DB/Wechat_Course-master/Application/Runtime/Cache/Student/887017c4557ae6ddc5636a988d793cc3.php 第 197 行.
INFO: Run Behavior\ParseTemplateBehavior [ RunTime:0.004853s ]
INFO: [ view_parse ] --END-- [ RunTime:0.004872s ]
INFO: [ view_filter ] --START--
INFO: Run Behavior\WriteHtmlCacheBehavior [ RunTime:0.000112s ]
INFO: [ view_filter ] --END-- [ RunTime:0.000129s ]
INFO: [ app_end ] --START--
INFO: Run Behavior\ShowPageTraceBehavior [ RunTime:0.000539s ]
INFO: [ app_end ] --END-- [ RunTime:0.000574s ]

[ 2018-05-31T18:41:26+08:00 ] ::1 /index.php/Student/Select
INFO: [ app_init ] --START--
INFO: Run Behavior\BuildLiteBehavior [ RunTime:0.000009s ]
INFO: [ app_init ] --END-- [ RunTime:0.000246s ]
INFO: [ app_begin ] --START--
INFO: Run Behavior\ReadHtmlCacheBehavior [ RunTime:0.000713s ]
INFO: [ app_begin ] --END-- [ RunTime:0.000795s ]
SQL: SHOW COLUMNS FROM `select_course` [ RunTime:0.0004s ]
SQL: SELECT COUNT(*) AS tp_count FROM `select_course` WHERE ( xh = 15121101 and xq = '2013-2014 秋季' ) LIMIT 1   [ RunTime:0.0003s ]
SQL: SELECT select_course.kh,course.km,teacher.xm,select_course.gh,open_course.sksj,course.xf FROM `select_course` INNER JOIN course on select_course.kh = course.kh INNER JOIN teacher on select_course.gh = teacher.gh INNER JOIN open_course on select_course.kh = open_course.kh and open_course.xq = select_course.xq  WHERE ( select_course.xh = 15121101 and select_course.xq = '2013-2014 秋季' ) LIMIT 0,10   [ RunTime:0.0003s ]
INFO: [ view_parse ] --START--
INFO: [ template_filter ] --START--
INFO: Run Behavior\ContentReplaceBehavior [ RunTime:0.000046s ]
INFO: [ template_filter ] --END-- [ RunTime:0.000075s ]
INFO: Run Behavior\ParseTemplateBehavior [ RunTime:0.004781s ]
INFO: [ view_parse ] --END-- [ RunTime:0.004806s ]
INFO: [ view_filter ] --START--
INFO: Run Behavior\WriteHtmlCacheBehavior [ RunTime:0.000107s ]
INFO: [ view_filter ] --END-- [ RunTime:0.000125s ]
INFO: [ app_end ] --START--
INFO: Run Behavior\ShowPageTraceBehavior [ RunTime:0.000599s ]
INFO: [ app_end ] --END-- [ RunTime:0.000638s ]

[ 2018-05-31T18:41:32+08:00 ] ::1 /index.php/Student/Select/SelectCourse
INFO: [ app_init ] --START--
INFO: Run Behavior\BuildLiteBehavior [ RunTime:0.000009s ]
INFO: [ app_init ] --END-- [ RunTime:0.000251s ]
INFO: [ app_begin ] --START--
INFO: Run Behavior\ReadHtmlCacheBehavior [ RunTime:0.000334s ]
INFO: [ app_begin ] --END-- [ RunTime:0.000358s ]
SQL: SHOW COLUMNS FROM `select_course` [ RunTime:0.0004s ]
SQL: SHOW COLUMNS FROM `open_course` [ RunTime:0.0004s ]
SQL: SELECT * FROM `select_course` WHERE ( xh = 15121101 and kh = 08305004 and gh = 0101 and xq = '2013-2014 秋季' ) LIMIT 1   [ RunTime:0.0004s ]
SQL: SELECT * FROM `open_course` WHERE ( kh = 08305004 and gh = 0101 and xq = '2013-2014 秋季' ) LIMIT 1   [ RunTime:0.0004s ]
SQL: INSERT INTO `select_course` (`xh`,`kh`,`gh`,`xq`) VALUES ('15121101','08305004','0101','2013-2014 秋季') [ RunTime:0.0010s ]
INFO: [ view_parse ] --START--
INFO: [ template_filter ] --START--
INFO: Run Behavior\ContentReplaceBehavior [ RunTime:0.000030s ]
INFO: [ template_filter ] --END-- [ RunTime:0.000066s ]
INFO: Run Behavior\ParseTemplateBehavior [ RunTime:0.004784s ]
INFO: [ view_parse ] --END-- [ RunTime:0.004813s ]
INFO: [ view_filter ] --START--
INFO: Run Behavior\WriteHtmlCacheBehavior [ RunTime:0.000129s ]
INFO: [ view_filter ] --END-- [ RunTime:0.000151s ]
INFO: [ app_end ] --START--
INFO: Run Behavior\ShowPageTraceBehavior [ RunTime:0.000523s ]
INFO: [ app_end ] --END-- [ RunTime:0.000548s ]

[ 2018-05-31T18:41:33+08:00 ] ::1 /index.php/Student/Select
INFO: [ app_init ] --START--
INFO: Run Behavior\BuildLiteBehavior [ RunTime:0.000012s ]
INFO: [ app_init ] --END-- [ RunTime:0.000474s ]
INFO: [ app_begin ] --START--
INFO: Run Behavior\ReadHtmlCacheBehavior [ RunTime:0.000472s ]
INFO: [ app_begin ] --END-- [ RunTime:0.000504s ]
SQL: SHOW COLUMNS FROM `select_course` [ RunTime:0.0004s ]
SQL: SELECT COUNT(*) AS tp_count FROM `select_course` WHERE ( xh = 15121101 and xq = '2013-2014 秋季' ) LIMIT 1   [ RunTime:0.0003s ]
SQL: SELECT select_course.kh,course.km,teacher.xm,select_course.gh,open_course.sksj,course.xf FROM `select_course` INNER JOIN course on select_course.kh = course.kh INNER JOIN teacher on select_course.gh = teacher.gh INNER JOIN open_course on select_course.kh = open_course.kh and open_course.xq = select_course.xq  WHERE ( select_course.xh = 15121101 and select_course.xq = '2013-2014 秋季' ) LIMIT 0,10   [ RunTime:0.0003s ]
INFO: [ view_parse ] --START--
INFO: [ template_filter ] --START--
INFO: Run Behavior\ContentReplaceBehavior [ RunTime:0.000056s ]
INFO: [ template_filter ] --END-- [ RunTime:0.000107s ]
INFO: Run Behavior\ParseTemplateBehavior [ RunTime:0.006036s ]
INFO: [ view_parse ] --END-- [ RunTime:0.006066s ]
INFO: [ view_filter ] --START--
INFO: Run Behavior\WriteHtmlCacheBehavior [ RunTime:0.000125s ]
INFO: [ view_filter ] --END-- [ RunTime:0.000144s ]
INFO: [ app_end ] --START--
INFO: Run Behavior\ShowPageTraceBehavior [ RunTime:0.000499s ]
INFO: [ app_end ] --END-- [ RunTime:0.000526s ]

[ 2018-05-31T18:41:35+08:00 ] ::1 /index.php/Student/Score
INFO: [ app_init ] --START--
INFO: Run Behavior\BuildLiteBehavior [ RunTime:0.000009s ]
INFO: [ app_init ] --END-- [ RunTime:0.000241s ]
INFO: [ app_begin ] --START--
INFO: Run Behavior\ReadHtmlCacheBehavior [ RunTime:0.000325s ]
INFO: [ app_begin ] --END-- [ RunTime:0.000348s ]
INFO: [ view_parse ] --START--
INFO: [ template_filter ] --START--
INFO: Run Behavior\ContentReplaceBehavior [ RunTime:0.000045s ]
INFO: [ template_filter ] --END-- [ RunTime:0.000076s ]
NOTIC: [8] Undefined variable: count /Users/fyc/Documents/CODING/DB/Wechat_Course-master/Application/Runtime/Cache/Student/887017c4557ae6ddc5636a988d793cc3.php 第 155 行.
NOTIC: [8] Undefined variable: list /Users/fyc/Documents/CODING/DB/Wechat_Course-master/Application/Runtime/Cache/Student/887017c4557ae6ddc5636a988d793cc3.php 第 184 行.
NOTIC: [8] Undefined variable: page /Users/fyc/Documents/CODING/DB/Wechat_Course-master/Application/Runtime/Cache/Student/887017c4557ae6ddc5636a988d793cc3.php 第 197 行.
INFO: Run Behavior\ParseTemplateBehavior [ RunTime:0.005094s ]
INFO: [ view_parse ] --END-- [ RunTime:0.005120s ]
INFO: [ view_filter ] --START--
INFO: Run Behavior\WriteHtmlCacheBehavior [ RunTime:0.000130s ]
INFO: [ view_filter ] --END-- [ RunTime:0.000149s ]
INFO: [ app_end ] --START--
INFO: Run Behavior\ShowPageTraceBehavior [ RunTime:0.000668s ]
INFO: [ app_end ] --END-- [ RunTime:0.000700s ]

[ 2018-05-31T18:41:40+08:00 ] ::1 /index.php/Student/Score/GetScore
INFO: [ app_init ] --START--
INFO: Run Behavior\BuildLiteBehavior [ RunTime:0.000009s ]
INFO: [ app_init ] --END-- [ RunTime:0.000255s ]
INFO: [ app_begin ] --START--
INFO: Run Behavior\ReadHtmlCacheBehavior [ RunTime:0.000674s ]
INFO: [ app_begin ] --END-- [ RunTime:0.000723s ]
SQL: SHOW COLUMNS FROM `select_course` [ RunTime:0.0004s ]
SQL: SELECT select_course.kh,course.km,teacher.xm,select_course.gh,course.xf,select_course.pscj,select_course.kscj,select_course.zpcj FROM `select_course` INNER JOIN course on select_course.kh = course.kh INNER JOIN teacher on select_course.gh = teacher.gh  WHERE select_course.xh = '15121101' AND select_course.xq = '2013-2014 秋季'  [ RunTime:0.0005s ]
INFO: [ view_parse ] --START--
INFO: [ template_filter ] --START--
INFO: Run Behavior\ContentReplaceBehavior [ RunTime:0.000043s ]
INFO: [ template_filter ] --END-- [ RunTime:0.000072s ]
NOTIC: [8] Undefined variable: count /Users/fyc/Documents/CODING/DB/Wechat_Course-master/Application/Runtime/Cache/Student/887017c4557ae6ddc5636a988d793cc3.php 第 155 行.
NOTIC: [8] Undefined variable: page /Users/fyc/Documents/CODING/DB/Wechat_Course-master/Application/Runtime/Cache/Student/887017c4557ae6ddc5636a988d793cc3.php 第 197 行.
INFO: Run Behavior\ParseTemplateBehavior [ RunTime:0.006035s ]
INFO: [ view_parse ] --END-- [ RunTime:0.006064s ]
INFO: [ view_filter ] --START--
INFO: Run Behavior\WriteHtmlCacheBehavior [ RunTime:0.000124s ]
INFO: [ view_filter ] --END-- [ RunTime:0.000142s ]
INFO: [ app_end ] --START--
INFO: Run Behavior\ShowPageTraceBehavior [ RunTime:0.000511s ]
INFO: [ app_end ] --END-- [ RunTime:0.000542s ]

[ 2018-05-31T18:42:29+08:00 ] ::1 /index.php/Student.html
INFO: [ app_init ] --START--
INFO: Run Behavior\BuildLiteBehavior [ RunTime:0.000014s ]
INFO: [ app_init ] --END-- [ RunTime:0.000353s ]
INFO: [ app_begin ] --START--
INFO: Run Behavior\ReadHtmlCacheBehavior [ RunTime:0.000542s ]
INFO: [ app_begin ] --END-- [ RunTime:0.000589s ]
INFO: [ view_parse ] --START--
INFO: [ template_filter ] --START--
INFO: Run Behavior\ContentReplaceBehavior [ RunTime:0.000077s ]
INFO: [ template_filter ] --END-- [ RunTime:0.000131s ]
INFO: Run Behavior\ParseTemplateBehavior [ RunTime:0.007533s ]
INFO: [ view_parse ] --END-- [ RunTime:0.007587s ]
INFO: [ view_filter ] --START--
INFO: Run Behavior\WriteHtmlCacheBehavior [ RunTime:0.000200s ]
INFO: [ view_filter ] --END-- [ RunTime:0.000231s ]
INFO: [ app_end ] --START--
INFO: Run Behavior\ShowPageTraceBehavior [ RunTime:0.000527s ]
INFO: [ app_end ] --END-- [ RunTime:0.000563s ]

[ 2018-05-31T18:42:46+08:00 ] ::1 /index.php/Student.html
INFO: [ app_init ] --START--
INFO: Run Behavior\BuildLiteBehavior [ RunTime:0.000009s ]
INFO: [ app_init ] --END-- [ RunTime:0.000250s ]
INFO: [ app_begin ] --START--
INFO: Run Behavior\ReadHtmlCacheBehavior [ RunTime:0.000327s ]
INFO: [ app_begin ] --END-- [ RunTime:0.000349s ]
INFO: [ view_parse ] --START--
INFO: [ template_filter ] --START--
INFO: Run Behavior\ContentReplaceBehavior [ RunTime:0.000059s ]
INFO: [ template_filter ] --END-- [ RunTime:0.000093s ]
INFO: Run Behavior\ParseTemplateBehavior [ RunTime:0.005109s ]
INFO: [ view_parse ] --END-- [ RunTime:0.005131s ]
INFO: [ view_filter ] --START--
INFO: Run Behavior\WriteHtmlCacheBehavior [ RunTime:0.000114s ]
INFO: [ view_filter ] --END-- [ RunTime:0.000131s ]
INFO: [ app_end ] --START--
INFO: Run Behavior\ShowPageTraceBehavior [ RunTime:0.000414s ]
INFO: [ app_end ] --END-- [ RunTime:0.000438s ]

[ 2018-05-31T18:42:47+08:00 ] ::1 /index.php/Student/Score
INFO: [ app_init ] --START--
INFO: Run Behavior\BuildLiteBehavior [ RunTime:0.000008s ]
INFO: [ app_init ] --END-- [ RunTime:0.000243s ]
INFO: [ app_begin ] --START--
INFO: Run Behavior\ReadHtmlCacheBehavior [ RunTime:0.000323s ]
INFO: [ app_begin ] --END-- [ RunTime:0.000345s ]
INFO: [ view_parse ] --START--
INFO: [ template_filter ] --START--
INFO: Run Behavior\ContentReplaceBehavior [ RunTime:0.000069s ]
INFO: [ template_filter ] --END-- [ RunTime:0.000128s ]
NOTIC: [8] Undefined variable: count /Users/fyc/Documents/CODING/DB/Wechat_Course-master/Application/Runtime/Cache/Student/887017c4557ae6ddc5636a988d793cc3.php 第 155 行.
NOTIC: [8] Undefined variable: list /Users/fyc/Documents/CODING/DB/Wechat_Course-master/Application/Runtime/Cache/Student/887017c4557ae6ddc5636a988d793cc3.php 第 184 行.
NOTIC: [8] Undefined variable: page /Users/fyc/Documents/CODING/DB/Wechat_Course-master/Application/Runtime/Cache/Student/887017c4557ae6ddc5636a988d793cc3.php 第 197 行.
INFO: Run Behavior\ParseTemplateBehavior [ RunTime:0.007095s ]
INFO: [ view_parse ] --END-- [ RunTime:0.007147s ]
INFO: [ view_filter ] --START--
INFO: Run Behavior\WriteHtmlCacheBehavior [ RunTime:0.000221s ]
INFO: [ view_filter ] --END-- [ RunTime:0.000256s ]
INFO: [ app_end ] --START--
INFO: Run Behavior\ShowPageTraceBehavior [ RunTime:0.000958s ]
INFO: [ app_end ] --END-- [ RunTime:0.001044s ]

[ 2018-05-31T18:42:52+08:00 ] ::1 /index.php/Student/Score/GetScore
INFO: [ app_init ] --START--
INFO: Run Behavior\BuildLiteBehavior [ RunTime:0.000011s ]
INFO: [ app_init ] --END-- [ RunTime:0.000263s ]
INFO: [ app_begin ] --START--
INFO: Run Behavior\ReadHtmlCacheBehavior [ RunTime:0.000348s ]
INFO: [ app_begin ] --END-- [ RunTime:0.000375s ]
SQL: SHOW COLUMNS FROM `select_course` [ RunTime:0.0004s ]
SQL: SELECT select_course.kh,course.km,teacher.xm,select_course.gh,course.xf,select_course.pscj,select_course.kscj,select_course.zpcj FROM `select_course` INNER JOIN course on select_course.kh = course.kh INNER JOIN teacher on select_course.gh = teacher.gh  WHERE select_course.xh = '15121102' AND select_course.xq = '2013-2014 秋季'  [ RunTime:0.0003s ]
INFO: [ view_parse ] --START--
INFO: [ template_filter ] --START--
INFO: Run Behavior\ContentReplaceBehavior [ RunTime:0.000046s ]
INFO: [ template_filter ] --END-- [ RunTime:0.000078s ]
NOTIC: [8] Undefined variable: count /Users/fyc/Documents/CODING/DB/Wechat_Course-master/Application/Runtime/Cache/Student/887017c4557ae6ddc5636a988d793cc3.php 第 155 行.
NOTIC: [8] Undefined variable: page /Users/fyc/Documents/CODING/DB/Wechat_Course-master/Application/Runtime/Cache/Student/887017c4557ae6ddc5636a988d793cc3.php 第 197 行.
INFO: Run Behavior\ParseTemplateBehavior [ RunTime:0.005107s ]
INFO: [ view_parse ] --END-- [ RunTime:0.005132s ]
INFO: [ view_filter ] --START--
INFO: Run Behavior\WriteHtmlCacheBehavior [ RunTime:0.000131s ]
INFO: [ view_filter ] --END-- [ RunTime:0.000150s ]
INFO: [ app_end ] --START--
INFO: Run Behavior\ShowPageTraceBehavior [ RunTime:0.000510s ]
INFO: [ app_end ] --END-- [ RunTime:0.000540s ]

[ 2018-05-31T18:43:31+08:00 ] ::1 /index.php/Student.html
INFO: [ app_init ] --START--
INFO: Run Behavior\BuildLiteBehavior [ RunTime:0.000009s ]
INFO: [ app_init ] --END-- [ RunTime:0.000242s ]
INFO: [ app_begin ] --START--
INFO: Run Behavior\ReadHtmlCacheBehavior [ RunTime:0.000323s ]
INFO: [ app_begin ] --END-- [ RunTime:0.000347s ]
INFO: [ view_parse ] --START--
INFO: [ template_filter ] --START--
INFO: Run Behavior\ContentReplaceBehavior [ RunTime:0.000063s ]
INFO: [ template_filter ] --END-- [ RunTime:0.000099s ]
INFO: Run Behavior\ParseTemplateBehavior [ RunTime:0.005748s ]
INFO: [ view_parse ] --END-- [ RunTime:0.005776s ]
INFO: [ view_filter ] --START--
INFO: Run Behavior\WriteHtmlCacheBehavior [ RunTime:0.000310s ]
INFO: [ view_filter ] --END-- [ RunTime:0.000335s ]
INFO: [ app_end ] --START--
INFO: Run Behavior\ShowPageTraceBehavior [ RunTime:0.000432s ]
INFO: [ app_end ] --END-- [ RunTime:0.000460s ]

[ 2018-05-31T18:46:18+08:00 ] ::1 /index.php/Student.html
INFO: [ app_init ] --START--
INFO: Run Behavior\BuildLiteBehavior [ RunTime:0.000009s ]
INFO: [ app_init ] --END-- [ RunTime:0.000245s ]
INFO: [ app_begin ] --START--
INFO: Run Behavior\ReadHtmlCacheBehavior [ RunTime:0.000326s ]
INFO: [ app_begin ] --END-- [ RunTime:0.000348s ]
INFO: [ view_parse ] --START--
INFO: [ template_filter ] --START--
INFO: Run Behavior\ContentReplaceBehavior [ RunTime:0.000058s ]
INFO: [ template_filter ] --END-- [ RunTime:0.000091s ]
INFO: Run Behavior\ParseTemplateBehavior [ RunTime:0.005021s ]
INFO: [ view_parse ] --END-- [ RunTime:0.005043s ]
INFO: [ view_filter ] --START--
INFO: Run Behavior\WriteHtmlCacheBehavior [ RunTime:0.000103s ]
INFO: [ view_filter ] --END-- [ RunTime:0.000120s ]
INFO: [ app_end ] --START--
INFO: Run Behavior\ShowPageTraceBehavior [ RunTime:0.000456s ]
INFO: [ app_end ] --END-- [ RunTime:0.000485s ]

[ 2018-05-31T18:46:22+08:00 ] ::1 /index.php/Student/Select
INFO: [ app_init ] --START--
INFO: Run Behavior\BuildLiteBehavior [ RunTime:0.000009s ]
INFO: [ app_init ] --END-- [ RunTime:0.000245s ]
INFO: [ app_begin ] --START--
INFO: Run Behavior\ReadHtmlCacheBehavior [ RunTime:0.000382s ]
INFO: [ app_begin ] --END-- [ RunTime:0.000409s ]
SQL: SHOW COLUMNS FROM `select_course` [ RunTime:0.0004s ]
SQL: SELECT COUNT(*) AS tp_count FROM `select_course` WHERE ( xh = 15121101 and xq = '2013-2014 秋季' ) LIMIT 1   [ RunTime:0.0004s ]
SQL: SELECT select_course.kh,course.km,teacher.xm,select_course.gh,open_course.sksj,course.xf FROM `select_course` INNER JOIN course on select_course.kh = course.kh INNER JOIN teacher on select_course.gh = teacher.gh INNER JOIN open_course on select_course.kh = open_course.kh and open_course.xq = select_course.xq  WHERE ( select_course.xh = 15121101 and select_course.xq = '2013-2014 秋季' ) LIMIT 0,10   [ RunTime:0.0003s ]
INFO: [ view_parse ] --START--
INFO: [ template_filter ] --START--
INFO: Run Behavior\ContentReplaceBehavior [ RunTime:0.000053s ]
INFO: [ template_filter ] --END-- [ RunTime:0.000089s ]
INFO: Run Behavior\ParseTemplateBehavior [ RunTime:0.006742s ]
INFO: [ view_parse ] --END-- [ RunTime:0.006792s ]
INFO: [ view_filter ] --START--
INFO: Run Behavior\WriteHtmlCacheBehavior [ RunTime:0.000146s ]
INFO: [ view_filter ] --END-- [ RunTime:0.000168s ]
INFO: [ app_end ] --START--
INFO: Run Behavior\ShowPageTraceBehavior [ RunTime:0.000672s ]
INFO: [ app_end ] --END-- [ RunTime:0.000716s ]

[ 2018-05-31T18:46:24+08:00 ] ::1 /index.php/Student/Search
INFO: [ app_init ] --START--
INFO: Run Behavior\BuildLiteBehavior [ RunTime:0.000010s ]
INFO: [ app_init ] --END-- [ RunTime:0.000324s ]
INFO: [ app_begin ] --START--
INFO: Run Behavior\ReadHtmlCacheBehavior [ RunTime:0.000340s ]
INFO: [ app_begin ] --END-- [ RunTime:0.000364s ]
INFO: [ view_parse ] --START--
INFO: [ template_filter ] --START--
INFO: Run Behavior\ContentReplaceBehavior [ RunTime:0.000060s ]
INFO: [ template_filter ] --END-- [ RunTime:0.000096s ]
NOTIC: [8] Undefined variable: count /Users/fyc/Documents/CODING/DB/Wechat_Course-master/Application/Runtime/Cache/Student/cc27c3fa40c93f8eb943a0afcacece2a.php 第 208 行.
NOTIC: [8] Undefined variable: list /Users/fyc/Documents/CODING/DB/Wechat_Course-master/Application/Runtime/Cache/Student/cc27c3fa40c93f8eb943a0afcacece2a.php 第 235 行.
NOTIC: [8] Undefined variable: page /Users/fyc/Documents/CODING/DB/Wechat_Course-master/Application/Runtime/Cache/Student/cc27c3fa40c93f8eb943a0afcacece2a.php 第 246 行.
INFO: Run Behavior\ParseTemplateBehavior [ RunTime:0.007341s ]
INFO: [ view_parse ] --END-- [ RunTime:0.007372s ]
INFO: [ view_filter ] --START--
INFO: Run Behavior\WriteHtmlCacheBehavior [ RunTime:0.000136s ]
INFO: [ view_filter ] --END-- [ RunTime:0.000157s ]
INFO: [ app_end ] --START--
INFO: Run Behavior\ShowPageTraceBehavior [ RunTime:0.000648s ]
INFO: [ app_end ] --END-- [ RunTime:0.000698s ]

[ 2018-05-31T18:46:25+08:00 ] ::1 /index.php/Student/Select
INFO: [ app_init ] --START--
INFO: Run Behavior\BuildLiteBehavior [ RunTime:0.000009s ]
INFO: [ app_init ] --END-- [ RunTime:0.000236s ]
INFO: [ app_begin ] --START--
INFO: Run Behavior\ReadHtmlCacheBehavior [ RunTime:0.000585s ]
INFO: [ app_begin ] --END-- [ RunTime:0.000621s ]
SQL: SHOW COLUMNS FROM `select_course` [ RunTime:0.0004s ]
SQL: SELECT COUNT(*) AS tp_count FROM `select_course` WHERE ( xh = 15121101 and xq = '2013-2014 秋季' ) LIMIT 1   [ RunTime:0.0003s ]
SQL: SELECT select_course.kh,course.km,teacher.xm,select_course.gh,open_course.sksj,course.xf FROM `select_course` INNER JOIN course on select_course.kh = course.kh INNER JOIN teacher on select_course.gh = teacher.gh INNER JOIN open_course on select_course.kh = open_course.kh and open_course.xq = select_course.xq  WHERE ( select_course.xh = 15121101 and select_course.xq = '2013-2014 秋季' ) LIMIT 0,10   [ RunTime:0.0005s ]
INFO: [ view_parse ] --START--
INFO: [ template_filter ] --START--
INFO: Run Behavior\ContentReplaceBehavior [ RunTime:0.000048s ]
INFO: [ template_filter ] --END-- [ RunTime:0.000074s ]
INFO: Run Behavior\ParseTemplateBehavior [ RunTime:0.004714s ]
INFO: [ view_parse ] --END-- [ RunTime:0.004739s ]
INFO: [ view_filter ] --START--
INFO: Run Behavior\WriteHtmlCacheBehavior [ RunTime:0.000104s ]
INFO: [ view_filter ] --END-- [ RunTime:0.000123s ]
INFO: [ app_end ] --START--
INFO: Run Behavior\ShowPageTraceBehavior [ RunTime:0.000488s ]
INFO: [ app_end ] --END-- [ RunTime:0.000528s ]

