[ 2018-05-21T14:01:34+08:00 ] ::1 /index.php/Student.html
INFO: [ app_init ] --START--
INFO: Run Behavior\BuildLiteBehavior [ RunTime:0.000010s ]
INFO: [ app_init ] --END-- [ RunTime:0.000280s ]
INFO: [ app_begin ] --START--
INFO: Run Behavior\ReadHtmlCacheBehavior [ RunTime:0.000526s ]
INFO: [ app_begin ] --END-- [ RunTime:0.000574s ]
INFO: [ view_parse ] --START--
INFO: [ template_filter ] --START--
INFO: Run Behavior\ContentReplaceBehavior [ RunTime:0.000058s ]
INFO: [ template_filter ] --END-- [ RunTime:0.000095s ]
INFO: Run Behavior\ParseTemplateBehavior [ RunTime:0.007229s ]
INFO: [ view_parse ] --END-- [ RunTime:0.007272s ]
INFO: [ view_filter ] --START--
INFO: Run Behavior\WriteHtmlCacheBehavior [ RunTime:0.000123s ]
INFO: [ view_filter ] --END-- [ RunTime:0.000141s ]
INFO: [ app_end ] --START--
INFO: Run Behavior\ShowPageTraceBehavior [ RunTime:0.000471s ]
INFO: [ app_end ] --END-- [ RunTime:0.000498s ]

[ 2018-05-21T14:02:10+08:00 ] ::1 /index.php/Student/Select
INFO: [ app_init ] --START--
INFO: Run Behavior\BuildLiteBehavior [ RunTime:0.000033s ]
INFO: [ app_init ] --END-- [ RunTime:0.000476s ]
INFO: [ app_begin ] --START--
INFO: Run Behavior\ReadHtmlCacheBehavior [ RunTime:0.000405s ]
INFO: [ app_begin ] --END-- [ RunTime:0.000438s ]
SQL: SHOW COLUMNS FROM `select_course` [ RunTime:0.0082s ]
SQL: SELECT COUNT(*) AS tp_count FROM `select_course` WHERE ( xh = 15121101 and xq = '2013-2014 秋季' ) LIMIT 1   [ RunTime:0.0076s ]
SQL: SELECT select_course.kh,course.km,teacher.xm,select_course.gh,open_course.sksj,course.xf FROM `select_course` INNER JOIN course on select_course.kh = course.kh INNER JOIN teacher on select_course.gh = teacher.gh INNER JOIN open_course on select_course.kh = open_course.kh and open_course.xq = select_course.xq  WHERE ( select_course.xh = 15121101 and select_course.xq = '2013-2014 秋季' ) LIMIT 0,10   [ RunTime:0.0078s ]
INFO: [ view_parse ] --START--
INFO: [ template_filter ] --START--
INFO: Run Behavior\ContentReplaceBehavior [ RunTime:0.000077s ]
INFO: [ template_filter ] --END-- [ RunTime:0.000125s ]
INFO: Run Behavior\ParseTemplateBehavior [ RunTime:0.014706s ]
INFO: [ view_parse ] --END-- [ RunTime:0.014742s ]
INFO: [ view_filter ] --START--
INFO: Run Behavior\WriteHtmlCacheBehavior [ RunTime:0.000146s ]
INFO: [ view_filter ] --END-- [ RunTime:0.000168s ]
INFO: [ app_end ] --START--
INFO: Run Behavior\ShowPageTraceBehavior [ RunTime:0.000637s ]
INFO: [ app_end ] --END-- [ RunTime:0.000678s ]

[ 2018-05-21T14:02:12+08:00 ] ::1 /index.php/Student/Search
INFO: [ app_init ] --START--
INFO: Run Behavior\BuildLiteBehavior [ RunTime:0.000010s ]
INFO: [ app_init ] --END-- [ RunTime:0.000241s ]
INFO: [ app_begin ] --START--
INFO: Run Behavior\ReadHtmlCacheBehavior [ RunTime:0.000320s ]
INFO: [ app_begin ] --END-- [ RunTime:0.000344s ]
INFO: [ view_parse ] --START--
INFO: [ template_filter ] --START--
INFO: Run Behavior\ContentReplaceBehavior [ RunTime:0.000096s ]
INFO: [ template_filter ] --END-- [ RunTime:0.000189s ]
NOTIC: [8] Undefined variable: count /Users/fyc/Documents/CODING/DB/Wechat_Course-master/Application/Runtime/Cache/Student/cc27c3fa40c93f8eb943a0afcacece2a.php 第 208 行.
NOTIC: [8] Undefined variable: list /Users/fyc/Documents/CODING/DB/Wechat_Course-master/Application/Runtime/Cache/Student/cc27c3fa40c93f8eb943a0afcacece2a.php 第 235 行.
NOTIC: [8] Undefined variable: page /Users/fyc/Documents/CODING/DB/Wechat_Course-master/Application/Runtime/Cache/Student/cc27c3fa40c93f8eb943a0afcacece2a.php 第 246 行.
INFO: Run Behavior\ParseTemplateBehavior [ RunTime:0.007153s ]
INFO: [ view_parse ] --END-- [ RunTime:0.007189s ]
INFO: [ view_filter ] --START--
INFO: Run Behavior\WriteHtmlCacheBehavior [ RunTime:0.000149s ]
INFO: [ view_filter ] --END-- [ RunTime:0.000170s ]
INFO: [ app_end ] --START--
INFO: Run Behavior\ShowPageTraceBehavior [ RunTime:0.000576s ]
INFO: [ app_end ] --END-- [ RunTime:0.000623s ]

[ 2018-05-21T14:02:13+08:00 ] ::1 /index.php/Student/Select
INFO: [ app_init ] --START--
INFO: Run Behavior\BuildLiteBehavior [ RunTime:0.000009s ]
INFO: [ app_init ] --END-- [ RunTime:0.000247s ]
INFO: [ app_begin ] --START--
INFO: Run Behavior\ReadHtmlCacheBehavior [ RunTime:0.000320s ]
INFO: [ app_begin ] --END-- [ RunTime:0.000343s ]
SQL: SHOW COLUMNS FROM `select_course` [ RunTime:0.0112s ]
SQL: SELECT COUNT(*) AS tp_count FROM `select_course` WHERE ( xh = 15121101 and xq = '2013-2014 秋季' ) LIMIT 1   [ RunTime:0.0091s ]
SQL: SELECT select_course.kh,course.km,teacher.xm,select_course.gh,open_course.sksj,course.xf FROM `select_course` INNER JOIN course on select_course.kh = course.kh INNER JOIN teacher on select_course.gh = teacher.gh INNER JOIN open_course on select_course.kh = open_course.kh and open_course.xq = select_course.xq  WHERE ( select_course.xh = 15121101 and select_course.xq = '2013-2014 秋季' ) LIMIT 0,10   [ RunTime:0.0109s ]
INFO: [ view_parse ] --START--
INFO: [ template_filter ] --START--
INFO: Run Behavior\ContentReplaceBehavior [ RunTime:0.000069s ]
INFO: [ template_filter ] --END-- [ RunTime:0.000114s ]
INFO: Run Behavior\ParseTemplateBehavior [ RunTime:0.009249s ]
INFO: [ view_parse ] --END-- [ RunTime:0.009297s ]
INFO: [ view_filter ] --START--
INFO: Run Behavior\WriteHtmlCacheBehavior [ RunTime:0.000148s ]
INFO: [ view_filter ] --END-- [ RunTime:0.000171s ]
INFO: [ app_end ] --START--
INFO: Run Behavior\ShowPageTraceBehavior [ RunTime:0.000605s ]
INFO: [ app_end ] --END-- [ RunTime:0.000653s ]

[ 2018-05-21T14:02:14+08:00 ] ::1 /index.php/Student/Search
INFO: [ app_init ] --START--
INFO: Run Behavior\BuildLiteBehavior [ RunTime:0.000009s ]
INFO: [ app_init ] --END-- [ RunTime:0.000242s ]
INFO: [ app_begin ] --START--
INFO: Run Behavior\ReadHtmlCacheBehavior [ RunTime:0.000322s ]
INFO: [ app_begin ] --END-- [ RunTime:0.000344s ]
INFO: [ view_parse ] --START--
INFO: [ template_filter ] --START--
INFO: Run Behavior\ContentReplaceBehavior [ RunTime:0.000051s ]
INFO: [ template_filter ] --END-- [ RunTime:0.000080s ]
NOTIC: [8] Undefined variable: count /Users/fyc/Documents/CODING/DB/Wechat_Course-master/Application/Runtime/Cache/Student/cc27c3fa40c93f8eb943a0afcacece2a.php 第 208 行.
NOTIC: [8] Undefined variable: list /Users/fyc/Documents/CODING/DB/Wechat_Course-master/Application/Runtime/Cache/Student/cc27c3fa40c93f8eb943a0afcacece2a.php 第 235 行.
NOTIC: [8] Undefined variable: page /Users/fyc/Documents/CODING/DB/Wechat_Course-master/Application/Runtime/Cache/Student/cc27c3fa40c93f8eb943a0afcacece2a.php 第 246 行.
INFO: Run Behavior\ParseTemplateBehavior [ RunTime:0.005015s ]
INFO: [ view_parse ] --END-- [ RunTime:0.005035s ]
INFO: [ view_filter ] --START--
INFO: Run Behavior\WriteHtmlCacheBehavior [ RunTime:0.000107s ]
INFO: [ view_filter ] --END-- [ RunTime:0.000126s ]
INFO: [ app_end ] --START--
INFO: Run Behavior\ShowPageTraceBehavior [ RunTime:0.000446s ]
INFO: [ app_end ] --END-- [ RunTime:0.000480s ]

[ 2018-05-21T14:02:15+08:00 ] ::1 /index.php/Student/Select
INFO: [ app_init ] --START--
INFO: Run Behavior\BuildLiteBehavior [ RunTime:0.000010s ]
INFO: [ app_init ] --END-- [ RunTime:0.000250s ]
INFO: [ app_begin ] --START--
INFO: Run Behavior\ReadHtmlCacheBehavior [ RunTime:0.000333s ]
INFO: [ app_begin ] --END-- [ RunTime:0.000356s ]
SQL: SHOW COLUMNS FROM `select_course` [ RunTime:0.0375s ]
SQL: SELECT COUNT(*) AS tp_count FROM `select_course` WHERE ( xh = 15121101 and xq = '2013-2014 秋季' ) LIMIT 1   [ RunTime:0.0096s ]
SQL: SELECT select_course.kh,course.km,teacher.xm,select_course.gh,open_course.sksj,course.xf FROM `select_course` INNER JOIN course on select_course.kh = course.kh INNER JOIN teacher on select_course.gh = teacher.gh INNER JOIN open_course on select_course.kh = open_course.kh and open_course.xq = select_course.xq  WHERE ( select_course.xh = 15121101 and select_course.xq = '2013-2014 秋季' ) LIMIT 0,10   [ RunTime:0.0318s ]
INFO: [ view_parse ] --START--
INFO: [ template_filter ] --START--
INFO: Run Behavior\ContentReplaceBehavior [ RunTime:0.000065s ]
INFO: [ template_filter ] --END-- [ RunTime:0.000106s ]
INFO: Run Behavior\ParseTemplateBehavior [ RunTime:0.008491s ]
INFO: [ view_parse ] --END-- [ RunTime:0.008533s ]
INFO: [ view_filter ] --START--
INFO: Run Behavior\WriteHtmlCacheBehavior [ RunTime:0.000152s ]
INFO: [ view_filter ] --END-- [ RunTime:0.000178s ]
INFO: [ app_end ] --START--
INFO: Run Behavior\ShowPageTraceBehavior [ RunTime:0.001073s ]
INFO: [ app_end ] --END-- [ RunTime:0.001127s ]

[ 2018-05-21T14:02:15+08:00 ] ::1 /index.php/Student/Search
INFO: [ app_init ] --START--
INFO: Run Behavior\BuildLiteBehavior [ RunTime:0.000011s ]
INFO: [ app_init ] --END-- [ RunTime:0.000259s ]
INFO: [ app_begin ] --START--
INFO: Run Behavior\ReadHtmlCacheBehavior [ RunTime:0.000404s ]
INFO: [ app_begin ] --END-- [ RunTime:0.000434s ]
INFO: [ view_parse ] --START--
INFO: [ template_filter ] --START--
INFO: Run Behavior\ContentReplaceBehavior [ RunTime:0.000051s ]
INFO: [ template_filter ] --END-- [ RunTime:0.000080s ]
NOTIC: [8] Undefined variable: count /Users/fyc/Documents/CODING/DB/Wechat_Course-master/Application/Runtime/Cache/Student/cc27c3fa40c93f8eb943a0afcacece2a.php 第 208 行.
NOTIC: [8] Undefined variable: list /Users/fyc/Documents/CODING/DB/Wechat_Course-master/Application/Runtime/Cache/Student/cc27c3fa40c93f8eb943a0afcacece2a.php 第 235 行.
NOTIC: [8] Undefined variable: page /Users/fyc/Documents/CODING/DB/Wechat_Course-master/Application/Runtime/Cache/Student/cc27c3fa40c93f8eb943a0afcacece2a.php 第 246 行.
INFO: Run Behavior\ParseTemplateBehavior [ RunTime:0.005298s ]
INFO: [ view_parse ] --END-- [ RunTime:0.005323s ]
INFO: [ view_filter ] --START--
INFO: Run Behavior\WriteHtmlCacheBehavior [ RunTime:0.000107s ]
INFO: [ view_filter ] --END-- [ RunTime:0.000124s ]
INFO: [ app_end ] --START--
INFO: Run Behavior\ShowPageTraceBehavior [ RunTime:0.000535s ]
INFO: [ app_end ] --END-- [ RunTime:0.000573s ]

[ 2018-05-21T14:02:16+08:00 ] ::1 /index.php/Student/Score
INFO: [ app_init ] --START--
INFO: Run Behavior\BuildLiteBehavior [ RunTime:0.000009s ]
INFO: [ app_init ] --END-- [ RunTime:0.000247s ]
INFO: [ app_begin ] --START--
INFO: Run Behavior\ReadHtmlCacheBehavior [ RunTime:0.000320s ]
INFO: [ app_begin ] --END-- [ RunTime:0.000342s ]
INFO: [ view_parse ] --START--
INFO: [ template_filter ] --START--
INFO: Run Behavior\ContentReplaceBehavior [ RunTime:0.000052s ]
INFO: [ template_filter ] --END-- [ RunTime:0.000084s ]
NOTIC: [8] Undefined variable: count /Users/fyc/Documents/CODING/DB/Wechat_Course-master/Application/Runtime/Cache/Student/887017c4557ae6ddc5636a988d793cc3.php 第 155 行.
NOTIC: [8] Undefined variable: list /Users/fyc/Documents/CODING/DB/Wechat_Course-master/Application/Runtime/Cache/Student/887017c4557ae6ddc5636a988d793cc3.php 第 184 行.
NOTIC: [8] Undefined variable: page /Users/fyc/Documents/CODING/DB/Wechat_Course-master/Application/Runtime/Cache/Student/887017c4557ae6ddc5636a988d793cc3.php 第 197 行.
INFO: Run Behavior\ParseTemplateBehavior [ RunTime:0.006876s ]
INFO: [ view_parse ] --END-- [ RunTime:0.006908s ]
INFO: [ view_filter ] --START--
INFO: Run Behavior\WriteHtmlCacheBehavior [ RunTime:0.000138s ]
INFO: [ view_filter ] --END-- [ RunTime:0.000158s ]
INFO: [ app_end ] --START--
INFO: Run Behavior\ShowPageTraceBehavior [ RunTime:0.001038s ]
INFO: [ app_end ] --END-- [ RunTime:0.001094s ]

[ 2018-05-21T14:02:46+08:00 ] ::1 /index.php/Student/Score/GetScore
INFO: [ app_init ] --START--
INFO: Run Behavior\BuildLiteBehavior [ RunTime:0.000023s ]
INFO: [ app_init ] --END-- [ RunTime:0.000341s ]
INFO: [ app_begin ] --START--
INFO: Run Behavior\ReadHtmlCacheBehavior [ RunTime:0.000374s ]
INFO: [ app_begin ] --END-- [ RunTime:0.000400s ]
SQL: SHOW COLUMNS FROM `select_course` [ RunTime:0.0088s ]
SQL: SELECT select_course.kh,course.km,teacher.xm,select_course.gh,course.xf,select_course.pscj,select_course.kscj,select_course.zpcj FROM `select_course` INNER JOIN course on select_course.kh = course.kh INNER JOIN teacher on select_course.gh = teacher.gh  WHERE select_course.xh = '15121101' AND select_course.xq = '2012-2013 春季'  [ RunTime:0.0096s ]
INFO: [ view_parse ] --START--
INFO: [ template_filter ] --START--
INFO: Run Behavior\ContentReplaceBehavior [ RunTime:0.000162s ]
INFO: [ template_filter ] --END-- [ RunTime:0.000333s ]
NOTIC: [8] Undefined variable: count /Users/fyc/Documents/CODING/DB/Wechat_Course-master/Application/Runtime/Cache/Student/887017c4557ae6ddc5636a988d793cc3.php 第 155 行.
NOTIC: [8] Undefined variable: page /Users/fyc/Documents/CODING/DB/Wechat_Course-master/Application/Runtime/Cache/Student/887017c4557ae6ddc5636a988d793cc3.php 第 197 行.
INFO: Run Behavior\ParseTemplateBehavior [ RunTime:0.011403s ]
INFO: [ view_parse ] --END-- [ RunTime:0.011460s ]
INFO: [ view_filter ] --START--
INFO: Run Behavior\WriteHtmlCacheBehavior [ RunTime:0.000239s ]
INFO: [ view_filter ] --END-- [ RunTime:0.000279s ]
INFO: [ app_end ] --START--
INFO: Run Behavior\ShowPageTraceBehavior [ RunTime:0.000778s ]
INFO: [ app_end ] --END-- [ RunTime:0.000839s ]

[ 2018-05-21T14:02:51+08:00 ] ::1 /index.php/Student/Score/GetScore
INFO: [ app_init ] --START--
INFO: Run Behavior\BuildLiteBehavior [ RunTime:0.000025s ]
INFO: [ app_init ] --END-- [ RunTime:0.000387s ]
INFO: [ app_begin ] --START--
INFO: Run Behavior\ReadHtmlCacheBehavior [ RunTime:0.000417s ]
INFO: [ app_begin ] --END-- [ RunTime:0.000446s ]
SQL: SHOW COLUMNS FROM `select_course` [ RunTime:0.0417s ]
SQL: SELECT select_course.kh,course.km,teacher.xm,select_course.gh,course.xf,select_course.pscj,select_course.kscj,select_course.zpcj FROM `select_course` INNER JOIN course on select_course.kh = course.kh INNER JOIN teacher on select_course.gh = teacher.gh  WHERE select_course.xh = '15121101' AND select_course.xq = '2012-2013 春季'  [ RunTime:0.0086s ]
INFO: [ view_parse ] --START--
INFO: [ template_filter ] --START--
INFO: Run Behavior\ContentReplaceBehavior [ RunTime:0.000069s ]
INFO: [ template_filter ] --END-- [ RunTime:0.000105s ]
NOTIC: [8] Undefined variable: count /Users/fyc/Documents/CODING/DB/Wechat_Course-master/Application/Runtime/Cache/Student/887017c4557ae6ddc5636a988d793cc3.php 第 155 行.
NOTIC: [8] Undefined variable: page /Users/fyc/Documents/CODING/DB/Wechat_Course-master/Application/Runtime/Cache/Student/887017c4557ae6ddc5636a988d793cc3.php 第 197 行.
INFO: Run Behavior\ParseTemplateBehavior [ RunTime:0.008981s ]
INFO: [ view_parse ] --END-- [ RunTime:0.009015s ]
INFO: [ view_filter ] --START--
INFO: Run Behavior\WriteHtmlCacheBehavior [ RunTime:0.000147s ]
INFO: [ view_filter ] --END-- [ RunTime:0.000169s ]
INFO: [ app_end ] --START--
INFO: Run Behavior\ShowPageTraceBehavior [ RunTime:0.000645s ]
INFO: [ app_end ] --END-- [ RunTime:0.000687s ]

[ 2018-05-21T14:02:53+08:00 ] ::1 /index.php/Student/Score/GetScore
INFO: [ app_init ] --START--
INFO: Run Behavior\BuildLiteBehavior [ RunTime:0.000010s ]
INFO: [ app_init ] --END-- [ RunTime:0.000240s ]
INFO: [ app_begin ] --START--
INFO: Run Behavior\ReadHtmlCacheBehavior [ RunTime:0.000335s ]
INFO: [ app_begin ] --END-- [ RunTime:0.000359s ]
SQL: SHOW COLUMNS FROM `select_course` [ RunTime:0.0098s ]
SQL: SELECT select_course.kh,course.km,teacher.xm,select_course.gh,course.xf,select_course.pscj,select_course.kscj,select_course.zpcj FROM `select_course` INNER JOIN course on select_course.kh = course.kh INNER JOIN teacher on select_course.gh = teacher.gh  WHERE select_course.xh = '15121101' AND select_course.xq = '2012-2013 春季'  [ RunTime:0.0084s ]
INFO: [ view_parse ] --START--
INFO: [ template_filter ] --START--
INFO: Run Behavior\ContentReplaceBehavior [ RunTime:0.000081s ]
INFO: [ template_filter ] --END-- [ RunTime:0.000154s ]
NOTIC: [8] Undefined variable: count /Users/fyc/Documents/CODING/DB/Wechat_Course-master/Application/Runtime/Cache/Student/887017c4557ae6ddc5636a988d793cc3.php 第 155 行.
NOTIC: [8] Undefined variable: page /Users/fyc/Documents/CODING/DB/Wechat_Course-master/Application/Runtime/Cache/Student/887017c4557ae6ddc5636a988d793cc3.php 第 197 行.
INFO: Run Behavior\ParseTemplateBehavior [ RunTime:0.007636s ]
INFO: [ view_parse ] --END-- [ RunTime:0.007676s ]
INFO: [ view_filter ] --START--
INFO: Run Behavior\WriteHtmlCacheBehavior [ RunTime:0.000166s ]
INFO: [ view_filter ] --END-- [ RunTime:0.000192s ]
INFO: [ app_end ] --START--
INFO: Run Behavior\ShowPageTraceBehavior [ RunTime:0.000968s ]
INFO: [ app_end ] --END-- [ RunTime:0.001056s ]

[ 2018-05-21T14:02:53+08:00 ] ::1 /index.php/Student/Score/GetScore
INFO: [ app_init ] --START--
INFO: Run Behavior\BuildLiteBehavior [ RunTime:0.000011s ]
INFO: [ app_init ] --END-- [ RunTime:0.000280s ]
INFO: [ app_begin ] --START--
INFO: Run Behavior\ReadHtmlCacheBehavior [ RunTime:0.000389s ]
INFO: [ app_begin ] --END-- [ RunTime:0.000415s ]
SQL: SHOW COLUMNS FROM `select_course` [ RunTime:0.0087s ]
SQL: SELECT select_course.kh,course.km,teacher.xm,select_course.gh,course.xf,select_course.pscj,select_course.kscj,select_course.zpcj FROM `select_course` INNER JOIN course on select_course.kh = course.kh INNER JOIN teacher on select_course.gh = teacher.gh  WHERE select_course.xh = '15121101' AND select_course.xq = '2012-2013 春季'  [ RunTime:0.0078s ]
INFO: [ view_parse ] --START--
INFO: [ template_filter ] --START--
INFO: Run Behavior\ContentReplaceBehavior [ RunTime:0.000076s ]
INFO: [ template_filter ] --END-- [ RunTime:0.000116s ]
NOTIC: [8] Undefined variable: count /Users/fyc/Documents/CODING/DB/Wechat_Course-master/Application/Runtime/Cache/Student/887017c4557ae6ddc5636a988d793cc3.php 第 155 行.
NOTIC: [8] Undefined variable: page /Users/fyc/Documents/CODING/DB/Wechat_Course-master/Application/Runtime/Cache/Student/887017c4557ae6ddc5636a988d793cc3.php 第 197 行.
INFO: Run Behavior\ParseTemplateBehavior [ RunTime:0.008704s ]
INFO: [ view_parse ] --END-- [ RunTime:0.008744s ]
INFO: [ view_filter ] --START--
INFO: Run Behavior\WriteHtmlCacheBehavior [ RunTime:0.000166s ]
INFO: [ view_filter ] --END-- [ RunTime:0.000188s ]
INFO: [ app_end ] --START--
INFO: Run Behavior\ShowPageTraceBehavior [ RunTime:0.000860s ]
INFO: [ app_end ] --END-- [ RunTime:0.000901s ]

[ 2018-05-21T14:02:53+08:00 ] ::1 /index.php/Student/Score/GetScore
INFO: [ app_init ] --START--
INFO: Run Behavior\BuildLiteBehavior [ RunTime:0.000010s ]
INFO: [ app_init ] --END-- [ RunTime:0.000270s ]
INFO: [ app_begin ] --START--
INFO: Run Behavior\ReadHtmlCacheBehavior [ RunTime:0.000483s ]
INFO: [ app_begin ] --END-- [ RunTime:0.000528s ]
SQL: SHOW COLUMNS FROM `select_course` [ RunTime:0.0093s ]
SQL: SELECT select_course.kh,course.km,teacher.xm,select_course.gh,course.xf,select_course.pscj,select_course.kscj,select_course.zpcj FROM `select_course` INNER JOIN course on select_course.kh = course.kh INNER JOIN teacher on select_course.gh = teacher.gh  WHERE select_course.xh = '15121101' AND select_course.xq = '2012-2013 春季'  [ RunTime:0.0104s ]
INFO: [ view_parse ] --START--
INFO: [ template_filter ] --START--
INFO: Run Behavior\ContentReplaceBehavior [ RunTime:0.000108s ]
INFO: [ template_filter ] --END-- [ RunTime:0.000184s ]
NOTIC: [8] Undefined variable: count /Users/fyc/Documents/CODING/DB/Wechat_Course-master/Application/Runtime/Cache/Student/887017c4557ae6ddc5636a988d793cc3.php 第 155 行.
NOTIC: [8] Undefined variable: page /Users/fyc/Documents/CODING/DB/Wechat_Course-master/Application/Runtime/Cache/Student/887017c4557ae6ddc5636a988d793cc3.php 第 197 行.
INFO: Run Behavior\ParseTemplateBehavior [ RunTime:0.008297s ]
INFO: [ view_parse ] --END-- [ RunTime:0.008361s ]
INFO: [ view_filter ] --START--
INFO: Run Behavior\WriteHtmlCacheBehavior [ RunTime:0.000165s ]
INFO: [ view_filter ] --END-- [ RunTime:0.000191s ]
INFO: [ app_end ] --START--
INFO: Run Behavior\ShowPageTraceBehavior [ RunTime:0.000646s ]
INFO: [ app_end ] --END-- [ RunTime:0.000690s ]

[ 2018-05-21T14:02:54+08:00 ] ::1 /index.php/Student/Score/GetScore
INFO: [ app_init ] --START--
INFO: Run Behavior\BuildLiteBehavior [ RunTime:0.000010s ]
INFO: [ app_init ] --END-- [ RunTime:0.000321s ]
INFO: [ app_begin ] --START--
INFO: Run Behavior\ReadHtmlCacheBehavior [ RunTime:0.000338s ]
INFO: [ app_begin ] --END-- [ RunTime:0.000361s ]
SQL: SHOW COLUMNS FROM `select_course` [ RunTime:0.0083s ]
SQL: SELECT select_course.kh,course.km,teacher.xm,select_course.gh,course.xf,select_course.pscj,select_course.kscj,select_course.zpcj FROM `select_course` INNER JOIN course on select_course.kh = course.kh INNER JOIN teacher on select_course.gh = teacher.gh  WHERE select_course.xh = '15121101' AND select_course.xq = '2012-2013 春季'  [ RunTime:0.0076s ]
INFO: [ view_parse ] --START--
INFO: [ template_filter ] --START--
INFO: Run Behavior\ContentReplaceBehavior [ RunTime:0.000061s ]
INFO: [ template_filter ] --END-- [ RunTime:0.000098s ]
NOTIC: [8] Undefined variable: count /Users/fyc/Documents/CODING/DB/Wechat_Course-master/Application/Runtime/Cache/Student/887017c4557ae6ddc5636a988d793cc3.php 第 155 行.
NOTIC: [8] Undefined variable: page /Users/fyc/Documents/CODING/DB/Wechat_Course-master/Application/Runtime/Cache/Student/887017c4557ae6ddc5636a988d793cc3.php 第 197 行.
INFO: Run Behavior\ParseTemplateBehavior [ RunTime:0.007094s ]
INFO: [ view_parse ] --END-- [ RunTime:0.007134s ]
INFO: [ view_filter ] --START--
INFO: Run Behavior\WriteHtmlCacheBehavior [ RunTime:0.000164s ]
INFO: [ view_filter ] --END-- [ RunTime:0.000189s ]
INFO: [ app_end ] --START--
INFO: Run Behavior\ShowPageTraceBehavior [ RunTime:0.000702s ]
INFO: [ app_end ] --END-- [ RunTime:0.000760s ]

[ 2018-05-21T14:02:59+08:00 ] ::1 /index.php/Student/Search
INFO: [ app_init ] --START--
INFO: Run Behavior\BuildLiteBehavior [ RunTime:0.000010s ]
INFO: [ app_init ] --END-- [ RunTime:0.000286s ]
INFO: [ app_begin ] --START--
INFO: Run Behavior\ReadHtmlCacheBehavior [ RunTime:0.000463s ]
INFO: [ app_begin ] --END-- [ RunTime:0.000496s ]
INFO: [ view_parse ] --START--
INFO: [ template_filter ] --START--
INFO: Run Behavior\ContentReplaceBehavior [ RunTime:0.000054s ]
INFO: [ template_filter ] --END-- [ RunTime:0.000099s ]
NOTIC: [8] Undefined variable: count /Users/fyc/Documents/CODING/DB/Wechat_Course-master/Application/Runtime/Cache/Student/cc27c3fa40c93f8eb943a0afcacece2a.php 第 208 行.
NOTIC: [8] Undefined variable: list /Users/fyc/Documents/CODING/DB/Wechat_Course-master/Application/Runtime/Cache/Student/cc27c3fa40c93f8eb943a0afcacece2a.php 第 235 行.
NOTIC: [8] Undefined variable: page /Users/fyc/Documents/CODING/DB/Wechat_Course-master/Application/Runtime/Cache/Student/cc27c3fa40c93f8eb943a0afcacece2a.php 第 246 行.
INFO: Run Behavior\ParseTemplateBehavior [ RunTime:0.005846s ]
INFO: [ view_parse ] --END-- [ RunTime:0.005870s ]
INFO: [ view_filter ] --START--
INFO: Run Behavior\WriteHtmlCacheBehavior [ RunTime:0.000116s ]
INFO: [ view_filter ] --END-- [ RunTime:0.000133s ]
INFO: [ app_end ] --START--
INFO: Run Behavior\ShowPageTraceBehavior [ RunTime:0.000529s ]
INFO: [ app_end ] --END-- [ RunTime:0.000567s ]

[ 2018-05-21T14:03:05+08:00 ] ::1 /index.php/Student/Select
INFO: [ app_init ] --START--
INFO: Run Behavior\BuildLiteBehavior [ RunTime:0.000024s ]
INFO: [ app_init ] --END-- [ RunTime:0.000427s ]
INFO: [ app_begin ] --START--
INFO: Run Behavior\ReadHtmlCacheBehavior [ RunTime:0.000431s ]
INFO: [ app_begin ] --END-- [ RunTime:0.000466s ]
SQL: SHOW COLUMNS FROM `select_course` [ RunTime:0.0103s ]
SQL: SELECT COUNT(*) AS tp_count FROM `select_course` WHERE ( xh = 15121101 and xq = '2013-2014 秋季' ) LIMIT 1   [ RunTime:0.0071s ]
SQL: SELECT select_course.kh,course.km,teacher.xm,select_course.gh,open_course.sksj,course.xf FROM `select_course` INNER JOIN course on select_course.kh = course.kh INNER JOIN teacher on select_course.gh = teacher.gh INNER JOIN open_course on select_course.kh = open_course.kh and open_course.xq = select_course.xq  WHERE ( select_course.xh = 15121101 and select_course.xq = '2013-2014 秋季' ) LIMIT 0,10   [ RunTime:0.0089s ]
INFO: [ view_parse ] --START--
INFO: [ template_filter ] --START--
INFO: Run Behavior\ContentReplaceBehavior [ RunTime:0.000075s ]
INFO: [ template_filter ] --END-- [ RunTime:0.000119s ]
INFO: Run Behavior\ParseTemplateBehavior [ RunTime:0.010337s ]
INFO: [ view_parse ] --END-- [ RunTime:0.010393s ]
INFO: [ view_filter ] --START--
INFO: Run Behavior\WriteHtmlCacheBehavior [ RunTime:0.000137s ]
INFO: [ view_filter ] --END-- [ RunTime:0.000157s ]
INFO: [ app_end ] --START--
INFO: Run Behavior\ShowPageTraceBehavior [ RunTime:0.000562s ]
INFO: [ app_end ] --END-- [ RunTime:0.000603s ]

[ 2018-05-21T14:03:45+08:00 ] ::1 /index.php/Student/Search
INFO: [ app_init ] --START--
INFO: Run Behavior\BuildLiteBehavior [ RunTime:0.000018s ]
INFO: [ app_init ] --END-- [ RunTime:0.000411s ]
INFO: [ app_begin ] --START--
INFO: Run Behavior\ReadHtmlCacheBehavior [ RunTime:0.000470s ]
INFO: [ app_begin ] --END-- [ RunTime:0.000504s ]
INFO: [ view_parse ] --START--
INFO: [ template_filter ] --START--
INFO: Run Behavior\ContentReplaceBehavior [ RunTime:0.000080s ]
INFO: [ template_filter ] --END-- [ RunTime:0.000120s ]
NOTIC: [8] Undefined variable: count /Users/fyc/Documents/CODING/DB/Wechat_Course-master/Application/Runtime/Cache/Student/cc27c3fa40c93f8eb943a0afcacece2a.php 第 208 行.
NOTIC: [8] Undefined variable: list /Users/fyc/Documents/CODING/DB/Wechat_Course-master/Application/Runtime/Cache/Student/cc27c3fa40c93f8eb943a0afcacece2a.php 第 235 行.
NOTIC: [8] Undefined variable: page /Users/fyc/Documents/CODING/DB/Wechat_Course-master/Application/Runtime/Cache/Student/cc27c3fa40c93f8eb943a0afcacece2a.php 第 246 行.
INFO: Run Behavior\ParseTemplateBehavior [ RunTime:0.008669s ]
INFO: [ view_parse ] --END-- [ RunTime:0.008697s ]
INFO: [ view_filter ] --START--
INFO: Run Behavior\WriteHtmlCacheBehavior [ RunTime:0.000159s ]
INFO: [ view_filter ] --END-- [ RunTime:0.000181s ]
INFO: [ app_end ] --START--
INFO: Run Behavior\ShowPageTraceBehavior [ RunTime:0.000690s ]
INFO: [ app_end ] --END-- [ RunTime:0.000736s ]

[ 2018-05-21T14:03:46+08:00 ] ::1 /index.php/Student/
INFO: [ app_init ] --START--
INFO: Run Behavior\BuildLiteBehavior [ RunTime:0.000010s ]
INFO: [ app_init ] --END-- [ RunTime:0.000239s ]
INFO: [ app_begin ] --START--
INFO: Run Behavior\ReadHtmlCacheBehavior [ RunTime:0.000325s ]
INFO: [ app_begin ] --END-- [ RunTime:0.000348s ]
INFO: [ view_parse ] --START--
INFO: [ template_filter ] --START--
INFO: Run Behavior\ContentReplaceBehavior [ RunTime:0.000058s ]
INFO: [ template_filter ] --END-- [ RunTime:0.000091s ]
INFO: Run Behavior\ParseTemplateBehavior [ RunTime:0.006232s ]
INFO: [ view_parse ] --END-- [ RunTime:0.006255s ]
INFO: [ view_filter ] --START--
INFO: Run Behavior\WriteHtmlCacheBehavior [ RunTime:0.000110s ]
INFO: [ view_filter ] --END-- [ RunTime:0.000127s ]
INFO: [ app_end ] --START--
INFO: Run Behavior\ShowPageTraceBehavior [ RunTime:0.000443s ]
INFO: [ app_end ] --END-- [ RunTime:0.000475s ]

[ 2018-05-21T14:03:56+08:00 ] ::1 /index.php/Student/Select
INFO: [ app_init ] --START--
INFO: Run Behavior\BuildLiteBehavior [ RunTime:0.000018s ]
INFO: [ app_init ] --END-- [ RunTime:0.000422s ]
INFO: [ app_begin ] --START--
INFO: Run Behavior\ReadHtmlCacheBehavior [ RunTime:0.000549s ]
INFO: [ app_begin ] --END-- [ RunTime:0.000596s ]
SQL: SHOW COLUMNS FROM `select_course` [ RunTime:0.0096s ]
SQL: SELECT COUNT(*) AS tp_count FROM `select_course` WHERE ( xh = 15121101 and xq = '2013-2014 秋季' ) LIMIT 1   [ RunTime:0.0094s ]
SQL: SELECT select_course.kh,course.km,teacher.xm,select_course.gh,open_course.sksj,course.xf FROM `select_course` INNER JOIN course on select_course.kh = course.kh INNER JOIN teacher on select_course.gh = teacher.gh INNER JOIN open_course on select_course.kh = open_course.kh and open_course.xq = select_course.xq  WHERE ( select_course.xh = 15121101 and select_course.xq = '2013-2014 秋季' ) LIMIT 0,10   [ RunTime:0.0089s ]
INFO: [ view_parse ] --START--
INFO: [ template_filter ] --START--
INFO: Run Behavior\ContentReplaceBehavior [ RunTime:0.000059s ]
INFO: [ template_filter ] --END-- [ RunTime:0.000098s ]
INFO: Run Behavior\ParseTemplateBehavior [ RunTime:0.007194s ]
INFO: [ view_parse ] --END-- [ RunTime:0.007228s ]
INFO: [ view_filter ] --START--
INFO: Run Behavior\WriteHtmlCacheBehavior [ RunTime:0.000206s ]
INFO: [ view_filter ] --END-- [ RunTime:0.000236s ]
INFO: [ app_end ] --START--
INFO: Run Behavior\ShowPageTraceBehavior [ RunTime:0.000854s ]
INFO: [ app_end ] --END-- [ RunTime:0.000892s ]

