[ 2018-05-21T13:55:05+08:00 ] ::1 /index.php
INFO: [ app_init ] --START--
INFO: Run Behavior\BuildLiteBehavior [ RunTime:0.000037s ]
INFO: [ app_init ] --END-- [ RunTime:0.001904s ]
INFO: [ app_begin ] --START--
INFO: Run Behavior\ReadHtmlCacheBehavior [ RunTime:0.000953s ]
INFO: [ app_begin ] --END-- [ RunTime:0.001012s ]
INFO: [ view_parse ] --START--
INFO: [ template_filter ] --START--
INFO: Run Behavior\ContentReplaceBehavior [ RunTime:0.000084s ]
INFO: [ template_filter ] --END-- [ RunTime:0.000127s ]
INFO: Run Behavior\ParseTemplateBehavior [ RunTime:0.010821s ]
INFO: [ view_parse ] --END-- [ RunTime:0.010883s ]
INFO: [ view_filter ] --START--
INFO: Run Behavior\WriteHtmlCacheBehavior [ RunTime:0.000709s ]
INFO: [ view_filter ] --END-- [ RunTime:0.000753s ]
INFO: [ app_end ] --START--
INFO: Run Behavior\ShowPageTraceBehavior [ RunTime:0.001045s ]
INFO: [ app_end ] --END-- [ RunTime:0.001079s ]

[ 2018-05-21T13:59:50+08:00 ] ::1 /
INFO: [ app_init ] --START--
INFO: Run Behavior\BuildLiteBehavior [ RunTime:0.000024s ]
INFO: [ app_init ] --END-- [ RunTime:0.000343s ]
INFO: [ app_begin ] --START--
INFO: Run Behavior\ReadHtmlCacheBehavior [ RunTime:0.000479s ]
INFO: [ app_begin ] --END-- [ RunTime:0.000507s ]
INFO: [ view_parse ] --START--
INFO: [ template_filter ] --START--
INFO: Run Behavior\ContentReplaceBehavior [ RunTime:0.000115s ]
INFO: [ template_filter ] --END-- [ RunTime:0.000190s ]
INFO: Run Behavior\ParseTemplateBehavior [ RunTime:0.008486s ]
INFO: [ view_parse ] --END-- [ RunTime:0.008537s ]
INFO: [ view_filter ] --START--
INFO: Run Behavior\WriteHtmlCacheBehavior [ RunTime:0.000288s ]
INFO: [ view_filter ] --END-- [ RunTime:0.000327s ]
INFO: [ app_end ] --START--
INFO: Run Behavior\ShowPageTraceBehavior [ RunTime:0.000626s ]
INFO: [ app_end ] --END-- [ RunTime:0.000658s ]

[ 2018-05-21T14:01:33+08:00 ] ::1 /index.php/Home/user/Login
INFO: [ app_init ] --START--
INFO: Run Behavior\BuildLiteBehavior [ RunTime:0.000025s ]
INFO: [ app_init ] --END-- [ RunTime:0.000393s ]
INFO: [ app_begin ] --START--
INFO: Run Behavior\ReadHtmlCacheBehavior [ RunTime:0.000405s ]
INFO: [ app_begin ] --END-- [ RunTime:0.000438s ]
SQL: SHOW COLUMNS FROM `student` [ RunTime:0.0090s ]
SQL: SHOW COLUMNS FROM `teacher` [ RunTime:0.0076s ]
SQL: SHOW COLUMNS FROM `admin` [ RunTime:0.0227s ]
SQL: SELECT * FROM `student` WHERE ( xh = 15121101 )  [ RunTime:0.0146s ]
SQL: SELECT * FROM `teacher` WHERE ( gh = 15121101 )  [ RunTime:0.0079s ]
SQL: SELECT * FROM `admin` WHERE ( id = 15121101 )  [ RunTime:0.0109s ]
NOTIC: [2] session_name(): Cannot change session name when session is active /Users/fyc/Documents/CODING/DB/Wechat_Course-master/ThinkPHP/Common/functions.php 第 1238 行.
NOTIC: [2] ini_set(): A session is active. You cannot change the session module's ini settings at this time /Users/fyc/Documents/CODING/DB/Wechat_Course-master/ThinkPHP/Common/functions.php 第 1242 行.
NOTIC: [2] ini_set(): A session is active. You cannot change the session module's ini settings at this time /Users/fyc/Documents/CODING/DB/Wechat_Course-master/ThinkPHP/Common/functions.php 第 1243 行.
NOTIC: [8] session_start(): A session had already been started - ignoring /Users/fyc/Documents/CODING/DB/Wechat_Course-master/ThinkPHP/Common/functions.php 第 1263 行.
INFO: [ view_parse ] --START--
INFO: [ template_filter ] --START--
INFO: Run Behavior\ContentReplaceBehavior [ RunTime:0.000045s ]
INFO: [ template_filter ] --END-- [ RunTime:0.000090s ]
INFO: Run Behavior\ParseTemplateBehavior [ RunTime:0.008832s ]
INFO: [ view_parse ] --END-- [ RunTime:0.008879s ]
INFO: [ view_filter ] --START--
INFO: Run Behavior\WriteHtmlCacheBehavior [ RunTime:0.000166s ]
INFO: [ view_filter ] --END-- [ RunTime:0.000188s ]
INFO: [ app_end ] --START--
INFO: Run Behavior\ShowPageTraceBehavior [ RunTime:0.000455s ]
INFO: [ app_end ] --END-- [ RunTime:0.000479s ]

[ 2018-05-21T14:04:09+08:00 ] ::1 /
INFO: [ app_init ] --START--
INFO: Run Behavior\BuildLiteBehavior [ RunTime:0.000015s ]
INFO: [ app_init ] --END-- [ RunTime:0.000313s ]
INFO: [ app_begin ] --START--
INFO: Run Behavior\ReadHtmlCacheBehavior [ RunTime:0.000346s ]
INFO: [ app_begin ] --END-- [ RunTime:0.000369s ]
INFO: [ view_parse ] --START--
INFO: [ template_filter ] --START--
INFO: Run Behavior\ContentReplaceBehavior [ RunTime:0.000066s ]
INFO: [ template_filter ] --END-- [ RunTime:0.000106s ]
INFO: Run Behavior\ParseTemplateBehavior [ RunTime:0.005939s ]
INFO: [ view_parse ] --END-- [ RunTime:0.005964s ]
INFO: [ view_filter ] --START--
INFO: Run Behavior\WriteHtmlCacheBehavior [ RunTime:0.000132s ]
INFO: [ view_filter ] --END-- [ RunTime:0.000150s ]
INFO: [ app_end ] --START--
INFO: Run Behavior\ShowPageTraceBehavior [ RunTime:0.000420s ]
INFO: [ app_end ] --END-- [ RunTime:0.000441s ]

[ 2018-05-21T14:06:43+08:00 ] ::1 /index.php/Home/user/Login
INFO: [ app_init ] --START--
INFO: Run Behavior\BuildLiteBehavior [ RunTime:0.000010s ]
INFO: [ app_init ] --END-- [ RunTime:0.000271s ]
INFO: [ app_begin ] --START--
INFO: Run Behavior\ReadHtmlCacheBehavior [ RunTime:0.000341s ]
INFO: [ app_begin ] --END-- [ RunTime:0.000365s ]
SQL: SHOW COLUMNS FROM `student` [ RunTime:0.0077s ]
SQL: SHOW COLUMNS FROM `teacher` [ RunTime:0.0067s ]
SQL: SHOW COLUMNS FROM `admin` [ RunTime:0.0070s ]
SQL: SELECT * FROM `student` WHERE ( xh = 0001 )  [ RunTime:0.0103s ]
SQL: SELECT * FROM `teacher` WHERE ( gh = 0001 )  [ RunTime:0.0068s ]
SQL: SELECT * FROM `admin` WHERE ( id = 0001 )  [ RunTime:0.0074s ]
NOTIC: [2] session_name(): Cannot change session name when session is active /Users/fyc/Documents/CODING/DB/Wechat_Course-master/ThinkPHP/Common/functions.php 第 1238 行.
NOTIC: [2] ini_set(): A session is active. You cannot change the session module's ini settings at this time /Users/fyc/Documents/CODING/DB/Wechat_Course-master/ThinkPHP/Common/functions.php 第 1242 行.
NOTIC: [2] ini_set(): A session is active. You cannot change the session module's ini settings at this time /Users/fyc/Documents/CODING/DB/Wechat_Course-master/ThinkPHP/Common/functions.php 第 1243 行.
NOTIC: [8] session_start(): A session had already been started - ignoring /Users/fyc/Documents/CODING/DB/Wechat_Course-master/ThinkPHP/Common/functions.php 第 1263 行.
INFO: [ view_parse ] --START--
INFO: [ template_filter ] --START--
INFO: Run Behavior\ContentReplaceBehavior [ RunTime:0.000032s ]
INFO: [ template_filter ] --END-- [ RunTime:0.000067s ]
INFO: Run Behavior\ParseTemplateBehavior [ RunTime:0.005809s ]
INFO: [ view_parse ] --END-- [ RunTime:0.005850s ]
INFO: [ view_filter ] --START--
INFO: Run Behavior\WriteHtmlCacheBehavior [ RunTime:0.000153s ]
INFO: [ view_filter ] --END-- [ RunTime:0.000178s ]
INFO: [ app_end ] --START--
INFO: Run Behavior\ShowPageTraceBehavior [ RunTime:0.000550s ]
INFO: [ app_end ] --END-- [ RunTime:0.000578s ]

