[ 2018-05-31T16:54:34+08:00 ] ::1 /index.php/Admin.html
INFO: [ app_init ] --START--
INFO: Run Behavior\BuildLiteBehavior [ RunTime:0.000012s ]
INFO: [ app_init ] --END-- [ RunTime:0.000339s ]
INFO: [ app_begin ] --START--
INFO: Run Behavior\ReadHtmlCacheBehavior [ RunTime:0.000499s ]
INFO: [ app_begin ] --END-- [ RunTime:0.000548s ]
INFO: [ view_parse ] --START--
INFO: [ template_filter ] --START--
INFO: Run Behavior\ContentReplaceBehavior [ RunTime:0.000066s ]
INFO: [ template_filter ] --END-- [ RunTime:0.000104s ]
INFO: Run Behavior\ParseTemplateBehavior [ RunTime:0.006971s ]
INFO: [ view_parse ] --END-- [ RunTime:0.007011s ]
INFO: [ view_filter ] --START--
INFO: Run Behavior\WriteHtmlCacheBehavior [ RunTime:0.000148s ]
INFO: [ view_filter ] --END-- [ RunTime:0.000169s ]
INFO: [ app_end ] --START--
INFO: Run Behavior\ShowPageTraceBehavior [ RunTime:0.000597s ]
INFO: [ app_end ] --END-- [ RunTime:0.000630s ]

[ 2018-05-31T16:54:36+08:00 ] ::1 /index.php/Admin/CourseManage
INFO: [ app_init ] --START--
INFO: Run Behavior\BuildLiteBehavior [ RunTime:0.000009s ]
INFO: [ app_init ] --END-- [ RunTime:0.000239s ]
INFO: [ app_begin ] --START--
INFO: Run Behavior\ReadHtmlCacheBehavior [ RunTime:0.000364s ]
INFO: [ app_begin ] --END-- [ RunTime:0.000391s ]
SQL: SHOW COLUMNS FROM `open_course` [ RunTime:0.0004s ]
SQL: SELECT COUNT(*) AS tp_count FROM `open_course` WHERE ( xq = '2013-2014 秋季' ) LIMIT 1   [ RunTime:0.0003s ]
SQL: SELECT open_course.kh,course.km,open_course.gh,teacher.xm,open_course.sksj FROM `open_course` INNER JOIN teacher on teacher.gh = open_course.gh INNER JOIN course on course.kh = open_course.kh  WHERE ( xq = '2013-2014 秋季' ) LIMIT 0,10   [ RunTime:0.0005s ]
SQL: SHOW COLUMNS FROM `open_apply` [ RunTime:0.0004s ]
SQL: SELECT COUNT(*) AS tp_count FROM `open_apply` WHERE ( status = 'Auditing' ) LIMIT 1   [ RunTime:0.0004s ]
SQL: SELECT open_apply.id,course.km,open_apply.kh,A.xm as teacher,B.xm as applier,open_apply.sksj FROM `open_apply` INNER JOIN teacher as A on A.gh = open_apply.gh INNER JOIN teacher as B on B.gh = open_apply.applier INNER JOIN course on course.kh = open_apply.kh  WHERE ( status = 'Auditing' ) LIMIT 0,10   [ RunTime:0.0003s ]
INFO: [ view_parse ] --START--
INFO: [ template_filter ] --START--
INFO: Run Behavior\ContentReplaceBehavior [ RunTime:0.000102s ]
INFO: [ template_filter ] --END-- [ RunTime:0.000137s ]
NOTIC: [8] Undefined variable: count /Users/fyc/Documents/CODING/DB/Wechat_Course-master/Application/Runtime/Cache/Admin/23180c5a0869fdb618e74cd4057bc269.php 第 160 行.
NOTIC: [4096] Object of class Think\Page could not be converted to string /Users/fyc/Documents/CODING/DB/Wechat_Course-master/Application/Runtime/Cache/Admin/23180c5a0869fdb618e74cd4057bc269.php 第 247 行.
INFO: Run Behavior\ParseTemplateBehavior [ RunTime:0.006278s ]
INFO: [ view_parse ] --END-- [ RunTime:0.006301s ]
INFO: [ view_filter ] --START--
INFO: Run Behavior\WriteHtmlCacheBehavior [ RunTime:0.000117s ]
INFO: [ view_filter ] --END-- [ RunTime:0.000136s ]
INFO: [ app_end ] --START--
INFO: Run Behavior\ShowPageTraceBehavior [ RunTime:0.000464s ]
INFO: [ app_end ] --END-- [ RunTime:0.000496s ]

[ 2018-05-31T16:54:53+08:00 ] ::1 /index.php/Admin/CourseManage/Agree
INFO: [ app_init ] --START--
INFO: Run Behavior\BuildLiteBehavior [ RunTime:0.000008s ]
INFO: [ app_init ] --END-- [ RunTime:0.000242s ]
INFO: [ app_begin ] --START--
INFO: Run Behavior\ReadHtmlCacheBehavior [ RunTime:0.000325s ]
INFO: [ app_begin ] --END-- [ RunTime:0.000350s ]
SQL: SHOW COLUMNS FROM `open_apply` [ RunTime:0.0004s ]
SQL: SHOW COLUMNS FROM `open_course` [ RunTime:0.0003s ]
SQL: SELECT * FROM `open_apply` WHERE ( id = 1 )  [ RunTime:0.0008s ]
SQL: INSERT INTO `open_course` (`xq`,`kh`,`gh`,`sksj`) VALUES ('2014-2015 春季','08302001','0101','五 7-8') [ RunTime:0.0005s ]
SQL: UPDATE `open_apply` SET `status`='Agreed' WHERE ( id = 1 ) [ RunTime:0.0007s ]
INFO: [ view_parse ] --START--
INFO: [ template_filter ] --START--
INFO: Run Behavior\ContentReplaceBehavior [ RunTime:0.000027s ]
INFO: [ template_filter ] --END-- [ RunTime:0.000061s ]
INFO: Run Behavior\ParseTemplateBehavior [ RunTime:0.004666s ]
INFO: [ view_parse ] --END-- [ RunTime:0.004696s ]
INFO: [ view_filter ] --START--
INFO: Run Behavior\WriteHtmlCacheBehavior [ RunTime:0.000117s ]
INFO: [ view_filter ] --END-- [ RunTime:0.000135s ]
INFO: [ app_end ] --START--
INFO: Run Behavior\ShowPageTraceBehavior [ RunTime:0.000394s ]
INFO: [ app_end ] --END-- [ RunTime:0.000414s ]

[ 2018-05-31T16:54:54+08:00 ] ::1 /index.php/Admin/CourseManage
INFO: [ app_init ] --START--
INFO: Run Behavior\BuildLiteBehavior [ RunTime:0.000009s ]
INFO: [ app_init ] --END-- [ RunTime:0.000247s ]
INFO: [ app_begin ] --START--
INFO: Run Behavior\ReadHtmlCacheBehavior [ RunTime:0.000392s ]
INFO: [ app_begin ] --END-- [ RunTime:0.000414s ]
SQL: SHOW COLUMNS FROM `open_course` [ RunTime:0.0004s ]
SQL: SELECT COUNT(*) AS tp_count FROM `open_course` WHERE ( xq = '2013-2014 秋季' ) LIMIT 1   [ RunTime:0.0003s ]
SQL: SELECT open_course.kh,course.km,open_course.gh,teacher.xm,open_course.sksj FROM `open_course` INNER JOIN teacher on teacher.gh = open_course.gh INNER JOIN course on course.kh = open_course.kh  WHERE ( xq = '2013-2014 秋季' ) LIMIT 0,10   [ RunTime:0.0003s ]
SQL: SHOW COLUMNS FROM `open_apply` [ RunTime:0.0004s ]
SQL: SELECT COUNT(*) AS tp_count FROM `open_apply` WHERE ( status = 'Auditing' ) LIMIT 1   [ RunTime:0.0002s ]
SQL: SELECT open_apply.id,course.km,open_apply.kh,A.xm as teacher,B.xm as applier,open_apply.sksj FROM `open_apply` INNER JOIN teacher as A on A.gh = open_apply.gh INNER JOIN teacher as B on B.gh = open_apply.applier INNER JOIN course on course.kh = open_apply.kh  WHERE ( status = 'Auditing' ) LIMIT 0,10   [ RunTime:0.0003s ]
INFO: [ view_parse ] --START--
INFO: [ template_filter ] --START--
INFO: Run Behavior\ContentReplaceBehavior [ RunTime:0.000057s ]
INFO: [ template_filter ] --END-- [ RunTime:0.000087s ]
NOTIC: [8] Undefined variable: count /Users/fyc/Documents/CODING/DB/Wechat_Course-master/Application/Runtime/Cache/Admin/23180c5a0869fdb618e74cd4057bc269.php 第 160 行.
NOTIC: [4096] Object of class Think\Page could not be converted to string /Users/fyc/Documents/CODING/DB/Wechat_Course-master/Application/Runtime/Cache/Admin/23180c5a0869fdb618e74cd4057bc269.php 第 247 行.
INFO: Run Behavior\ParseTemplateBehavior [ RunTime:0.006007s ]
INFO: [ view_parse ] --END-- [ RunTime:0.006031s ]
INFO: [ view_filter ] --START--
INFO: Run Behavior\WriteHtmlCacheBehavior [ RunTime:0.000117s ]
INFO: [ view_filter ] --END-- [ RunTime:0.000135s ]
INFO: [ app_end ] --START--
INFO: Run Behavior\ShowPageTraceBehavior [ RunTime:0.000550s ]
INFO: [ app_end ] --END-- [ RunTime:0.000592s ]

[ 2018-05-31T16:55:01+08:00 ] ::1 /index.php/Admin/CourseManage
INFO: [ app_init ] --START--
INFO: Run Behavior\BuildLiteBehavior [ RunTime:0.000016s ]
INFO: [ app_init ] --END-- [ RunTime:0.000443s ]
INFO: [ app_begin ] --START--
INFO: Run Behavior\ReadHtmlCacheBehavior [ RunTime:0.000473s ]
INFO: [ app_begin ] --END-- [ RunTime:0.000551s ]
SQL: SHOW COLUMNS FROM `open_course` [ RunTime:0.0004s ]
SQL: SELECT COUNT(*) AS tp_count FROM `open_course` WHERE ( xq = '2013-2014 秋季' ) LIMIT 1   [ RunTime:0.0002s ]
SQL: SELECT open_course.kh,course.km,open_course.gh,teacher.xm,open_course.sksj FROM `open_course` INNER JOIN teacher on teacher.gh = open_course.gh INNER JOIN course on course.kh = open_course.kh  WHERE ( xq = '2013-2014 秋季' ) LIMIT 0,10   [ RunTime:0.0003s ]
SQL: SHOW COLUMNS FROM `open_apply` [ RunTime:0.0004s ]
SQL: SELECT COUNT(*) AS tp_count FROM `open_apply` WHERE ( status = 'Auditing' ) LIMIT 1   [ RunTime:0.0002s ]
SQL: SELECT open_apply.id,course.km,open_apply.kh,A.xm as teacher,B.xm as applier,open_apply.sksj FROM `open_apply` INNER JOIN teacher as A on A.gh = open_apply.gh INNER JOIN teacher as B on B.gh = open_apply.applier INNER JOIN course on course.kh = open_apply.kh  WHERE ( status = 'Auditing' ) LIMIT 0,10   [ RunTime:0.0002s ]
INFO: [ view_parse ] --START--
INFO: [ template_filter ] --START--
INFO: Run Behavior\ContentReplaceBehavior [ RunTime:0.000059s ]
INFO: [ template_filter ] --END-- [ RunTime:0.000090s ]
NOTIC: [8] Undefined variable: count /Users/fyc/Documents/CODING/DB/Wechat_Course-master/Application/Runtime/Cache/Admin/23180c5a0869fdb618e74cd4057bc269.php 第 160 行.
NOTIC: [4096] Object of class Think\Page could not be converted to string /Users/fyc/Documents/CODING/DB/Wechat_Course-master/Application/Runtime/Cache/Admin/23180c5a0869fdb618e74cd4057bc269.php 第 247 行.
INFO: Run Behavior\ParseTemplateBehavior [ RunTime:0.005815s ]
INFO: [ view_parse ] --END-- [ RunTime:0.005837s ]
INFO: [ view_filter ] --START--
INFO: Run Behavior\WriteHtmlCacheBehavior [ RunTime:0.000127s ]
INFO: [ view_filter ] --END-- [ RunTime:0.000144s ]
INFO: [ app_end ] --START--
INFO: Run Behavior\ShowPageTraceBehavior [ RunTime:0.000557s ]
INFO: [ app_end ] --END-- [ RunTime:0.000593s ]

[ 2018-05-31T16:55:42+08:00 ] ::1 /index.php/Admin/CourseManage/DeleteCourse
INFO: [ app_init ] --START--
INFO: Run Behavior\BuildLiteBehavior [ RunTime:0.000009s ]
INFO: [ app_init ] --END-- [ RunTime:0.000239s ]
INFO: [ app_begin ] --START--
INFO: Run Behavior\ReadHtmlCacheBehavior [ RunTime:0.000431s ]
INFO: [ app_begin ] --END-- [ RunTime:0.000462s ]
SQL: SHOW COLUMNS FROM `course` [ RunTime:0.0006s ]
SQL: SHOW COLUMNS FROM `select_course` [ RunTime:0.0004s ]
SQL: SELECT * FROM `select_course` WHERE ( kh = 08302001 ) LIMIT 1   [ RunTime:0.0002s ]
SQL: SELECT * FROM `course` WHERE `km` = '通信学' AND `kh` = '08302001' LIMIT 1   [ RunTime:0.0002s ]
SQL: DELETE FROM `course` WHERE `km` = '通信学' AND `kh` = '08302001' [ RunTime:0.0015s ]
INFO: [ view_parse ] --START--
INFO: [ template_filter ] --START--
INFO: Run Behavior\ContentReplaceBehavior [ RunTime:0.000030s ]
INFO: [ template_filter ] --END-- [ RunTime:0.000064s ]
INFO: Run Behavior\ParseTemplateBehavior [ RunTime:0.004550s ]
INFO: [ view_parse ] --END-- [ RunTime:0.004585s ]
INFO: [ view_filter ] --START--
INFO: Run Behavior\WriteHtmlCacheBehavior [ RunTime:0.000126s ]
INFO: [ view_filter ] --END-- [ RunTime:0.000146s ]
INFO: [ app_end ] --START--
INFO: Run Behavior\ShowPageTraceBehavior [ RunTime:0.000442s ]
INFO: [ app_end ] --END-- [ RunTime:0.000465s ]

[ 2018-05-31T16:55:43+08:00 ] ::1 /index.php/Admin/CourseManage
INFO: [ app_init ] --START--
INFO: Run Behavior\BuildLiteBehavior [ RunTime:0.000011s ]
INFO: [ app_init ] --END-- [ RunTime:0.000324s ]
INFO: [ app_begin ] --START--
INFO: Run Behavior\ReadHtmlCacheBehavior [ RunTime:0.000336s ]
INFO: [ app_begin ] --END-- [ RunTime:0.000362s ]
SQL: SHOW COLUMNS FROM `open_course` [ RunTime:0.0004s ]
SQL: SELECT COUNT(*) AS tp_count FROM `open_course` WHERE ( xq = '2013-2014 秋季' ) LIMIT 1   [ RunTime:0.0002s ]
SQL: SELECT open_course.kh,course.km,open_course.gh,teacher.xm,open_course.sksj FROM `open_course` INNER JOIN teacher on teacher.gh = open_course.gh INNER JOIN course on course.kh = open_course.kh  WHERE ( xq = '2013-2014 秋季' ) LIMIT 0,10   [ RunTime:0.0003s ]
SQL: SHOW COLUMNS FROM `open_apply` [ RunTime:0.0004s ]
SQL: SELECT COUNT(*) AS tp_count FROM `open_apply` WHERE ( status = 'Auditing' ) LIMIT 1   [ RunTime:0.0002s ]
SQL: SELECT open_apply.id,course.km,open_apply.kh,A.xm as teacher,B.xm as applier,open_apply.sksj FROM `open_apply` INNER JOIN teacher as A on A.gh = open_apply.gh INNER JOIN teacher as B on B.gh = open_apply.applier INNER JOIN course on course.kh = open_apply.kh  WHERE ( status = 'Auditing' ) LIMIT 0,10   [ RunTime:0.0003s ]
INFO: [ view_parse ] --START--
INFO: [ template_filter ] --START--
INFO: Run Behavior\ContentReplaceBehavior [ RunTime:0.000062s ]
INFO: [ template_filter ] --END-- [ RunTime:0.000091s ]
NOTIC: [8] Undefined variable: count /Users/fyc/Documents/CODING/DB/Wechat_Course-master/Application/Runtime/Cache/Admin/23180c5a0869fdb618e74cd4057bc269.php 第 160 行.
NOTIC: [4096] Object of class Think\Page could not be converted to string /Users/fyc/Documents/CODING/DB/Wechat_Course-master/Application/Runtime/Cache/Admin/23180c5a0869fdb618e74cd4057bc269.php 第 247 行.
INFO: Run Behavior\ParseTemplateBehavior [ RunTime:0.005998s ]
INFO: [ view_parse ] --END-- [ RunTime:0.006024s ]
INFO: [ view_filter ] --START--
INFO: Run Behavior\WriteHtmlCacheBehavior [ RunTime:0.000131s ]
INFO: [ view_filter ] --END-- [ RunTime:0.000149s ]
INFO: [ app_end ] --START--
INFO: Run Behavior\ShowPageTraceBehavior [ RunTime:0.000482s ]
INFO: [ app_end ] --END-- [ RunTime:0.000512s ]

[ 2018-05-31T16:56:10+08:00 ] ::1 /index.php/Admin/Search
INFO: [ app_init ] --START--
INFO: Run Behavior\BuildLiteBehavior [ RunTime:0.000009s ]
INFO: [ app_init ] --END-- [ RunTime:0.000249s ]
INFO: [ app_begin ] --START--
INFO: Run Behavior\ReadHtmlCacheBehavior [ RunTime:0.000329s ]
INFO: [ app_begin ] --END-- [ RunTime:0.000352s ]
INFO: [ view_parse ] --START--
INFO: [ template_filter ] --START--
INFO: Run Behavior\ContentReplaceBehavior [ RunTime:0.000054s ]
INFO: [ template_filter ] --END-- [ RunTime:0.000085s ]
NOTIC: [8] Undefined variable: count /Users/fyc/Documents/CODING/DB/Wechat_Course-master/Application/Runtime/Cache/Admin/2f0db7f6550617c461d0536986d45599.php 第 227 行.
NOTIC: [8] Undefined variable: list /Users/fyc/Documents/CODING/DB/Wechat_Course-master/Application/Runtime/Cache/Admin/2f0db7f6550617c461d0536986d45599.php 第 254 行.
NOTIC: [8] Undefined variable: page /Users/fyc/Documents/CODING/DB/Wechat_Course-master/Application/Runtime/Cache/Admin/2f0db7f6550617c461d0536986d45599.php 第 265 行.
INFO: Run Behavior\ParseTemplateBehavior [ RunTime:0.006022s ]
INFO: [ view_parse ] --END-- [ RunTime:0.006047s ]
INFO: [ view_filter ] --START--
INFO: Run Behavior\WriteHtmlCacheBehavior [ RunTime:0.000131s ]
INFO: [ view_filter ] --END-- [ RunTime:0.000150s ]
INFO: [ app_end ] --START--
INFO: Run Behavior\ShowPageTraceBehavior [ RunTime:0.000533s ]
INFO: [ app_end ] --END-- [ RunTime:0.000568s ]

[ 2018-05-31T16:56:11+08:00 ] ::1 /index.php/Admin/StaffManage
INFO: [ app_init ] --START--
INFO: Run Behavior\BuildLiteBehavior [ RunTime:0.000010s ]
INFO: [ app_init ] --END-- [ RunTime:0.000250s ]
INFO: [ app_begin ] --START--
INFO: Run Behavior\ReadHtmlCacheBehavior [ RunTime:0.000332s ]
INFO: [ app_begin ] --END-- [ RunTime:0.000355s ]
SQL: SHOW COLUMNS FROM `student` [ RunTime:0.0004s ]
SQL: SHOW COLUMNS FROM `teacher` [ RunTime:0.0003s ]
SQL: SELECT COUNT(*) AS tp_count FROM `student` LIMIT 1   [ RunTime:0.0002s ]
SQL: SELECT COUNT(*) AS tp_count FROM `teacher` LIMIT 1   [ RunTime:0.0001s ]
SQL: SELECT department.mc,student.xh,student.xm,student.xb,student.csrq,student.jg FROM `student` INNER JOIN department on department.yxh = student.yxh  LIMIT 0,10   [ RunTime:0.0021s ]
SQL: SELECT department.mc,teacher.gh,teacher.xm,teacher.xb,teacher.csrq,teacher.xl FROM `teacher` INNER JOIN department on department.yxh = teacher.yxh  LIMIT 0,10   [ RunTime:0.0003s ]
INFO: [ view_parse ] --START--
INFO: [ template_filter ] --START--
INFO: Run Behavior\ContentReplaceBehavior [ RunTime:0.000096s ]
INFO: [ template_filter ] --END-- [ RunTime:0.000128s ]
NOTIC: [8] Undefined variable: count /Users/fyc/Documents/CODING/DB/Wechat_Course-master/Application/Runtime/Cache/Admin/bf962ad6755b165d09fc245f05ef3b0f.php 第 231 行.
NOTIC: [8] Undefined variable: count /Users/fyc/Documents/CODING/DB/Wechat_Course-master/Application/Runtime/Cache/Admin/bf962ad6755b165d09fc245f05ef3b0f.php 第 355 行.
NOTIC: [8] Undefined variable: CoursePage /Users/fyc/Documents/CODING/DB/Wechat_Course-master/Application/Runtime/Cache/Admin/bf962ad6755b165d09fc245f05ef3b0f.php 第 493 行.
INFO: Run Behavior\ParseTemplateBehavior [ RunTime:0.007447s ]
INFO: [ view_parse ] --END-- [ RunTime:0.007477s ]
INFO: [ view_filter ] --START--
INFO: Run Behavior\WriteHtmlCacheBehavior [ RunTime:0.000135s ]
INFO: [ view_filter ] --END-- [ RunTime:0.000156s ]
INFO: [ app_end ] --START--
INFO: Run Behavior\ShowPageTraceBehavior [ RunTime:0.000583s ]
INFO: [ app_end ] --END-- [ RunTime:0.000626s ]

[ 2018-05-31T18:45:43+08:00 ] ::1 /index.php/Admin.html
INFO: [ app_init ] --START--
INFO: Run Behavior\BuildLiteBehavior [ RunTime:0.000009s ]
INFO: [ app_init ] --END-- [ RunTime:0.000239s ]
INFO: [ app_begin ] --START--
INFO: Run Behavior\ReadHtmlCacheBehavior [ RunTime:0.000334s ]
INFO: [ app_begin ] --END-- [ RunTime:0.000359s ]
INFO: [ view_parse ] --START--
INFO: [ template_filter ] --START--
INFO: Run Behavior\ContentReplaceBehavior [ RunTime:0.000059s ]
INFO: [ template_filter ] --END-- [ RunTime:0.000091s ]
INFO: Run Behavior\ParseTemplateBehavior [ RunTime:0.005901s ]
INFO: [ view_parse ] --END-- [ RunTime:0.005930s ]
INFO: [ view_filter ] --START--
INFO: Run Behavior\WriteHtmlCacheBehavior [ RunTime:0.000107s ]
INFO: [ view_filter ] --END-- [ RunTime:0.000124s ]
INFO: [ app_end ] --START--
INFO: Run Behavior\ShowPageTraceBehavior [ RunTime:0.000528s ]
INFO: [ app_end ] --END-- [ RunTime:0.000573s ]

[ 2018-05-31T18:45:45+08:00 ] ::1 /index.php/Admin/CourseManage
INFO: [ app_init ] --START--
INFO: Run Behavior\BuildLiteBehavior [ RunTime:0.000009s ]
INFO: [ app_init ] --END-- [ RunTime:0.000259s ]
INFO: [ app_begin ] --START--
INFO: Run Behavior\ReadHtmlCacheBehavior [ RunTime:0.000335s ]
INFO: [ app_begin ] --END-- [ RunTime:0.000359s ]
SQL: SHOW COLUMNS FROM `open_course` [ RunTime:0.0005s ]
SQL: SELECT COUNT(*) AS tp_count FROM `open_course` WHERE ( xq = '2013-2014 秋季' ) LIMIT 1   [ RunTime:0.0004s ]
SQL: SELECT open_course.kh,course.km,open_course.gh,teacher.xm,open_course.sksj FROM `open_course` INNER JOIN teacher on teacher.gh = open_course.gh INNER JOIN course on course.kh = open_course.kh  WHERE ( xq = '2013-2014 秋季' ) LIMIT 0,10   [ RunTime:0.0004s ]
SQL: SHOW COLUMNS FROM `open_apply` [ RunTime:0.0005s ]
SQL: SELECT COUNT(*) AS tp_count FROM `open_apply` WHERE ( status = 'Auditing' ) LIMIT 1   [ RunTime:0.0002s ]
SQL: SELECT open_apply.id,course.km,open_apply.kh,A.xm as teacher,B.xm as applier,open_apply.sksj FROM `open_apply` INNER JOIN teacher as A on A.gh = open_apply.gh INNER JOIN teacher as B on B.gh = open_apply.applier INNER JOIN course on course.kh = open_apply.kh  WHERE ( status = 'Auditing' ) LIMIT 0,10   [ RunTime:0.0004s ]
INFO: [ view_parse ] --START--
INFO: [ template_filter ] --START--
INFO: Run Behavior\ContentReplaceBehavior [ RunTime:0.000080s ]
INFO: [ template_filter ] --END-- [ RunTime:0.000122s ]
NOTIC: [8] Undefined variable: count /Users/fyc/Documents/CODING/DB/Wechat_Course-master/Application/Runtime/Cache/Admin/23180c5a0869fdb618e74cd4057bc269.php 第 160 行.
NOTIC: [4096] Object of class Think\Page could not be converted to string /Users/fyc/Documents/CODING/DB/Wechat_Course-master/Application/Runtime/Cache/Admin/23180c5a0869fdb618e74cd4057bc269.php 第 247 行.
INFO: Run Behavior\ParseTemplateBehavior [ RunTime:0.007511s ]
INFO: [ view_parse ] --END-- [ RunTime:0.007563s ]
INFO: [ view_filter ] --START--
INFO: Run Behavior\WriteHtmlCacheBehavior [ RunTime:0.000213s ]
INFO: [ view_filter ] --END-- [ RunTime:0.000242s ]
INFO: [ app_end ] --START--
INFO: Run Behavior\ShowPageTraceBehavior [ RunTime:0.000705s ]
INFO: [ app_end ] --END-- [ RunTime:0.000755s ]

[ 2018-05-31T18:45:58+08:00 ] ::1 /index.php/Admin/CourseManage/Reject
INFO: [ app_init ] --START--
INFO: Run Behavior\BuildLiteBehavior [ RunTime:0.000009s ]
INFO: [ app_init ] --END-- [ RunTime:0.000247s ]
INFO: [ app_begin ] --START--
INFO: Run Behavior\ReadHtmlCacheBehavior [ RunTime:0.000331s ]
INFO: [ app_begin ] --END-- [ RunTime:0.000356s ]
SQL: SHOW COLUMNS FROM `open_apply` [ RunTime:0.0007s ]
ERR: 1064:You have an error in your SQL syntax; check the manual that corresponds to your MySQL server version for the right syntax to use near ')' at line 1
 [ SQL语句 ] : SELECT * FROM `open_apply` WHERE ( id =  ) 
ERR: 1064:You have an error in your SQL syntax; check the manual that corresponds to your MySQL server version for the right syntax to use near ')' at line 1
 [ SQL语句 ] : SELECT * FROM `open_apply` WHERE ( id =  ) 

[ 2018-05-31T18:46:05+08:00 ] ::1 /index.php/Admin/CourseManage/Reject
INFO: [ app_init ] --START--
INFO: Run Behavior\BuildLiteBehavior [ RunTime:0.000009s ]
INFO: [ app_init ] --END-- [ RunTime:0.000255s ]
INFO: [ app_begin ] --START--
INFO: Run Behavior\ReadHtmlCacheBehavior [ RunTime:0.000354s ]
INFO: [ app_begin ] --END-- [ RunTime:0.000380s ]
SQL: SHOW COLUMNS FROM `open_apply` [ RunTime:0.0004s ]
SQL: SELECT * FROM `open_apply` WHERE ( id = 2 )  [ RunTime:0.0002s ]
SQL: UPDATE `open_apply` SET `status`='Denied' WHERE ( id = 2 ) [ RunTime:0.0007s ]
INFO: [ view_parse ] --START--
INFO: [ template_filter ] --START--
INFO: Run Behavior\ContentReplaceBehavior [ RunTime:0.000029s ]
INFO: [ template_filter ] --END-- [ RunTime:0.000063s ]
INFO: Run Behavior\ParseTemplateBehavior [ RunTime:0.004764s ]
INFO: [ view_parse ] --END-- [ RunTime:0.004790s ]
INFO: [ view_filter ] --START--
INFO: Run Behavior\WriteHtmlCacheBehavior [ RunTime:0.000121s ]
INFO: [ view_filter ] --END-- [ RunTime:0.000138s ]
INFO: [ app_end ] --START--
INFO: Run Behavior\ShowPageTraceBehavior [ RunTime:0.000402s ]
INFO: [ app_end ] --END-- [ RunTime:0.000422s ]

[ 2018-05-31T18:46:06+08:00 ] ::1 /index.php/Admin/CourseManage
INFO: [ app_init ] --START--
INFO: Run Behavior\BuildLiteBehavior [ RunTime:0.000014s ]
INFO: [ app_init ] --END-- [ RunTime:0.000359s ]
INFO: [ app_begin ] --START--
INFO: Run Behavior\ReadHtmlCacheBehavior [ RunTime:0.000415s ]
INFO: [ app_begin ] --END-- [ RunTime:0.000453s ]
SQL: SHOW COLUMNS FROM `open_course` [ RunTime:0.0004s ]
SQL: SELECT COUNT(*) AS tp_count FROM `open_course` WHERE ( xq = '2013-2014 秋季' ) LIMIT 1   [ RunTime:0.0002s ]
SQL: SELECT open_course.kh,course.km,open_course.gh,teacher.xm,open_course.sksj FROM `open_course` INNER JOIN teacher on teacher.gh = open_course.gh INNER JOIN course on course.kh = open_course.kh  WHERE ( xq = '2013-2014 秋季' ) LIMIT 0,10   [ RunTime:0.0003s ]
SQL: SHOW COLUMNS FROM `open_apply` [ RunTime:0.0003s ]
SQL: SELECT COUNT(*) AS tp_count FROM `open_apply` WHERE ( status = 'Auditing' ) LIMIT 1   [ RunTime:0.0002s ]
SQL: SELECT open_apply.id,course.km,open_apply.kh,A.xm as teacher,B.xm as applier,open_apply.sksj FROM `open_apply` INNER JOIN teacher as A on A.gh = open_apply.gh INNER JOIN teacher as B on B.gh = open_apply.applier INNER JOIN course on course.kh = open_apply.kh  WHERE ( status = 'Auditing' ) LIMIT 0,10   [ RunTime:0.0003s ]
INFO: [ view_parse ] --START--
INFO: [ template_filter ] --START--
INFO: Run Behavior\ContentReplaceBehavior [ RunTime:0.000060s ]
INFO: [ template_filter ] --END-- [ RunTime:0.000132s ]
NOTIC: [8] Undefined variable: count /Users/fyc/Documents/CODING/DB/Wechat_Course-master/Application/Runtime/Cache/Admin/23180c5a0869fdb618e74cd4057bc269.php 第 160 行.
NOTIC: [4096] Object of class Think\Page could not be converted to string /Users/fyc/Documents/CODING/DB/Wechat_Course-master/Application/Runtime/Cache/Admin/23180c5a0869fdb618e74cd4057bc269.php 第 247 行.
INFO: Run Behavior\ParseTemplateBehavior [ RunTime:0.007532s ]
INFO: [ view_parse ] --END-- [ RunTime:0.007561s ]
INFO: [ view_filter ] --START--
INFO: Run Behavior\WriteHtmlCacheBehavior [ RunTime:0.000222s ]
INFO: [ view_filter ] --END-- [ RunTime:0.000261s ]
INFO: [ app_end ] --START--
INFO: Run Behavior\ShowPageTraceBehavior [ RunTime:0.000652s ]
INFO: [ app_end ] --END-- [ RunTime:0.000706s ]

