[ 2018-05-24T14:33:10+08:00 ] ::1 /index.php/Teacher.html
INFO: [ app_init ] --START--
INFO: Run Behavior\BuildLiteBehavior [ RunTime:0.000009s ]
INFO: [ app_init ] --END-- [ RunTime:0.000239s ]
INFO: [ app_begin ] --START--
INFO: Run Behavior\ReadHtmlCacheBehavior [ RunTime:0.000404s ]
INFO: [ app_begin ] --END-- [ RunTime:0.000440s ]
INFO: [ view_parse ] --START--
INFO: [ template_filter ] --START--
INFO: Run Behavior\ContentReplaceBehavior [ RunTime:0.000091s ]
INFO: [ template_filter ] --END-- [ RunTime:0.000136s ]
INFO: Run Behavior\ParseTemplateBehavior [ RunTime:0.007655s ]
INFO: [ view_parse ] --END-- [ RunTime:0.007696s ]
INFO: [ view_filter ] --START--
INFO: Run Behavior\WriteHtmlCacheBehavior [ RunTime:0.000141s ]
INFO: [ view_filter ] --END-- [ RunTime:0.000163s ]
INFO: [ app_end ] --START--
INFO: Run Behavior\ShowPageTraceBehavior [ RunTime:0.000508s ]
INFO: [ app_end ] --END-- [ RunTime:0.000541s ]

[ 2018-05-24T14:33:25+08:00 ] ::1 /index.php/Teacher/Course
INFO: [ app_init ] --START--
INFO: Run Behavior\BuildLiteBehavior [ RunTime:0.000036s ]
INFO: [ app_init ] --END-- [ RunTime:0.000557s ]
INFO: [ app_begin ] --START--
INFO: Run Behavior\ReadHtmlCacheBehavior [ RunTime:0.000664s ]
INFO: [ app_begin ] --END-- [ RunTime:0.000718s ]
SQL: SHOW COLUMNS FROM `open_course` [ RunTime:0.0005s ]
SQL: SHOW COLUMNS FROM `open_apply` [ RunTime:0.0011s ]
SQL: SELECT open_course.kh,course.km,open_course.sksj,course.xf FROM `open_course` INNER JOIN course on open_course.kh = course.kh  WHERE ( open_course.gh = 0101 and open_course.xq = '2013-2014 秋季' )  [ RunTime:0.0005s ]
SQL: SELECT COUNT(*) AS tp_count FROM `open_apply` WHERE ( applier = 0101 ) LIMIT 1   [ RunTime:0.0007s ]
SQL: SELECT open_apply.kh,course.km,open_apply.sksj,course.xf,open_apply.status,open_apply.id FROM `open_apply` INNER JOIN course on open_apply.kh = course.kh  WHERE ( applier = 0101 ) LIMIT 0,10   [ RunTime:0.0003s ]
INFO: [ view_parse ] --START--
INFO: [ template_filter ] --START--
INFO: Run Behavior\ContentReplaceBehavior [ RunTime:0.000085s ]
INFO: [ template_filter ] --END-- [ RunTime:0.000123s ]
NOTIC: [8] Undefined variable: count /Users/fyc/Documents/CODING/DB/Wechat_Course-master/Application/Runtime/Cache/Teacher/1e9d6b99b6f84fd58738cba914255438.php 第 230 行.
NOTIC: [4096] Object of class Think\Page could not be converted to string /Users/fyc/Documents/CODING/DB/Wechat_Course-master/Application/Runtime/Cache/Teacher/1e9d6b99b6f84fd58738cba914255438.php 第 311 行.
INFO: Run Behavior\ParseTemplateBehavior [ RunTime:0.009620s ]
INFO: [ view_parse ] --END-- [ RunTime:0.009649s ]
INFO: [ view_filter ] --START--
INFO: Run Behavior\WriteHtmlCacheBehavior [ RunTime:0.000145s ]
INFO: [ view_filter ] --END-- [ RunTime:0.000165s ]
INFO: [ app_end ] --START--
INFO: Run Behavior\ShowPageTraceBehavior [ RunTime:0.000553s ]
INFO: [ app_end ] --END-- [ RunTime:0.000594s ]

[ 2018-05-24T14:33:38+08:00 ] ::1 /index.php/Teacher/Search
INFO: [ app_init ] --START--
INFO: Run Behavior\BuildLiteBehavior [ RunTime:0.000009s ]
INFO: [ app_init ] --END-- [ RunTime:0.000242s ]
INFO: [ app_begin ] --START--
INFO: Run Behavior\ReadHtmlCacheBehavior [ RunTime:0.000323s ]
INFO: [ app_begin ] --END-- [ RunTime:0.000348s ]
INFO: [ view_parse ] --START--
INFO: [ template_filter ] --START--
INFO: Run Behavior\ContentReplaceBehavior [ RunTime:0.000052s ]
INFO: [ template_filter ] --END-- [ RunTime:0.000084s ]
NOTIC: [8] Undefined variable: count /Users/fyc/Documents/CODING/DB/Wechat_Course-master/Application/Runtime/Cache/Teacher/6e79f2041144dda4d60b55c6bbf0bbcf.php 第 227 行.
NOTIC: [8] Undefined variable: list /Users/fyc/Documents/CODING/DB/Wechat_Course-master/Application/Runtime/Cache/Teacher/6e79f2041144dda4d60b55c6bbf0bbcf.php 第 254 行.
NOTIC: [8] Undefined variable: page /Users/fyc/Documents/CODING/DB/Wechat_Course-master/Application/Runtime/Cache/Teacher/6e79f2041144dda4d60b55c6bbf0bbcf.php 第 265 行.
INFO: Run Behavior\ParseTemplateBehavior [ RunTime:0.006141s ]
INFO: [ view_parse ] --END-- [ RunTime:0.006167s ]
INFO: [ view_filter ] --START--
INFO: Run Behavior\WriteHtmlCacheBehavior [ RunTime:0.000115s ]
INFO: [ view_filter ] --END-- [ RunTime:0.000132s ]
INFO: [ app_end ] --START--
INFO: Run Behavior\ShowPageTraceBehavior [ RunTime:0.000509s ]
INFO: [ app_end ] --END-- [ RunTime:0.000542s ]

[ 2018-05-24T14:33:44+08:00 ] ::1 /index.php/Teacher/Score
INFO: [ app_init ] --START--
INFO: Run Behavior\BuildLiteBehavior [ RunTime:0.000010s ]
INFO: [ app_init ] --END-- [ RunTime:0.000265s ]
INFO: [ app_begin ] --START--
INFO: Run Behavior\ReadHtmlCacheBehavior [ RunTime:0.000338s ]
INFO: [ app_begin ] --END-- [ RunTime:0.000361s ]
INFO: [ view_parse ] --START--
INFO: [ template_filter ] --START--
INFO: Run Behavior\ContentReplaceBehavior [ RunTime:0.000053s ]
INFO: [ template_filter ] --END-- [ RunTime:0.000085s ]
NOTIC: [8] Undefined variable: count /Users/fyc/Documents/CODING/DB/Wechat_Course-master/Application/Runtime/Cache/Teacher/5b71cb621834775c0b832b40236ec6f8.php 第 153 行.
NOTIC: [8] Undefined variable: xq /Users/fyc/Documents/CODING/DB/Wechat_Course-master/Application/Runtime/Cache/Teacher/5b71cb621834775c0b832b40236ec6f8.php 第 157 行.
NOTIC: [8] Undefined variable: OpenList /Users/fyc/Documents/CODING/DB/Wechat_Course-master/Application/Runtime/Cache/Teacher/5b71cb621834775c0b832b40236ec6f8.php 第 165 行.
NOTIC: [8] Undefined variable: xq /Users/fyc/Documents/CODING/DB/Wechat_Course-master/Application/Runtime/Cache/Teacher/5b71cb621834775c0b832b40236ec6f8.php 第 201 行.
NOTIC: [8] Undefined variable: list /Users/fyc/Documents/CODING/DB/Wechat_Course-master/Application/Runtime/Cache/Teacher/5b71cb621834775c0b832b40236ec6f8.php 第 201 行.
NOTIC: [8] Undefined variable: Result /Users/fyc/Documents/CODING/DB/Wechat_Course-master/Application/Runtime/Cache/Teacher/5b71cb621834775c0b832b40236ec6f8.php 第 219 行.
NOTIC: [8] Undefined variable: Result /Users/fyc/Documents/CODING/DB/Wechat_Course-master/Application/Runtime/Cache/Teacher/5b71cb621834775c0b832b40236ec6f8.php 第 220 行.
NOTIC: [8] Undefined variable: Result /Users/fyc/Documents/CODING/DB/Wechat_Course-master/Application/Runtime/Cache/Teacher/5b71cb621834775c0b832b40236ec6f8.php 第 221 行.
NOTIC: [8] Undefined variable: Result /Users/fyc/Documents/CODING/DB/Wechat_Course-master/Application/Runtime/Cache/Teacher/5b71cb621834775c0b832b40236ec6f8.php 第 222 行.
NOTIC: [8] Undefined variable: Result /Users/fyc/Documents/CODING/DB/Wechat_Course-master/Application/Runtime/Cache/Teacher/5b71cb621834775c0b832b40236ec6f8.php 第 223 行.
NOTIC: [8] Undefined variable: list /Users/fyc/Documents/CODING/DB/Wechat_Course-master/Application/Runtime/Cache/Teacher/5b71cb621834775c0b832b40236ec6f8.php 第 243 行.
NOTIC: [8] Undefined variable: page /Users/fyc/Documents/CODING/DB/Wechat_Course-master/Application/Runtime/Cache/Teacher/5b71cb621834775c0b832b40236ec6f8.php 第 253 行.
INFO: Run Behavior\ParseTemplateBehavior [ RunTime:0.007049s ]
INFO: [ view_parse ] --END-- [ RunTime:0.007078s ]
INFO: [ view_filter ] --START--
INFO: Run Behavior\WriteHtmlCacheBehavior [ RunTime:0.000156s ]
INFO: [ view_filter ] --END-- [ RunTime:0.000174s ]
INFO: [ app_end ] --START--
INFO: Run Behavior\ShowPageTraceBehavior [ RunTime:0.000537s ]
INFO: [ app_end ] --END-- [ RunTime:0.000574s ]

[ 2018-05-24T16:27:42+08:00 ] ::1 /index.php/Teacher.html
INFO: [ app_init ] --START--
INFO: Run Behavior\BuildLiteBehavior [ RunTime:0.000010s ]
INFO: [ app_init ] --END-- [ RunTime:0.000239s ]
INFO: [ app_begin ] --START--
INFO: Run Behavior\ReadHtmlCacheBehavior [ RunTime:0.000325s ]
INFO: [ app_begin ] --END-- [ RunTime:0.000348s ]
INFO: [ view_parse ] --START--
INFO: [ template_filter ] --START--
INFO: Run Behavior\ContentReplaceBehavior [ RunTime:0.000070s ]
INFO: [ template_filter ] --END-- [ RunTime:0.000112s ]
INFO: Run Behavior\ParseTemplateBehavior [ RunTime:0.007852s ]
INFO: [ view_parse ] --END-- [ RunTime:0.007893s ]
INFO: [ view_filter ] --START--
INFO: Run Behavior\WriteHtmlCacheBehavior [ RunTime:0.000239s ]
INFO: [ view_filter ] --END-- [ RunTime:0.000271s ]
INFO: [ app_end ] --START--
INFO: Run Behavior\ShowPageTraceBehavior [ RunTime:0.000536s ]
INFO: [ app_end ] --END-- [ RunTime:0.000571s ]

[ 2018-05-24T16:27:44+08:00 ] ::1 /index.php/Teacher/Course
INFO: [ app_init ] --START--
INFO: Run Behavior\BuildLiteBehavior [ RunTime:0.000012s ]
INFO: [ app_init ] --END-- [ RunTime:0.000266s ]
INFO: [ app_begin ] --START--
INFO: Run Behavior\ReadHtmlCacheBehavior [ RunTime:0.000521s ]
INFO: [ app_begin ] --END-- [ RunTime:0.000548s ]
SQL: SHOW COLUMNS FROM `open_course` [ RunTime:0.0004s ]
SQL: SHOW COLUMNS FROM `open_apply` [ RunTime:0.0004s ]
SQL: SELECT open_course.kh,course.km,open_course.sksj,course.xf FROM `open_course` INNER JOIN course on open_course.kh = course.kh  WHERE ( open_course.gh = 0101 and open_course.xq = '2013-2014 秋季' )  [ RunTime:0.0003s ]
SQL: SELECT COUNT(*) AS tp_count FROM `open_apply` WHERE ( applier = 0101 ) LIMIT 1   [ RunTime:0.0002s ]
SQL: SELECT open_apply.kh,course.km,open_apply.sksj,course.xf,open_apply.status,open_apply.id FROM `open_apply` INNER JOIN course on open_apply.kh = course.kh  WHERE ( applier = 0101 ) LIMIT 0,10   [ RunTime:0.0004s ]
INFO: [ view_parse ] --START--
INFO: [ template_filter ] --START--
INFO: Run Behavior\ContentReplaceBehavior [ RunTime:0.000081s ]
INFO: [ template_filter ] --END-- [ RunTime:0.000121s ]
NOTIC: [8] Undefined variable: count /Users/fyc/Documents/CODING/DB/Wechat_Course-master/Application/Runtime/Cache/Teacher/1e9d6b99b6f84fd58738cba914255438.php 第 230 行.
NOTIC: [4096] Object of class Think\Page could not be converted to string /Users/fyc/Documents/CODING/DB/Wechat_Course-master/Application/Runtime/Cache/Teacher/1e9d6b99b6f84fd58738cba914255438.php 第 311 行.
INFO: Run Behavior\ParseTemplateBehavior [ RunTime:0.007011s ]
INFO: [ view_parse ] --END-- [ RunTime:0.007048s ]
INFO: [ view_filter ] --START--
INFO: Run Behavior\WriteHtmlCacheBehavior [ RunTime:0.000204s ]
INFO: [ view_filter ] --END-- [ RunTime:0.000230s ]
INFO: [ app_end ] --START--
INFO: Run Behavior\ShowPageTraceBehavior [ RunTime:0.000700s ]
INFO: [ app_end ] --END-- [ RunTime:0.000749s ]

[ 2018-05-24T16:28:10+08:00 ] ::1 /index.php/Teacher/Search
INFO: [ app_init ] --START--
INFO: Run Behavior\BuildLiteBehavior [ RunTime:0.000011s ]
INFO: [ app_init ] --END-- [ RunTime:0.000252s ]
INFO: [ app_begin ] --START--
INFO: Run Behavior\ReadHtmlCacheBehavior [ RunTime:0.000488s ]
INFO: [ app_begin ] --END-- [ RunTime:0.000544s ]
INFO: [ view_parse ] --START--
INFO: [ template_filter ] --START--
INFO: Run Behavior\ContentReplaceBehavior [ RunTime:0.000053s ]
INFO: [ template_filter ] --END-- [ RunTime:0.000084s ]
NOTIC: [8] Undefined variable: count /Users/fyc/Documents/CODING/DB/Wechat_Course-master/Application/Runtime/Cache/Teacher/6e79f2041144dda4d60b55c6bbf0bbcf.php 第 227 行.
NOTIC: [8] Undefined variable: list /Users/fyc/Documents/CODING/DB/Wechat_Course-master/Application/Runtime/Cache/Teacher/6e79f2041144dda4d60b55c6bbf0bbcf.php 第 254 行.
NOTIC: [8] Undefined variable: page /Users/fyc/Documents/CODING/DB/Wechat_Course-master/Application/Runtime/Cache/Teacher/6e79f2041144dda4d60b55c6bbf0bbcf.php 第 265 行.
INFO: Run Behavior\ParseTemplateBehavior [ RunTime:0.006282s ]
INFO: [ view_parse ] --END-- [ RunTime:0.006308s ]
INFO: [ view_filter ] --START--
INFO: Run Behavior\WriteHtmlCacheBehavior [ RunTime:0.000120s ]
INFO: [ view_filter ] --END-- [ RunTime:0.000137s ]
INFO: [ app_end ] --START--
INFO: Run Behavior\ShowPageTraceBehavior [ RunTime:0.000529s ]
INFO: [ app_end ] --END-- [ RunTime:0.000568s ]

[ 2018-05-24T16:28:14+08:00 ] ::1 /index.php/Teacher/Score
INFO: [ app_init ] --START--
INFO: Run Behavior\BuildLiteBehavior [ RunTime:0.000010s ]
INFO: [ app_init ] --END-- [ RunTime:0.000257s ]
INFO: [ app_begin ] --START--
INFO: Run Behavior\ReadHtmlCacheBehavior [ RunTime:0.000420s ]
INFO: [ app_begin ] --END-- [ RunTime:0.000456s ]
INFO: [ view_parse ] --START--
INFO: [ template_filter ] --START--
INFO: Run Behavior\ContentReplaceBehavior [ RunTime:0.000062s ]
INFO: [ template_filter ] --END-- [ RunTime:0.000098s ]
NOTIC: [8] Undefined variable: count /Users/fyc/Documents/CODING/DB/Wechat_Course-master/Application/Runtime/Cache/Teacher/5b71cb621834775c0b832b40236ec6f8.php 第 153 行.
NOTIC: [8] Undefined variable: xq /Users/fyc/Documents/CODING/DB/Wechat_Course-master/Application/Runtime/Cache/Teacher/5b71cb621834775c0b832b40236ec6f8.php 第 157 行.
NOTIC: [8] Undefined variable: OpenList /Users/fyc/Documents/CODING/DB/Wechat_Course-master/Application/Runtime/Cache/Teacher/5b71cb621834775c0b832b40236ec6f8.php 第 165 行.
NOTIC: [8] Undefined variable: xq /Users/fyc/Documents/CODING/DB/Wechat_Course-master/Application/Runtime/Cache/Teacher/5b71cb621834775c0b832b40236ec6f8.php 第 201 行.
NOTIC: [8] Undefined variable: list /Users/fyc/Documents/CODING/DB/Wechat_Course-master/Application/Runtime/Cache/Teacher/5b71cb621834775c0b832b40236ec6f8.php 第 201 行.
NOTIC: [8] Undefined variable: Result /Users/fyc/Documents/CODING/DB/Wechat_Course-master/Application/Runtime/Cache/Teacher/5b71cb621834775c0b832b40236ec6f8.php 第 219 行.
NOTIC: [8] Undefined variable: Result /Users/fyc/Documents/CODING/DB/Wechat_Course-master/Application/Runtime/Cache/Teacher/5b71cb621834775c0b832b40236ec6f8.php 第 220 行.
NOTIC: [8] Undefined variable: Result /Users/fyc/Documents/CODING/DB/Wechat_Course-master/Application/Runtime/Cache/Teacher/5b71cb621834775c0b832b40236ec6f8.php 第 221 行.
NOTIC: [8] Undefined variable: Result /Users/fyc/Documents/CODING/DB/Wechat_Course-master/Application/Runtime/Cache/Teacher/5b71cb621834775c0b832b40236ec6f8.php 第 222 行.
NOTIC: [8] Undefined variable: Result /Users/fyc/Documents/CODING/DB/Wechat_Course-master/Application/Runtime/Cache/Teacher/5b71cb621834775c0b832b40236ec6f8.php 第 223 行.
NOTIC: [8] Undefined variable: list /Users/fyc/Documents/CODING/DB/Wechat_Course-master/Application/Runtime/Cache/Teacher/5b71cb621834775c0b832b40236ec6f8.php 第 243 行.
NOTIC: [8] Undefined variable: page /Users/fyc/Documents/CODING/DB/Wechat_Course-master/Application/Runtime/Cache/Teacher/5b71cb621834775c0b832b40236ec6f8.php 第 253 行.
INFO: Run Behavior\ParseTemplateBehavior [ RunTime:0.007889s ]
INFO: [ view_parse ] --END-- [ RunTime:0.007919s ]
INFO: [ view_filter ] --START--
INFO: Run Behavior\WriteHtmlCacheBehavior [ RunTime:0.000139s ]
INFO: [ view_filter ] --END-- [ RunTime:0.000158s ]
INFO: [ app_end ] --START--
INFO: Run Behavior\ShowPageTraceBehavior [ RunTime:0.000525s ]
INFO: [ app_end ] --END-- [ RunTime:0.000586s ]

